#
# A fatal error has been detected by the Java Runtime Environment:
#
#  SIGSEGV (0xb) at pc=0x00007fff204b29bf, pid=1674, tid=9731
#
# JRE version: OpenJDK Runtime Environment (16.0.2+7) (build 16.0.2+7-67)
# Java VM: OpenJDK 64-Bit Server VM (16.0.2+7-67, mixed mode, sharing, tiered, compressed oops, compressed class ptrs, g1 gc, bsd-amd64)
# Problematic frame:
# C  [libobjc.A.dylib+0x79bf]  objc_release+0x1f
#
# No core dump will be written. Core dumps have been disabled. To enable core dumping, try "ulimit -c unlimited" before starting Java again
#
# If you would like to submit a bug report, please visit:
#   https://bugreport.java.com/bugreport/crash.jsp
# The crash happened outside the Java Virtual Machine in native code.
# See problematic frame for where to report the bug.
#

---------------  S U M M A R Y ------------

Command Line: -Djava.library.path=lib -javaagent:/Applications/IntelliJ IDEA CE.app/Contents/lib/idea_rt.jar=51075:/Applications/IntelliJ IDEA CE.app/Contents/bin -Dfile.encoding=UTF-8 fr.rphstudio.codingdojo.launcher.MainLauncher -window

Host: MacBookPro14,1 x86_64 2300 MHz, 4 cores, 8G, Darwin 20.3.0, macOS 10.16 (20D91)
Time: Sun Sep 19 19:16:47 2021 CEST elapsed time: 0.673085 seconds (0d 0h 0m 0s)

---------------  T H R E A D  ---------------

Current thread (0x00007fbcd580b800):  JavaThread "main" [_thread_in_native, id=9731, stack(0x000070000c660000,0x000070000c760000)]

Stack: [0x000070000c660000,0x000070000c760000],  sp=0x000070000c75f348,  free space=1020k
Native frames: (J=compiled Java code, A=aot compiled Java code, j=interpreted, Vv=VM code, C=native code)
C  [libobjc.A.dylib+0x79bf]  objc_release+0x1f
C  [libobjc.A.dylib+0x833e]  objc_autoreleasePoolPop+0xa1
C  [CoreFoundation+0x421f0]  _CFAutoreleasePoolPop+0x16
C  [Foundation+0x1edfd]  -[NSAutoreleasePool release]+0x81
j  org.lwjgl.opengl.MacOSXContextImplementation.setView(Ljava/nio/ByteBuffer;Ljava/nio/ByteBuffer;)V+0
j  org.lwjgl.opengl.MacOSXContextImplementation.makeCurrent(Lorg/lwjgl/opengl/PeerInfo;Ljava/nio/ByteBuffer;)V+7
j  org.lwjgl.opengl.ContextGL.makeCurrent()V+46
j  org.lwjgl.opengl.DrawableGL.makeCurrent()V+14
j  org.lwjgl.opengl.Display.makeCurrent()V+3
j  org.lwjgl.opengl.Display.makeCurrentAndSetSwapInterval()V+0
j  org.lwjgl.opengl.Display.create(Lorg/lwjgl/opengl/PixelFormat;Lorg/lwjgl/opengl/Drawable;Lorg/lwjgl/opengl/ContextAttribs;)V+108
j  org.lwjgl.opengl.Display.create(Lorg/lwjgl/opengl/PixelFormat;)V+12
j  org.newdawn.slick.AppGameContainer.tryCreateDisplay(Lorg/lwjgl/opengl/PixelFormat;)V+7
j  org.newdawn.slick.AppGameContainer.access$000(Lorg/newdawn/slick/AppGameContainer;Lorg/lwjgl/opengl/PixelFormat;)V+2
j  org.newdawn.slick.AppGameContainer$2.run()Ljava/lang/Object;+36
j  java.security.AccessController.executePrivileged(Ljava/security/PrivilegedAction;Ljava/security/AccessControlContext;Ljava/lang/Class;)Ljava/lang/Object;+29 java.base@16.0.2
j  java.security.AccessController.doPrivileged(Ljava/security/PrivilegedAction;)Ljava/lang/Object;+5 java.base@16.0.2
j  org.newdawn.slick.AppGameContainer.setup()V+112
j  org.newdawn.slick.AppGameContainer.start()V+1
j  fr.rphstudio.codingdojo.launcher.MainLauncher.main([Ljava/lang/String;)V+133
v  ~StubRoutines::call_stub
V  [libjvm.dylib+0x508a22]  JavaCalls::call_helper(JavaValue*, methodHandle const&, JavaCallArguments*, Thread*)+0x2d2
V  [libjvm.dylib+0x56e288]  jni_invoke_static(JNIEnv_*, JavaValue*, _jobject*, JNICallType, _jmethodID*, JNI_ArgumentPusher*, Thread*)+0x148
V  [libjvm.dylib+0x571a2d]  jni_CallStaticVoidMethod+0x19d
C  [libjli.dylib+0x4e9f]  JavaMain+0xbff
C  [libjli.dylib+0x7519]  ThreadJavaMain+0x9
C  [libsystem_pthread.dylib+0x6950]  _pthread_start+0xe0
C  [libsystem_pthread.dylib+0x247b]  thread_start+0xf

Java frames: (J=compiled Java code, j=interpreted, Vv=VM code)
j  org.lwjgl.opengl.MacOSXContextImplementation.setView(Ljava/nio/ByteBuffer;Ljava/nio/ByteBuffer;)V+0
j  org.lwjgl.opengl.MacOSXContextImplementation.makeCurrent(Lorg/lwjgl/opengl/PeerInfo;Ljava/nio/ByteBuffer;)V+7
j  org.lwjgl.opengl.ContextGL.makeCurrent()V+46
j  org.lwjgl.opengl.DrawableGL.makeCurrent()V+14
j  org.lwjgl.opengl.Display.makeCurrent()V+3
j  org.lwjgl.opengl.Display.makeCurrentAndSetSwapInterval()V+0
j  org.lwjgl.opengl.Display.create(Lorg/lwjgl/opengl/PixelFormat;Lorg/lwjgl/opengl/Drawable;Lorg/lwjgl/opengl/ContextAttribs;)V+108
j  org.lwjgl.opengl.Display.create(Lorg/lwjgl/opengl/PixelFormat;)V+12
j  org.newdawn.slick.AppGameContainer.tryCreateDisplay(Lorg/lwjgl/opengl/PixelFormat;)V+7
j  org.newdawn.slick.AppGameContainer.access$000(Lorg/newdawn/slick/AppGameContainer;Lorg/lwjgl/opengl/PixelFormat;)V+2
j  org.newdawn.slick.AppGameContainer$2.run()Ljava/lang/Object;+36
j  java.security.AccessController.executePrivileged(Ljava/security/PrivilegedAction;Ljava/security/AccessControlContext;Ljava/lang/Class;)Ljava/lang/Object;+29 java.base@16.0.2
j  java.security.AccessController.doPrivileged(Ljava/security/PrivilegedAction;)Ljava/lang/Object;+5 java.base@16.0.2
j  org.newdawn.slick.AppGameContainer.setup()V+112
j  org.newdawn.slick.AppGameContainer.start()V+1
j  fr.rphstudio.codingdojo.launcher.MainLauncher.main([Ljava/lang/String;)V+133
v  ~StubRoutines::call_stub

siginfo: si_signo: 11 (SIGSEGV), si_code: 1 (SEGV_MAPERR), si_addr: 0x0000000000000020

Register to memory mapping:

RAX=0x0 is NULL
RBX=0x0000000000000001 is an unknown value
RCX=0x0 is NULL
RDX=0x0000000000000005 is an unknown value
RSP=0x000070000c75f348 is pointing into the stack for thread: 0x00007fbcd580b800
RBP=0x000070000c75f380 is pointing into the stack for thread: 0x00007fbcd580b800
RSI=0x00007fbcd56b9fc0 points into unknown readable memory: 0x013d8001310dfb9f | 9f fb 0d 31 01 80 3d 01
RDI=0x00007fbcd549fe40 points into unknown readable memory: 0x00007fff88c52f90 | 90 2f c5 88 ff 7f 00 00
R8 =0x00000000000130a8 is an unknown value
R9 =0x00007fbcd714b2c8 points into unknown readable memory: 0x0000000000000000 | 00 00 00 00 00 00 00 00
R10=0x00000001310dfb98: OBJC_CLASS_$_MacOSXOpenGLView+0 in /Users/LecouturierLucie/Desktop/codingdojo_studentplugin-master/resources/lib/liblwjgl.jnilib at 0x00000001310a4000
R11=0x00007fff22ef7617: -[NSResponder release]+0 in /System/Library/Frameworks/AppKit.framework/Versions/C/AppKit at 0x00007fff22eec000
R12=0x00007fbcd549fe40 points into unknown readable memory: 0x00007fff88c52f90 | 90 2f c5 88 ff 7f 00 00
R13=0xa3a3a3a3a3a3a3a3 is an unknown value
R14=0x00007fbcd70150a8 points into unknown readable memory: 0x0000000000000000 | 00 00 00 00 00 00 00 00
R15=0x00007fbcd7015000 points into unknown readable memory: 0x4f545541a1a1a1a1 | a1 a1 a1 a1 41 55 54 4f


Registers:
RAX=0x0000000000000000, RBX=0x0000000000000001, RCX=0x0000000000000000, RDX=0x0000000000000005
RSP=0x000070000c75f348, RBP=0x000070000c75f380, RSI=0x00007fbcd56b9fc0, RDI=0x00007fbcd549fe40
R8 =0x00000000000130a8, R9 =0x00007fbcd714b2c8, R10=0x00000001310dfb98, R11=0x00007fff22ef7617
R12=0x00007fbcd549fe40, R13=0xa3a3a3a3a3a3a3a3, R14=0x00007fbcd70150a8, R15=0x00007fbcd7015000
RIP=0x00007fff204b29bf, EFLAGS=0x0000000000010246, ERR=0x0000000000000004
  TRAPNO=0x000000000000000e

Top of Stack: (sp=0x000070000c75f348)
0x000070000c75f348:   00007fff204d039d 0000000000000000
0x000070000c75f358:   00007fbcd7015000 0000000000000000
0x000070000c75f368:   0000000115486a08 00007fff7c58de8f
0x000070000c75f378:   00007fbcd580b800 000070000c75f3a0
0x000070000c75f388:   00007fff204b333e 0000000000000000
0x000070000c75f398:   00007fbcd70150a8 000070000c75f3c0
0x000070000c75f3a8:   00007fff206cd1f0 0000000000000000
0x000070000c75f3b8:   00007fbcd5725fb0 000070000c75f400
0x000070000c75f3c8:   00007fff21456dfd 000070000c75f400
0x000070000c75f3d8:   00000001310b9804 0000000115486a10
0x000070000c75f3e8:   9758d19119fb0041 0000000115486a10
0x000070000c75f3f8:   000070000c75f490 000070000c75f468
0x000070000c75f408:   0000000116da6c7b 0000000787a29b90
0x000070000c75f418:   0000000116da6996 000070000c75f420
0x000070000c75f428:   0000000115486a08 000070000c75f490
0x000070000c75f438:   0000000115486f78 0000000000000000
0x000070000c75f448:   0000000787a9a7f0 0000000115486a10
0x000070000c75f458:   0000000000000000 000070000c75f488
0x000070000c75f468:   000070000c75f4e0 0000000116da2449
0x000070000c75f478:   0000000787a9a7f0 0000000116da4398
0x000070000c75f488:   0000000787aa41a0 0000000787a29b90
0x000070000c75f498:   000070000c75f498 000000011548690f
0x000070000c75f4a8:   000070000c75f510 0000000115486f78
0x000070000c75f4b8:   0000000000000000 0000000787a9a7f0
0x000070000c75f4c8:   0000000115486980 000070000c75f488
0x000070000c75f4d8:   000070000c75f500 000070000c75f570
0x000070000c75f4e8:   0000000116da28c1 0000000000000000
0x000070000c75f4f8:   0000000787a29b90 0000000787aa41a0
0x000070000c75f508:   0000000787a29ad0 0000000787a9a918
0x000070000c75f518:   0000000000000001 0000000787a9a928
0x000070000c75f528:   000070000c75f518 000000011548424e
0x000070000c75f538:   000070000c75f580 0000000115485100 

Instructions: (pc=0x00007fff204b29bf)
0x00007fff204b28bf:   f6 01 00 4c 89 f7 e8 26 f6 01 00 48 c7 05 c3 b9
0x00007fff204b28cf:   7b 68 00 00 00 00 4d 85 e4 74 23 49 8b 3c 24 49
0x00007fff204b28df:   8b 5c 24 08 48 85 ff 74 05 e8 0c fc ff ff 4c 89
0x00007fff204b28ef:   e7 e8 fb f5 01 00 49 89 dc 48 85 db 75 dd 48 8b
0x00007fff204b28ff:   05 34 dd e6 5f 48 8b 00 48 3b 45 d8 75 32 48 83
0x00007fff204b290f:   c4 30 5b 41 5c 41 5e 41 5f 5d c3 31 c0 eb 02 b0
0x00007fff204b291f:   01 80 3d 87 ba 7b 68 00 0f 84 4a fd ff ff 0f b6
0x00007fff204b292f:   d0 4c 89 ff 31 f6 e8 a9 ea 01 00 e9 38 fd ff ff
0x00007fff204b293f:   e8 e0 f4 01 00 48 8d 3d 52 93 02 00 89 c6 31 c0
0x00007fff204b294f:   e8 1d e1 01 00 4c 89 ff e8 2c e5 01 00 48 89 c3
0x00007fff204b295f:   65 8b 04 25 18 00 00 00 31 c9 f0 0f b1 0d 6b b9
0x00007fff204b296f:   7b 68 74 0c 48 8d 3d 62 b9 7b 68 e8 25 f6 01 00
0x00007fff204b297f:   48 89 df e8 55 f4 01 00 0f 0b 90 90 90 90 90 e9
0x00007fff204b298f:   6b 41 00 00 90 90 90 90 90 90 90 90 90 90 90 90
0x00007fff204b299f:   90 48 85 ff 74 76 89 f8 83 e0 01 48 85 c0 75 6c
0x00007fff204b29af:   48 8b 07 48 b9 f8 ff ff ff ff 7f 00 00 48 21 c1
0x00007fff204b29bf:   48 8b 51 20 f6 c2 04 74 54 a8 01 74 6f 48 b9 00
0x00007fff204b29cf:   00 00 00 00 00 80 00 48 ba 00 00 00 00 00 00 00
0x00007fff204b29df:   01 48 39 c8 72 36 48 89 c6 48 29 d6 72 17 f0 48
0x00007fff204b29ef:   0f b1 37 74 22 a8 01 75 e8 31 f6 ba 01 00 00 00
0x00007fff204b29ff:   e9 12 ce 01 00 48 85 c8 75 3a 48 8b 35 a0 a7 7b
0x00007fff204b2a0f:   68 ff 25 5a dc e6 5f 48 39 ce 72 ee c3 f6 c2 02
0x00007fff204b2a1f:   74 0d 66 83 79 1c 00 79 06 f6 41 28 02 75 1f 48
0x00007fff204b2a2f:   8b 35 a3 a6 7b 68 ff 25 35 dc e6 5f f6 41 1c 01
0x00007fff204b2a3f:   74 b7 eb d8 be 01 00 00 00 e9 a5 5c 00 00 48 8b
0x00007fff204b2a4f:   05 24 3d 77 68 ff e0 90 90 90 90 90 90 90 90 90
0x00007fff204b2a5f:   90 90 90 90 90 90 e9 04 00 00 00 90 90 90 90 55
0x00007fff204b2a6f:   48 89 e5 53 50 48 89 fb f6 c3 01 75 21 48 b8 07
0x00007fff204b2a7f:   00 00 00 00 00 a0 00 48 23 03 48 83 f8 01 75 15
0x00007fff204b2a8f:   48 89 df 48 83 c4 08 5b 5d e9 53 f4 01 00 48 83
0x00007fff204b2a9f:   c4 08 5b 5d c3 48 89 df e8 39 00 00 00 eb e1 90
0x00007fff204b2aaf:   90 90 90 90 90 90 90 90 90 48 85 ff 74 1c 55 48 


Stack slot to memory mapping:
stack at sp + 0 slots: 0x00007fff204d039d: _ZN19AutoreleasePoolPage12releaseUntilEPP11objc_object+0xa7 in /usr/lib/libobjc.A.dylib at 0x00007fff204ab000
stack at sp + 1 slots: 0x0 is NULL
stack at sp + 2 slots: 0x00007fbcd7015000 points into unknown readable memory: 0x4f545541a1a1a1a1 | a1 a1 a1 a1 41 55 54 4f
stack at sp + 3 slots: 0x0 is NULL
stack at sp + 4 slots: 0x0000000115486a08 is pointing into metadata
stack at sp + 5 slots: 0x00007fff7c58de8f: GCC_except_table772+0x5c0ae5cb in /usr/lib/libobjc.A.dylib at 0x00007fff204ab000
stack at sp + 6 slots: 0x00007fbcd580b800 is a thread
stack at sp + 7 slots: 0x000070000c75f3a0 is pointing into the stack for thread: 0x00007fbcd580b800


---------------  P R O C E S S  ---------------

Threads class SMR info:
_java_thread_list=0x00007fbcd57856a0, length=17, elements={
0x00007fbcd580b800, 0x00007fbcd58a3800, 0x00007fbcd58a6000, 0x00007fbcd58a7000,
0x00007fbcd58a9800, 0x00007fbcd680b800, 0x00007fbcd680be00, 0x00007fbcd680c400,
0x00007fbcd680ca00, 0x00007fbcd6012e00, 0x00007fbcd680d000, 0x00007fbcd680d600,
0x00007fbcd6810800, 0x00007fbcd58aa800, 0x00007fbcd70b7200, 0x00007fbcd70c4c00,
0x00007fbcd70c5200
}

Java Threads: ( => current thread )
=>0x00007fbcd580b800 JavaThread "main" [_thread_in_native, id=9731, stack(0x000070000c660000,0x000070000c760000)]
  0x00007fbcd58a3800 JavaThread "Reference Handler" daemon [_thread_blocked, id=18947, stack(0x000070000cd75000,0x000070000ce75000)]
  0x00007fbcd58a6000 JavaThread "Finalizer" daemon [_thread_blocked, id=18435, stack(0x000070000ce78000,0x000070000cf78000)]
  0x00007fbcd58a7000 JavaThread "Signal Dispatcher" daemon [_thread_blocked, id=42499, stack(0x000070000d081000,0x000070000d181000)]
  0x00007fbcd58a9800 JavaThread "Service Thread" daemon [_thread_blocked, id=41987, stack(0x000070000d184000,0x000070000d284000)]
  0x00007fbcd680b800 JavaThread "Monitor Deflation Thread" daemon [_thread_blocked, id=22531, stack(0x000070000d287000,0x000070000d387000)]
  0x00007fbcd680be00 JavaThread "C2 CompilerThread0" daemon [_thread_blocked, id=22787, stack(0x000070000d38a000,0x000070000d48a000)]
  0x00007fbcd680c400 JavaThread "C1 CompilerThread0" daemon [_thread_blocked, id=41219, stack(0x000070000d48d000,0x000070000d58d000)]
  0x00007fbcd680ca00 JavaThread "Sweeper thread" daemon [_thread_blocked, id=23299, stack(0x000070000d590000,0x000070000d690000)]
  0x00007fbcd6012e00 JavaThread "Common-Cleaner" daemon [_thread_blocked, id=23555, stack(0x000070000d693000,0x000070000d793000)]
  0x00007fbcd680d000 JavaThread "Monitor Ctrl-Break" daemon [_thread_in_native, id=40707, stack(0x000070000d796000,0x000070000d896000)]
  0x00007fbcd680d600 JavaThread "Notification Thread" daemon [_thread_blocked, id=40195, stack(0x000070000d899000,0x000070000d999000)]
  0x00007fbcd6810800 JavaThread "AppKit Thread" daemon [_thread_in_native, id=775, stack(0x00007ffee5c9c000,0x00007ffee649c000)]
  0x00007fbcd58aa800 JavaThread "AWT-Shutdown" [_thread_blocked, id=30747, stack(0x000070000db22000,0x000070000dc22000)]
  0x00007fbcd70b7200 JavaThread "C2 CompilerThread1" daemon [_thread_blocked, id=82443, stack(0x000070000dd2b000,0x000070000de2b000)]
  0x00007fbcd70c4c00 JavaThread "Java2D Disposer" daemon [_thread_blocked, id=78091, stack(0x000070000de2e000,0x000070000df2e000)]
  0x00007fbcd70c5200 JavaThread "Java2D Queue Flusher" daemon [_thread_blocked, id=77571, stack(0x000070000df31000,0x000070000e031000)]

Other Threads:
  0x00007fbcd5709460 VMThread "VM Thread" [stack: 0x000070000cc72000,0x000070000cd72000] [id=16131]
  0x00007fbcd5634590 WatcherThread [stack: 0x000070000d99c000,0x000070000da9c000] [id=39939]
  0x00007fbcd5425ae0 GCTaskThread "GC Thread#0" [stack: 0x000070000c763000,0x000070000c863000] [id=12547]
  0x00007fbcd5426a10 ConcurrentGCThread "G1 Main Marker" [stack: 0x000070000c866000,0x000070000c966000] [id=13059]
  0x00007fbcd54278e0 ConcurrentGCThread "G1 Conc#0" [stack: 0x000070000c969000,0x000070000ca69000] [id=14083]
  0x00007fbcd54430e0 ConcurrentGCThread "G1 Refine#0" [stack: 0x000070000ca6c000,0x000070000cb6c000] [id=19715]
  0x00007fbcd5443f70 ConcurrentGCThread "G1 Service" [stack: 0x000070000cb6f000,0x000070000cc6f000] [id=19459]

Threads with active compile tasks:

VM state: not at safepoint (normal execution)

VM Mutex/Monitor currently owned by a thread: None

Heap address: 0x0000000780000000, size: 2048 MB, Compressed Oops mode: Zero based, Oop shift amount: 3

CDS archive(s) mapped at: [0x0000000800000000-0x0000000800bb9000-0x0000000800bb9000), size 12292096, SharedBaseAddress: 0x0000000800000000, ArchiveRelocationMode: 0.
Compressed class space mapped at: 0x0000000800c00000-0x0000000840c00000, reserved size: 1073741824
Narrow klass base: 0x0000000800000000, Narrow klass shift: 3, Narrow klass range: 0x100000000

GC Precious Log:
 CPUs: 4 total, 4 available
 Memory: 8192M
 Large Page Support: Disabled
 NUMA Support: Disabled
 Compressed Oops: Enabled (Zero based)
 Heap Region Size: 1M
 Heap Min Capacity: 8M
 Heap Initial Capacity: 128M
 Heap Max Capacity: 2G
 Pre-touch: Disabled
 Parallel Workers: 4
 Concurrent Workers: 1
 Concurrent Refinement Workers: 4
 Periodic GC: Disabled

Heap:
 garbage-first heap   total 133120K, used 6088K [0x0000000780000000, 0x0000000800000000)
  region size 1024K, 6 young (6144K), 0 survivors (0K)
 Metaspace       used 5545K, committed 5696K, reserved 1056768K
  class space    used 539K, committed 640K, reserved 1048576K

Heap Regions: E=young(eden), S=young(survivor), O=old, HS=humongous(starts), HC=humongous(continues), CS=collection set, F=free, OA=open archive, CA=closed archive, TAMS=top-at-mark-start (previous, next)
|   0|0x0000000780000000, 0x0000000780000000, 0x0000000780100000|  0%| F|  |TAMS 0x0000000780000000, 0x0000000780000000| Untracked 
|   1|0x0000000780100000, 0x0000000780100000, 0x0000000780200000|  0%| F|  |TAMS 0x0000000780100000, 0x0000000780100000| Untracked 
|   2|0x0000000780200000, 0x0000000780200000, 0x0000000780300000|  0%| F|  |TAMS 0x0000000780200000, 0x0000000780200000| Untracked 
|   3|0x0000000780300000, 0x0000000780300000, 0x0000000780400000|  0%| F|  |TAMS 0x0000000780300000, 0x0000000780300000| Untracked 
|   4|0x0000000780400000, 0x0000000780400000, 0x0000000780500000|  0%| F|  |TAMS 0x0000000780400000, 0x0000000780400000| Untracked 
|   5|0x0000000780500000, 0x0000000780500000, 0x0000000780600000|  0%| F|  |TAMS 0x0000000780500000, 0x0000000780500000| Untracked 
|   6|0x0000000780600000, 0x0000000780600000, 0x0000000780700000|  0%| F|  |TAMS 0x0000000780600000, 0x0000000780600000| Untracked 
|   7|0x0000000780700000, 0x0000000780700000, 0x0000000780800000|  0%| F|  |TAMS 0x0000000780700000, 0x0000000780700000| Untracked 
|   8|0x0000000780800000, 0x0000000780800000, 0x0000000780900000|  0%| F|  |TAMS 0x0000000780800000, 0x0000000780800000| Untracked 
|   9|0x0000000780900000, 0x0000000780900000, 0x0000000780a00000|  0%| F|  |TAMS 0x0000000780900000, 0x0000000780900000| Untracked 
|  10|0x0000000780a00000, 0x0000000780a00000, 0x0000000780b00000|  0%| F|  |TAMS 0x0000000780a00000, 0x0000000780a00000| Untracked 
|  11|0x0000000780b00000, 0x0000000780b00000, 0x0000000780c00000|  0%| F|  |TAMS 0x0000000780b00000, 0x0000000780b00000| Untracked 
|  12|0x0000000780c00000, 0x0000000780c00000, 0x0000000780d00000|  0%| F|  |TAMS 0x0000000780c00000, 0x0000000780c00000| Untracked 
|  13|0x0000000780d00000, 0x0000000780d00000, 0x0000000780e00000|  0%| F|  |TAMS 0x0000000780d00000, 0x0000000780d00000| Untracked 
|  14|0x0000000780e00000, 0x0000000780e00000, 0x0000000780f00000|  0%| F|  |TAMS 0x0000000780e00000, 0x0000000780e00000| Untracked 
|  15|0x0000000780f00000, 0x0000000780f00000, 0x0000000781000000|  0%| F|  |TAMS 0x0000000780f00000, 0x0000000780f00000| Untracked 
|  16|0x0000000781000000, 0x0000000781000000, 0x0000000781100000|  0%| F|  |TAMS 0x0000000781000000, 0x0000000781000000| Untracked 
|  17|0x0000000781100000, 0x0000000781100000, 0x0000000781200000|  0%| F|  |TAMS 0x0000000781100000, 0x0000000781100000| Untracked 
|  18|0x0000000781200000, 0x0000000781200000, 0x0000000781300000|  0%| F|  |TAMS 0x0000000781200000, 0x0000000781200000| Untracked 
|  19|0x0000000781300000, 0x0000000781300000, 0x0000000781400000|  0%| F|  |TAMS 0x0000000781300000, 0x0000000781300000| Untracked 
|  20|0x0000000781400000, 0x0000000781400000, 0x0000000781500000|  0%| F|  |TAMS 0x0000000781400000, 0x0000000781400000| Untracked 
|  21|0x0000000781500000, 0x0000000781500000, 0x0000000781600000|  0%| F|  |TAMS 0x0000000781500000, 0x0000000781500000| Untracked 
|  22|0x0000000781600000, 0x0000000781600000, 0x0000000781700000|  0%| F|  |TAMS 0x0000000781600000, 0x0000000781600000| Untracked 
|  23|0x0000000781700000, 0x0000000781700000, 0x0000000781800000|  0%| F|  |TAMS 0x0000000781700000, 0x0000000781700000| Untracked 
|  24|0x0000000781800000, 0x0000000781800000, 0x0000000781900000|  0%| F|  |TAMS 0x0000000781800000, 0x0000000781800000| Untracked 
|  25|0x0000000781900000, 0x0000000781900000, 0x0000000781a00000|  0%| F|  |TAMS 0x0000000781900000, 0x0000000781900000| Untracked 
|  26|0x0000000781a00000, 0x0000000781a00000, 0x0000000781b00000|  0%| F|  |TAMS 0x0000000781a00000, 0x0000000781a00000| Untracked 
|  27|0x0000000781b00000, 0x0000000781b00000, 0x0000000781c00000|  0%| F|  |TAMS 0x0000000781b00000, 0x0000000781b00000| Untracked 
|  28|0x0000000781c00000, 0x0000000781c00000, 0x0000000781d00000|  0%| F|  |TAMS 0x0000000781c00000, 0x0000000781c00000| Untracked 
|  29|0x0000000781d00000, 0x0000000781d00000, 0x0000000781e00000|  0%| F|  |TAMS 0x0000000781d00000, 0x0000000781d00000| Untracked 
|  30|0x0000000781e00000, 0x0000000781e00000, 0x0000000781f00000|  0%| F|  |TAMS 0x0000000781e00000, 0x0000000781e00000| Untracked 
|  31|0x0000000781f00000, 0x0000000781f00000, 0x0000000782000000|  0%| F|  |TAMS 0x0000000781f00000, 0x0000000781f00000| Untracked 
|  32|0x0000000782000000, 0x0000000782000000, 0x0000000782100000|  0%| F|  |TAMS 0x0000000782000000, 0x0000000782000000| Untracked 
|  33|0x0000000782100000, 0x0000000782100000, 0x0000000782200000|  0%| F|  |TAMS 0x0000000782100000, 0x0000000782100000| Untracked 
|  34|0x0000000782200000, 0x0000000782200000, 0x0000000782300000|  0%| F|  |TAMS 0x0000000782200000, 0x0000000782200000| Untracked 
|  35|0x0000000782300000, 0x0000000782300000, 0x0000000782400000|  0%| F|  |TAMS 0x0000000782300000, 0x0000000782300000| Untracked 
|  36|0x0000000782400000, 0x0000000782400000, 0x0000000782500000|  0%| F|  |TAMS 0x0000000782400000, 0x0000000782400000| Untracked 
|  37|0x0000000782500000, 0x0000000782500000, 0x0000000782600000|  0%| F|  |TAMS 0x0000000782500000, 0x0000000782500000| Untracked 
|  38|0x0000000782600000, 0x0000000782600000, 0x0000000782700000|  0%| F|  |TAMS 0x0000000782600000, 0x0000000782600000| Untracked 
|  39|0x0000000782700000, 0x0000000782700000, 0x0000000782800000|  0%| F|  |TAMS 0x0000000782700000, 0x0000000782700000| Untracked 
|  40|0x0000000782800000, 0x0000000782800000, 0x0000000782900000|  0%| F|  |TAMS 0x0000000782800000, 0x0000000782800000| Untracked 
|  41|0x0000000782900000, 0x0000000782900000, 0x0000000782a00000|  0%| F|  |TAMS 0x0000000782900000, 0x0000000782900000| Untracked 
|  42|0x0000000782a00000, 0x0000000782a00000, 0x0000000782b00000|  0%| F|  |TAMS 0x0000000782a00000, 0x0000000782a00000| Untracked 
|  43|0x0000000782b00000, 0x0000000782b00000, 0x0000000782c00000|  0%| F|  |TAMS 0x0000000782b00000, 0x0000000782b00000| Untracked 
|  44|0x0000000782c00000, 0x0000000782c00000, 0x0000000782d00000|  0%| F|  |TAMS 0x0000000782c00000, 0x0000000782c00000| Untracked 
|  45|0x0000000782d00000, 0x0000000782d00000, 0x0000000782e00000|  0%| F|  |TAMS 0x0000000782d00000, 0x0000000782d00000| Untracked 
|  46|0x0000000782e00000, 0x0000000782e00000, 0x0000000782f00000|  0%| F|  |TAMS 0x0000000782e00000, 0x0000000782e00000| Untracked 
|  47|0x0000000782f00000, 0x0000000782f00000, 0x0000000783000000|  0%| F|  |TAMS 0x0000000782f00000, 0x0000000782f00000| Untracked 
|  48|0x0000000783000000, 0x0000000783000000, 0x0000000783100000|  0%| F|  |TAMS 0x0000000783000000, 0x0000000783000000| Untracked 
|  49|0x0000000783100000, 0x0000000783100000, 0x0000000783200000|  0%| F|  |TAMS 0x0000000783100000, 0x0000000783100000| Untracked 
|  50|0x0000000783200000, 0x0000000783200000, 0x0000000783300000|  0%| F|  |TAMS 0x0000000783200000, 0x0000000783200000| Untracked 
|  51|0x0000000783300000, 0x0000000783300000, 0x0000000783400000|  0%| F|  |TAMS 0x0000000783300000, 0x0000000783300000| Untracked 
|  52|0x0000000783400000, 0x0000000783400000, 0x0000000783500000|  0%| F|  |TAMS 0x0000000783400000, 0x0000000783400000| Untracked 
|  53|0x0000000783500000, 0x0000000783500000, 0x0000000783600000|  0%| F|  |TAMS 0x0000000783500000, 0x0000000783500000| Untracked 
|  54|0x0000000783600000, 0x0000000783600000, 0x0000000783700000|  0%| F|  |TAMS 0x0000000783600000, 0x0000000783600000| Untracked 
|  55|0x0000000783700000, 0x0000000783700000, 0x0000000783800000|  0%| F|  |TAMS 0x0000000783700000, 0x0000000783700000| Untracked 
|  56|0x0000000783800000, 0x0000000783800000, 0x0000000783900000|  0%| F|  |TAMS 0x0000000783800000, 0x0000000783800000| Untracked 
|  57|0x0000000783900000, 0x0000000783900000, 0x0000000783a00000|  0%| F|  |TAMS 0x0000000783900000, 0x0000000783900000| Untracked 
|  58|0x0000000783a00000, 0x0000000783a00000, 0x0000000783b00000|  0%| F|  |TAMS 0x0000000783a00000, 0x0000000783a00000| Untracked 
|  59|0x0000000783b00000, 0x0000000783b00000, 0x0000000783c00000|  0%| F|  |TAMS 0x0000000783b00000, 0x0000000783b00000| Untracked 
|  60|0x0000000783c00000, 0x0000000783c00000, 0x0000000783d00000|  0%| F|  |TAMS 0x0000000783c00000, 0x0000000783c00000| Untracked 
|  61|0x0000000783d00000, 0x0000000783d00000, 0x0000000783e00000|  0%| F|  |TAMS 0x0000000783d00000, 0x0000000783d00000| Untracked 
|  62|0x0000000783e00000, 0x0000000783e00000, 0x0000000783f00000|  0%| F|  |TAMS 0x0000000783e00000, 0x0000000783e00000| Untracked 
|  63|0x0000000783f00000, 0x0000000783f00000, 0x0000000784000000|  0%| F|  |TAMS 0x0000000783f00000, 0x0000000783f00000| Untracked 
|  64|0x0000000784000000, 0x0000000784000000, 0x0000000784100000|  0%| F|  |TAMS 0x0000000784000000, 0x0000000784000000| Untracked 
|  65|0x0000000784100000, 0x0000000784100000, 0x0000000784200000|  0%| F|  |TAMS 0x0000000784100000, 0x0000000784100000| Untracked 
|  66|0x0000000784200000, 0x0000000784200000, 0x0000000784300000|  0%| F|  |TAMS 0x0000000784200000, 0x0000000784200000| Untracked 
|  67|0x0000000784300000, 0x0000000784300000, 0x0000000784400000|  0%| F|  |TAMS 0x0000000784300000, 0x0000000784300000| Untracked 
|  68|0x0000000784400000, 0x0000000784400000, 0x0000000784500000|  0%| F|  |TAMS 0x0000000784400000, 0x0000000784400000| Untracked 
|  69|0x0000000784500000, 0x0000000784500000, 0x0000000784600000|  0%| F|  |TAMS 0x0000000784500000, 0x0000000784500000| Untracked 
|  70|0x0000000784600000, 0x0000000784600000, 0x0000000784700000|  0%| F|  |TAMS 0x0000000784600000, 0x0000000784600000| Untracked 
|  71|0x0000000784700000, 0x0000000784700000, 0x0000000784800000|  0%| F|  |TAMS 0x0000000784700000, 0x0000000784700000| Untracked 
|  72|0x0000000784800000, 0x0000000784800000, 0x0000000784900000|  0%| F|  |TAMS 0x0000000784800000, 0x0000000784800000| Untracked 
|  73|0x0000000784900000, 0x0000000784900000, 0x0000000784a00000|  0%| F|  |TAMS 0x0000000784900000, 0x0000000784900000| Untracked 
|  74|0x0000000784a00000, 0x0000000784a00000, 0x0000000784b00000|  0%| F|  |TAMS 0x0000000784a00000, 0x0000000784a00000| Untracked 
|  75|0x0000000784b00000, 0x0000000784b00000, 0x0000000784c00000|  0%| F|  |TAMS 0x0000000784b00000, 0x0000000784b00000| Untracked 
|  76|0x0000000784c00000, 0x0000000784c00000, 0x0000000784d00000|  0%| F|  |TAMS 0x0000000784c00000, 0x0000000784c00000| Untracked 
|  77|0x0000000784d00000, 0x0000000784d00000, 0x0000000784e00000|  0%| F|  |TAMS 0x0000000784d00000, 0x0000000784d00000| Untracked 
|  78|0x0000000784e00000, 0x0000000784e00000, 0x0000000784f00000|  0%| F|  |TAMS 0x0000000784e00000, 0x0000000784e00000| Untracked 
|  79|0x0000000784f00000, 0x0000000784f00000, 0x0000000785000000|  0%| F|  |TAMS 0x0000000784f00000, 0x0000000784f00000| Untracked 
|  80|0x0000000785000000, 0x0000000785000000, 0x0000000785100000|  0%| F|  |TAMS 0x0000000785000000, 0x0000000785000000| Untracked 
|  81|0x0000000785100000, 0x0000000785100000, 0x0000000785200000|  0%| F|  |TAMS 0x0000000785100000, 0x0000000785100000| Untracked 
|  82|0x0000000785200000, 0x0000000785200000, 0x0000000785300000|  0%| F|  |TAMS 0x0000000785200000, 0x0000000785200000| Untracked 
|  83|0x0000000785300000, 0x0000000785300000, 0x0000000785400000|  0%| F|  |TAMS 0x0000000785300000, 0x0000000785300000| Untracked 
|  84|0x0000000785400000, 0x0000000785400000, 0x0000000785500000|  0%| F|  |TAMS 0x0000000785400000, 0x0000000785400000| Untracked 
|  85|0x0000000785500000, 0x0000000785500000, 0x0000000785600000|  0%| F|  |TAMS 0x0000000785500000, 0x0000000785500000| Untracked 
|  86|0x0000000785600000, 0x0000000785600000, 0x0000000785700000|  0%| F|  |TAMS 0x0000000785600000, 0x0000000785600000| Untracked 
|  87|0x0000000785700000, 0x0000000785700000, 0x0000000785800000|  0%| F|  |TAMS 0x0000000785700000, 0x0000000785700000| Untracked 
|  88|0x0000000785800000, 0x0000000785800000, 0x0000000785900000|  0%| F|  |TAMS 0x0000000785800000, 0x0000000785800000| Untracked 
|  89|0x0000000785900000, 0x0000000785900000, 0x0000000785a00000|  0%| F|  |TAMS 0x0000000785900000, 0x0000000785900000| Untracked 
|  90|0x0000000785a00000, 0x0000000785a00000, 0x0000000785b00000|  0%| F|  |TAMS 0x0000000785a00000, 0x0000000785a00000| Untracked 
|  91|0x0000000785b00000, 0x0000000785b00000, 0x0000000785c00000|  0%| F|  |TAMS 0x0000000785b00000, 0x0000000785b00000| Untracked 
|  92|0x0000000785c00000, 0x0000000785c00000, 0x0000000785d00000|  0%| F|  |TAMS 0x0000000785c00000, 0x0000000785c00000| Untracked 
|  93|0x0000000785d00000, 0x0000000785d00000, 0x0000000785e00000|  0%| F|  |TAMS 0x0000000785d00000, 0x0000000785d00000| Untracked 
|  94|0x0000000785e00000, 0x0000000785e00000, 0x0000000785f00000|  0%| F|  |TAMS 0x0000000785e00000, 0x0000000785e00000| Untracked 
|  95|0x0000000785f00000, 0x0000000785f00000, 0x0000000786000000|  0%| F|  |TAMS 0x0000000785f00000, 0x0000000785f00000| Untracked 
|  96|0x0000000786000000, 0x0000000786000000, 0x0000000786100000|  0%| F|  |TAMS 0x0000000786000000, 0x0000000786000000| Untracked 
|  97|0x0000000786100000, 0x0000000786100000, 0x0000000786200000|  0%| F|  |TAMS 0x0000000786100000, 0x0000000786100000| Untracked 
|  98|0x0000000786200000, 0x0000000786200000, 0x0000000786300000|  0%| F|  |TAMS 0x0000000786200000, 0x0000000786200000| Untracked 
|  99|0x0000000786300000, 0x0000000786300000, 0x0000000786400000|  0%| F|  |TAMS 0x0000000786300000, 0x0000000786300000| Untracked 
| 100|0x0000000786400000, 0x0000000786400000, 0x0000000786500000|  0%| F|  |TAMS 0x0000000786400000, 0x0000000786400000| Untracked 
| 101|0x0000000786500000, 0x0000000786500000, 0x0000000786600000|  0%| F|  |TAMS 0x0000000786500000, 0x0000000786500000| Untracked 
| 102|0x0000000786600000, 0x0000000786600000, 0x0000000786700000|  0%| F|  |TAMS 0x0000000786600000, 0x0000000786600000| Untracked 
| 103|0x0000000786700000, 0x0000000786700000, 0x0000000786800000|  0%| F|  |TAMS 0x0000000786700000, 0x0000000786700000| Untracked 
| 104|0x0000000786800000, 0x0000000786800000, 0x0000000786900000|  0%| F|  |TAMS 0x0000000786800000, 0x0000000786800000| Untracked 
| 105|0x0000000786900000, 0x0000000786900000, 0x0000000786a00000|  0%| F|  |TAMS 0x0000000786900000, 0x0000000786900000| Untracked 
| 106|0x0000000786a00000, 0x0000000786a00000, 0x0000000786b00000|  0%| F|  |TAMS 0x0000000786a00000, 0x0000000786a00000| Untracked 
| 107|0x0000000786b00000, 0x0000000786b00000, 0x0000000786c00000|  0%| F|  |TAMS 0x0000000786b00000, 0x0000000786b00000| Untracked 
| 108|0x0000000786c00000, 0x0000000786c00000, 0x0000000786d00000|  0%| F|  |TAMS 0x0000000786c00000, 0x0000000786c00000| Untracked 
| 109|0x0000000786d00000, 0x0000000786d00000, 0x0000000786e00000|  0%| F|  |TAMS 0x0000000786d00000, 0x0000000786d00000| Untracked 
| 110|0x0000000786e00000, 0x0000000786e00000, 0x0000000786f00000|  0%| F|  |TAMS 0x0000000786e00000, 0x0000000786e00000| Untracked 
| 111|0x0000000786f00000, 0x0000000786f00000, 0x0000000787000000|  0%| F|  |TAMS 0x0000000786f00000, 0x0000000786f00000| Untracked 
| 112|0x0000000787000000, 0x0000000787000000, 0x0000000787100000|  0%| F|  |TAMS 0x0000000787000000, 0x0000000787000000| Untracked 
| 113|0x0000000787100000, 0x0000000787100000, 0x0000000787200000|  0%| F|  |TAMS 0x0000000787100000, 0x0000000787100000| Untracked 
| 114|0x0000000787200000, 0x0000000787200000, 0x0000000787300000|  0%| F|  |TAMS 0x0000000787200000, 0x0000000787200000| Untracked 
| 115|0x0000000787300000, 0x0000000787300000, 0x0000000787400000|  0%| F|  |TAMS 0x0000000787300000, 0x0000000787300000| Untracked 
| 116|0x0000000787400000, 0x0000000787400000, 0x0000000787500000|  0%| F|  |TAMS 0x0000000787400000, 0x0000000787400000| Untracked 
| 117|0x0000000787500000, 0x0000000787500000, 0x0000000787600000|  0%| F|  |TAMS 0x0000000787500000, 0x0000000787500000| Untracked 
| 118|0x0000000787600000, 0x0000000787600000, 0x0000000787700000|  0%| F|  |TAMS 0x0000000787600000, 0x0000000787600000| Untracked 
| 119|0x0000000787700000, 0x0000000787700000, 0x0000000787800000|  0%| F|  |TAMS 0x0000000787700000, 0x0000000787700000| Untracked 
| 120|0x0000000787800000, 0x0000000787800000, 0x0000000787900000|  0%| F|  |TAMS 0x0000000787800000, 0x0000000787800000| Untracked 
| 121|0x0000000787900000, 0x0000000787900000, 0x0000000787a00000|  0%| F|  |TAMS 0x0000000787900000, 0x0000000787900000| Untracked 
| 122|0x0000000787a00000, 0x0000000787ac9ad0, 0x0000000787b00000| 78%| E|  |TAMS 0x0000000787a00000, 0x0000000787a00000| Complete 
| 123|0x0000000787b00000, 0x0000000787c00000, 0x0000000787c00000|100%| E|CS|TAMS 0x0000000787b00000, 0x0000000787b00000| Complete 
| 124|0x0000000787c00000, 0x0000000787d00000, 0x0000000787d00000|100%| E|CS|TAMS 0x0000000787c00000, 0x0000000787c00000| Complete 
| 125|0x0000000787d00000, 0x0000000787e00000, 0x0000000787e00000|100%| E|CS|TAMS 0x0000000787d00000, 0x0000000787d00000| Complete 
| 126|0x0000000787e00000, 0x0000000787f00000, 0x0000000787f00000|100%| E|CS|TAMS 0x0000000787e00000, 0x0000000787e00000| Complete 
| 127|0x0000000787f00000, 0x0000000788000000, 0x0000000788000000|100%| E|CS|TAMS 0x0000000787f00000, 0x0000000787f00000| Complete 
|1022|0x00000007bfe00000, 0x00000007bfe75000, 0x00000007bff00000| 45%|OA|  |TAMS 0x00000007bfe00000, 0x00000007bfe00000| Untracked 
|1023|0x00000007bff00000, 0x00000007bff7d000, 0x00000007c0000000| 48%|CA|  |TAMS 0x00000007bff00000, 0x00000007bff00000| Untracked 

Card table byte_map: [0x00000001144d5000,0x00000001148d5000] _byte_map_base: 0x00000001108d5000

Marking Bits (Prev, Next): (CMBitMap*) 0x00007fbcd5837610, (CMBitMap*) 0x00007fbcd5837650
 Prev Bits: [0x0000000125d99000, 0x0000000127d99000)
 Next Bits: [0x0000000127d99000, 0x0000000129d99000)

Polling page: 0x00000001097a3000

Metaspace:

Usage:
  Non-class:      4.89 MB used.
      Class:    539.27 KB used.
       Both:      5.42 MB used.

Virtual space:
  Non-class space:        8.00 MB reserved,       4.94 MB ( 62%) committed,  1 nodes.
      Class space:        1.00 GB reserved,     640.00 KB ( <1%) committed,  1 nodes.
              Both:        1.01 GB reserved,       5.56 MB ( <1%) committed. 

Chunk freelists:
   Non-Class:  2.45 MB
       Class:  3.23 MB
        Both:  5.69 MB

MaxMetaspaceSize: 17179869184.00 GB
CompressedClassSpaceSize: 1.00 GB
 - commit_granule_bytes: 65536.
 - commit_granule_words: 8192.
 - virtual_space_node_default_size: 1048576.
 - enlarge_chunks_in_place: 1.
 - new_chunks_are_fully_committed: 0.
 - uncommit_free_chunks: 1.
 - use_allocation_guard: 0.
 - handle_deallocations: 1.


Internal statistics:

num_allocs_failed_limit: 0.
num_arena_births: 66.
num_arena_deaths: 0.
num_vsnodes_births: 2.
num_vsnodes_deaths: 0.
num_space_committed: 89.
num_space_uncommitted: 0.
num_chunks_returned_to_freelist: 0.
num_chunks_taken_from_freelist: 117.
num_chunk_merges: 0.
num_chunk_splits: 69.
num_chunks_enlarged: 37.
num_purges: 0.

CodeHeap 'non-profiled nmethods': size=120032Kb used=187Kb max_used=187Kb free=119844Kb
 bounds [0x000000011e861000, 0x000000011ead1000, 0x0000000125d99000]
CodeHeap 'profiled nmethods': size=120028Kb used=874Kb max_used=874Kb free=119153Kb
 bounds [0x000000011732a000, 0x000000011759a000, 0x000000011e861000]
CodeHeap 'non-nmethods': size=5700Kb used=1237Kb max_used=1247Kb free=4462Kb
 bounds [0x0000000116d99000, 0x0000000117009000, 0x000000011732a000]
 total_blobs=1154 nmethods=603 adapters=465
 compilation: enabled
              stopped_count=0, restarted_count=0
 full_count=0

Compilation events (20 events):
Event: 0.645 Thread 0x00007fbcd680c400  592       1       java.lang.reflect.Field::getRoot (5 bytes)
Event: 0.645 Thread 0x00007fbcd680c400 nmethod 592 0x000000011e88f210 code [0x000000011e88f3a0, 0x000000011e88f470]
Event: 0.645 Thread 0x00007fbcd680c400  595       1       java.net.URL::getAuthority (5 bytes)
Event: 0.645 Thread 0x00007fbcd680c400 nmethod 595 0x000000011e88f510 code [0x000000011e88f6a0, 0x000000011e88f770]
Event: 0.645 Thread 0x00007fbcd680c400  596       1       java.net.URL::getPath (5 bytes)
Event: 0.645 Thread 0x00007fbcd680c400 nmethod 596 0x000000011e88f810 code [0x000000011e88f9a0, 0x000000011e88fa70]
Event: 0.645 Thread 0x00007fbcd680c400  598   !   3       java.util.zip.ZipFile::getEntry (59 bytes)
Event: 0.646 Thread 0x00007fbcd680c400 nmethod 598 0x0000000117400710 code [0x0000000117400900, 0x0000000117400d70]
Event: 0.646 Thread 0x00007fbcd680c400  597       1       java.net.URL::getQuery (5 bytes)
Event: 0.646 Thread 0x00007fbcd680c400 nmethod 597 0x000000011e88fb10 code [0x000000011e88fca0, 0x000000011e88fd70]
Event: 0.650 Thread 0x00007fbcd680c400  603  s!   3       jdk.internal.loader.URLClassPath::getLoader (194 bytes)
Event: 0.651 Thread 0x00007fbcd680c400 nmethod 603 0x0000000117401010 code [0x0000000117401320, 0x0000000117402720]
Event: 0.651 Thread 0x00007fbcd680c400  599       3       java.lang.Integer::valueOf (32 bytes)
Event: 0.652 Thread 0x00007fbcd680c400 nmethod 599 0x0000000117402f10 code [0x00000001174030e0, 0x0000000117403410]
Event: 0.652 Thread 0x00007fbcd680c400  601       3       java.util.jar.JarFile::getJarEntry (9 bytes)
Event: 0.652 Thread 0x00007fbcd680c400 nmethod 601 0x0000000117403590 code [0x0000000117403780, 0x0000000117403c70]
Event: 0.652 Thread 0x00007fbcd680c400  602       3       java.util.jar.JarFile::getEntry (35 bytes)
Event: 0.653 Thread 0x00007fbcd680c400 nmethod 602 0x0000000117403e10 code [0x0000000117404000, 0x0000000117404490]
Event: 0.653 Thread 0x00007fbcd680c400  600       3       java.nio.Buffer::remaining (20 bytes)
Event: 0.653 Thread 0x00007fbcd680c400 nmethod 600 0x0000000117404610 code [0x00000001174047c0, 0x0000000117404950]

GC Heap History (0 events):
No events

Deoptimization events (4 events):
Event: 0.467 Thread 0x00007fbcd580b800 Uncommon trap: trap_request=0xffffff45 fr.pc=0x000000011e86cde4 relative=0x00000000000008e4
Event: 0.467 Thread 0x00007fbcd580b800 Uncommon trap: reason=unstable_if action=reinterpret pc=0x000000011e86cde4 method=java.util.HashMap.putVal(ILjava/lang/Object;Ljava/lang/Object;ZZ)Ljava/lang/Object; @ 181 c2
Event: 0.467 Thread 0x00007fbcd580b800 DEOPT PACKING pc=0x000000011e86cde4 sp=0x000070000c75ebd0
Event: 0.467 Thread 0x00007fbcd580b800 DEOPT UNPACKING pc=0x0000000116de6424 sp=0x000070000c75eb70 mode 2

Classes unloaded (0 events):
No events

Classes redefined (0 events):
No events

Internal exceptions (9 events):
Event: 0.116 Thread 0x00007fbcd680d000 Exception <a 'java/lang/NoSuchMethodError'{0x0000000787eceb70}: 'java.lang.Object java.lang.invoke.DirectMethodHandle$Holder.invokeStatic(java.lang.Object)'> (0x0000000787eceb70) 
thrown [./open/src/hotspot/share/interpreter/linkResolver.cpp, line 790]
Event: 0.116 Thread 0x00007fbcd680d000 Exception <a 'java/lang/NoSuchMethodError'{0x0000000787ed2358}: 'java.lang.Object java.lang.invoke.DirectMethodHandle$Holder.invokeStaticInit(java.lang.Object)'> (0x0000000787ed2358) 
thrown [./open/src/hotspot/share/interpreter/linkResolver.cpp, line 790]
Event: 0.125 Thread 0x00007fbcd680d000 Exception <a 'java/lang/NoSuchMethodError'{0x0000000787ee0af8}: 'void java.lang.invoke.DirectMethodHandle$Holder.invokeStatic(java.lang.Object, java.lang.Object)'> (0x0000000787ee0af8) 
thrown [./open/src/hotspot/share/interpreter/linkResolver.cpp, line 790]
Event: 0.135 Thread 0x00007fbcd580b800 Exception <a 'java/lang/ClassNotFoundException'{0x0000000787d9ff10}: sun/awt/resources/spi/awtProvider> (0x0000000787d9ff10) 
thrown [./open/src/hotspot/share/classfile/systemDictionary.cpp, line 256]
Event: 0.153 Thread 0x00007fbcd580b800 Exception <a 'java/io/FileNotFoundException'{0x0000000787df2af8}> (0x0000000787df2af8) 
thrown [./open/src/hotspot/share/prims/jni.cpp, line 579]
Event: 0.159 Thread 0x00007fbcd580b800 Exception <a 'java/io/FileNotFoundException'{0x0000000787c21658}> (0x0000000787c21658) 
thrown [./open/src/hotspot/share/prims/jni.cpp, line 579]
Event: 0.162 Thread 0x00007fbcd580b800 Exception <a 'java/lang/ClassNotFoundException'{0x0000000787c25470}: sun/awt/resources/spi/awtosxProvider> (0x0000000787c25470) 
thrown [./open/src/hotspot/share/classfile/systemDictionary.cpp, line 256]
Event: 0.169 Thread 0x00007fbcd580b800 Exception <a 'java/lang/NoSuchMethodError'{0x0000000787c2b890}: 'void java.lang.invoke.DirectMethodHandle$Holder.invokeSpecial(java.lang.Object, java.lang.Object, java.lang.Object)'> (0x0000000787c2b890) 
thrown [./open/src/hotspot/share/interpreter/linkResolver.cpp, line 790]
Event: 0.419 Thread 0x00007fbcd580b800 Exception <a 'java/io/FileNotFoundException'{0x0000000787cafab8}> (0x0000000787cafab8) 
thrown [./open/src/hotspot/share/prims/jni.cpp, line 579]

Events (20 events):
Event: 0.607 loading class sun/misc/Unsafe
Event: 0.607 loading class sun/misc/Unsafe done
Event: 0.607 loading class jdk/internal/module/IllegalAccessLogger
Event: 0.607 loading class jdk/internal/module/IllegalAccessLogger done
Event: 0.607 loading class jdk/internal/reflect/UnsafeFieldAccessorFactory
Event: 0.607 loading class jdk/internal/reflect/UnsafeFieldAccessorFactory done
Event: 0.607 loading class jdk/internal/reflect/UnsafeQualifiedStaticObjectFieldAccessorImpl
Event: 0.607 loading class jdk/internal/reflect/UnsafeQualifiedStaticFieldAccessorImpl
Event: 0.608 loading class jdk/internal/reflect/UnsafeQualifiedStaticFieldAccessorImpl done
Event: 0.608 loading class jdk/internal/reflect/UnsafeQualifiedStaticObjectFieldAccessorImpl done
Event: 0.608 loading class jdk/internal/access/foreign/MemorySegmentProxy
Event: 0.608 loading class jdk/internal/access/foreign/MemorySegmentProxy done
Event: 0.610 loading class java/nio/StringCharBuffer
Event: 0.610 loading class java/nio/StringCharBuffer done
Event: 0.630 loading class java/awt/IllegalComponentStateException
Event: 0.630 loading class java/awt/IllegalComponentStateException done
Event: 0.641 loading class jdk/internal/reflect/UnsafeQualifiedStaticIntegerFieldAccessorImpl
Event: 0.641 loading class jdk/internal/reflect/UnsafeQualifiedStaticIntegerFieldAccessorImpl done
Event: 0.649 loading class java/lang/NumberFormatException
Event: 0.649 loading class java/lang/NumberFormatException done


Dynamic libraries:
0x00007fff2a74e000 	/usr/lib/libz.1.dylib
0x0000000109771000 	/Users/LecouturierLucie/Library/Java/JavaVirtualMachines/openjdk-16.0.2/Contents/Home/lib/libjli.dylib
0x00007fff352a0000 	/System/Library/Frameworks/Cocoa.framework/Versions/A/Cocoa
0x00007fff224c5000 	/System/Library/Frameworks/Security.framework/Versions/A/Security
0x00007fff3349d000 	/System/Library/Frameworks/ApplicationServices.framework/Versions/A/ApplicationServices
0x00007fff2a816000 	/usr/lib/libSystem.B.dylib
0x00007fff2a810000 	/usr/lib/system/libcache.dylib
0x00007fff2a7cc000 	/usr/lib/system/libcommonCrypto.dylib
0x00007fff2a7f6000 	/usr/lib/system/libcompiler_rt.dylib
0x00007fff2a7eb000 	/usr/lib/system/libcopyfile.dylib
0x00007fff20399000 	/usr/lib/system/libcorecrypto.dylib
0x00007fff20466000 	/usr/lib/system/libdispatch.dylib
0x00007fff2061a000 	/usr/lib/system/libdyld.dylib
0x00007fff2a807000 	/usr/lib/system/libkeymgr.dylib
0x00007fff2dc4f000 	/usr/lib/system/liblaunch.dylib
0x00007fff2a7aa000 	/usr/lib/system/libmacho.dylib
0x00007fff29fc4000 	/usr/lib/system/libquarantine.dylib
0x00007fff2a804000 	/usr/lib/system/libremovefile.dylib
0x00007fff24e5c000 	/usr/lib/system/libsystem_asl.dylib
0x00007fff20349000 	/usr/lib/system/libsystem_blocks.dylib
0x00007fff204e7000 	/usr/lib/system/libsystem_c.dylib
0x00007fff2a7fe000 	/usr/lib/system/libsystem_collections.dylib
0x00007fff292b8000 	/usr/lib/system/libsystem_configuration.dylib
0x00007fff285ab000 	/usr/lib/system/libsystem_containermanager.dylib
0x00007fff2a546000 	/usr/lib/system/libsystem_coreservices.dylib
0x00007fff22a79000 	/usr/lib/system/libsystem_darwin.dylib
0x00007fff2a808000 	/usr/lib/system/libsystem_dnssd.dylib
0x00007fff204e4000 	/usr/lib/system/libsystem_featureflags.dylib
0x00007fff2065f000 	/usr/lib/system/libsystem_info.dylib
0x00007fff2a761000 	/usr/lib/system/libsystem_m.dylib
0x00007fff20439000 	/usr/lib/system/libsystem_malloc.dylib
0x00007fff24df0000 	/usr/lib/system/libsystem_networkextension.dylib
0x00007fff22e94000 	/usr/lib/system/libsystem_notify.dylib
0x00007fff30103000 	/usr/lib/system/libsystem_product_info_filter.dylib
0x00007fff292bc000 	/usr/lib/system/libsystem_sandbox.dylib
0x00007fff2a801000 	/usr/lib/system/libsystem_secinit.dylib
0x00007fff205df000 	/usr/lib/system/libsystem_kernel.dylib
0x00007fff20655000 	/usr/lib/system/libsystem_platform.dylib
0x00007fff2060e000 	/usr/lib/system/libsystem_pthread.dylib
0x00007fff2655b000 	/usr/lib/system/libsystem_symptoms.dylib
0x00007fff20381000 	/usr/lib/system/libsystem_trace.dylib
0x00007fff2a7d8000 	/usr/lib/system/libunwind.dylib
0x00007fff2034b000 	/usr/lib/system/libxpc.dylib
0x00007fff205c6000 	/usr/lib/libc++abi.dylib
0x00007fff204ab000 	/usr/lib/libobjc.A.dylib
0x00007fff2a7e3000 	/usr/lib/liboah.dylib
0x00007fff20570000 	/usr/lib/libc++.1.dylib
0x00007fff2068b000 	/System/Library/Frameworks/CoreFoundation.framework/Versions/A/CoreFoundation
0x00007fff21438000 	/System/Library/Frameworks/Foundation.framework/Versions/C/Foundation
0x00007fff22eec000 	/System/Library/Frameworks/AppKit.framework/Versions/C/AppKit
0x00007fff25d84000 	/System/Library/Frameworks/CoreData.framework/Versions/A/CoreData
0x00007fff23c4f000 	/System/Library/PrivateFrameworks/UIFoundation.framework/Versions/A/UIFoundation
0x00007fff2fe7c000 	/System/Library/PrivateFrameworks/RemoteViewServices.framework/Versions/A/RemoteViewServices
0x00007fff28c75000 	/System/Library/PrivateFrameworks/XCTTargetBootstrap.framework/Versions/A/XCTTargetBootstrap
0x00007fff2b956000 	/usr/lib/libspindump.dylib
0x00007fff23ea4000 	/System/Library/Frameworks/UniformTypeIdentifiers.framework/Versions/A/UniformTypeIdentifiers
0x00007fff2744b000 	/usr/lib/libapp_launch_measurement.dylib
0x00007fff2744e000 	/System/Library/PrivateFrameworks/CoreAutoLayout.framework/Versions/A/CoreAutoLayout
0x00007fff285d7000 	/System/Library/Frameworks/Metal.framework/Versions/A/Metal
0x00007fff292c7000 	/usr/lib/liblangid.dylib
0x00007fff28c79000 	/System/Library/PrivateFrameworks/CoreSVG.framework/Versions/A/CoreSVG
0x00007fff24e8b000 	/System/Library/PrivateFrameworks/SkyLight.framework/Versions/A/SkyLight
0x00007fff251f2000 	/System/Library/Frameworks/CoreGraphics.framework/Versions/A/CoreGraphics
0x00007fff304d3000 	/System/Library/Frameworks/Accelerate.framework/Versions/A/Accelerate
0x00007fff2b391000 	/System/Library/PrivateFrameworks/IconServices.framework/Versions/A/IconServices
0x00007fff285bc000 	/System/Library/Frameworks/IOSurface.framework/Versions/A/IOSurface
0x00007fff2670d000 	/usr/lib/libDiagnosticMessagesClient.dylib
0x00007fff28c61000 	/System/Library/PrivateFrameworks/DFRFoundation.framework/Versions/A/DFRFoundation
0x00007fff22817000 	/usr/lib/libicucore.A.dylib
0x00007fff2ce9d000 	/System/Library/Frameworks/AudioToolbox.framework/Versions/A/AudioToolbox
0x00007fff2c142000 	/System/Library/PrivateFrameworks/DataDetectorsCore.framework/Versions/A/DataDetectorsCore
0x00007fff28961000 	/System/Library/Frameworks/Carbon.framework/Versions/A/Frameworks/HIToolbox.framework/Versions/A/HIToolbox
0x00007fff26ea6000 	/System/Library/Frameworks/QuartzCore.framework/Versions/A/QuartzCore
0x00007fff2feb8000 	/System/Library/Frameworks/Carbon.framework/Versions/A/Frameworks/SpeechRecognition.framework/Versions/A/SpeechRecognition
0x00007fff271b3000 	/System/Library/PrivateFrameworks/CoreUI.framework/Versions/A/CoreUI
0x00007fff21e20000 	/System/Library/Frameworks/CoreAudio.framework/Versions/A/CoreAudio
0x00007fff267f8000 	/System/Library/Frameworks/DiskArbitration.framework/Versions/A/DiskArbitration
0x00007fff2bd51000 	/System/Library/PrivateFrameworks/MultitouchSupport.framework/Versions/A/MultitouchSupport
0x00007fff2c139000 	/System/Library/PrivateFrameworks/InternationalSupport.framework/Versions/A/InternationalSupport
0x00007fff24dff000 	/usr/lib/libenergytrace.dylib
0x00007fff22de5000 	/System/Library/Frameworks/IOKit.framework/Versions/A/IOKit
0x00007fff30205000 	/System/Library/Frameworks/CoreServices.framework/Versions/A/CoreServices
0x00007fff273e1000 	/System/Library/PrivateFrameworks/PerformanceAnalysis.framework/Versions/A/PerformanceAnalysis
0x00007fff6cb6f000 	/System/Library/Frameworks/OpenGL.framework/Versions/A/OpenGL
0x00007fff2c1be000 	/System/Library/PrivateFrameworks/UserActivity.framework/Versions/A/UserActivity
0x00007fff25886000 	/System/Library/Frameworks/ColorSync.framework/Versions/A/ColorSync
0x00007fff28ede000 	/System/Library/Frameworks/CoreImage.framework/Versions/A/CoreImage
0x00007fff21c37000 	/System/Library/Frameworks/CoreText.framework/Versions/A/CoreText
0x00007fff28ca3000 	/System/Library/Frameworks/ImageIO.framework/Versions/A/ImageIO
0x00007fff2a81c000 	/System/Library/PrivateFrameworks/SoftLinking.framework/Versions/A/SoftLinking
0x00007fff27497000 	/usr/lib/libxml2.2.dylib
0x00007fff2aa8e000 	/usr/lib/libcompression.dylib
0x00007fff24e00000 	/usr/lib/libMobileGestalt.dylib
0x00007fff2c06c000 	/System/Library/PrivateFrameworks/TextureIO.framework/Versions/A/TextureIO
0x00007fff2b0b4000 	/usr/lib/libate.dylib
0x00007fff2ae99000 	/usr/lib/liblzma.5.dylib
0x00007fff2114c000 	/System/Library/Frameworks/SystemConfiguration.framework/Versions/A/SystemConfiguration
0x00007fff2a818000 	/usr/lib/libfakelink.dylib
0x00007fff24952000 	/System/Library/Frameworks/CFNetwork.framework/Versions/A/CFNetwork
0x00007fff2a958000 	/usr/lib/libarchive.2.dylib
0x00007fff211ca000 	/usr/lib/libCRFSuite.dylib
0x00007fff29feb000 	/usr/lib/libbsm.0.dylib
0x00007fff2430e000 	/usr/lib/libnetwork.dylib
0x00007fff2a81d000 	/usr/lib/libpcap.A.dylib
0x00007fff26554000 	/usr/lib/libdns_services.dylib
0x00007fff2aeb2000 	/usr/lib/libcoretls_cfhelpers.dylib
0x00007fff2aa5c000 	/usr/lib/libapple_nghttp2.dylib
0x00007fff2a7b0000 	/usr/lib/system/libkxld.dylib
0x00007fff261ba000 	/usr/lib/libsqlite3.dylib
0x00007fff2a528000 	/System/Library/PrivateFrameworks/AppleFSCompression.framework/Versions/A/AppleFSCompression
0x00007fff29fd3000 	/usr/lib/libcoretls.dylib
0x00007fff2aa89000 	/usr/lib/libpam.2.dylib
0x00007fff2afaf000 	/usr/lib/libxar.1.dylib
0x00007fff292c3000 	/System/Library/PrivateFrameworks/AppleSystemInfo.framework/Versions/A/AppleSystemInfo
0x00007fff29c16000 	/System/Library/PrivateFrameworks/IOMobileFramebuffer.framework/Versions/A/IOMobileFramebuffer
0x00007fff2a538000 	/usr/lib/libbz2.1.0.dylib
0x00007fff2a855000 	/usr/lib/libiconv.2.dylib
0x00007fff2a7a9000 	/usr/lib/libcharset.1.dylib
0x00007fff2741d000 	/System/Library/Frameworks/CoreServices.framework/Versions/A/Frameworks/FSEvents.framework/Versions/A/FSEvents
0x00007fff22a83000 	/System/Library/Frameworks/CoreServices.framework/Versions/A/Frameworks/CarbonCore.framework/Versions/A/CarbonCore
0x00007fff2675d000 	/System/Library/Frameworks/CoreServices.framework/Versions/A/Frameworks/Metadata.framework/Versions/A/Metadata
0x00007fff2a54b000 	/System/Library/Frameworks/CoreServices.framework/Versions/A/Frameworks/OSServices.framework/Versions/A/OSServices
0x00007fff2a9ca000 	/System/Library/Frameworks/CoreServices.framework/Versions/A/Frameworks/SearchKit.framework/Versions/A/SearchKit
0x00007fff264de000 	/System/Library/Frameworks/CoreServices.framework/Versions/A/Frameworks/AE.framework/Versions/A/AE
0x00007fff20b27000 	/System/Library/Frameworks/CoreServices.framework/Versions/A/Frameworks/LaunchServices.framework/Versions/A/LaunchServices
0x00007fff2ae4a000 	/System/Library/Frameworks/CoreServices.framework/Versions/A/Frameworks/DictionaryServices.framework/Versions/A/DictionaryServices
0x00007fff27426000 	/System/Library/Frameworks/CoreServices.framework/Versions/A/Frameworks/SharedFileList.framework/Versions/A/SharedFileList
0x00007fff29fc7000 	/usr/lib/libCheckFix.dylib
0x00007fff24e73000 	/System/Library/PrivateFrameworks/TCC.framework/Versions/A/TCC
0x00007fff292c9000 	/System/Library/PrivateFrameworks/CoreNLP.framework/Versions/A/CoreNLP
0x00007fff26710000 	/System/Library/PrivateFrameworks/MetadataUtilities.framework/Versions/A/MetadataUtilities
0x00007fff21200000 	/usr/lib/libmecabra.dylib
0x00007fff2a2da000 	/System/Library/Frameworks/MLCompute.framework/Versions/A/MLCompute
0x00007fff29ffc000 	/usr/lib/libmecab.dylib
0x00007fff2a046000 	/usr/lib/libgermantok.dylib
0x00007fff2aa32000 	/usr/lib/libThaiTokenizer.dylib
0x00007fff2afea000 	/usr/lib/libChineseTokenizer.dylib
0x00007fff2aa87000 	/System/Library/Frameworks/MetalPerformanceShaders.framework/Versions/A/MetalPerformanceShaders
0x00007fff267ff000 	/System/Library/Frameworks/Accelerate.framework/Versions/A/Frameworks/vImage.framework/Versions/A/vImage
0x00007fff301de000 	/System/Library/Frameworks/Accelerate.framework/Versions/A/Frameworks/vecLib.framework/Versions/A/vecLib
0x00007fff2aff5000 	/System/Library/Frameworks/Accelerate.framework/Versions/A/Frameworks/vecLib.framework/Versions/A/libvMisc.dylib
0x00007fff29a2f000 	/System/Library/Frameworks/Accelerate.framework/Versions/A/Frameworks/vecLib.framework/Versions/A/libvDSP.dylib
0x00007fff20e2b000 	/System/Library/Frameworks/Accelerate.framework/Versions/A/Frameworks/vecLib.framework/Versions/A/libBLAS.dylib
0x00007fff2aaad000 	/System/Library/Frameworks/Accelerate.framework/Versions/A/Frameworks/vecLib.framework/Versions/A/libLAPACK.dylib
0x00007fff2a04c000 	/System/Library/Frameworks/Accelerate.framework/Versions/A/Frameworks/vecLib.framework/Versions/A/libLinearAlgebra.dylib
0x00007fff2aa74000 	/System/Library/Frameworks/Accelerate.framework/Versions/A/Frameworks/vecLib.framework/Versions/A/libSparseBLAS.dylib
0x00007fff2aaa7000 	/System/Library/Frameworks/Accelerate.framework/Versions/A/Frameworks/vecLib.framework/Versions/A/libQuadrature.dylib
0x00007fff29371000 	/System/Library/Frameworks/Accelerate.framework/Versions/A/Frameworks/vecLib.framework/Versions/A/libBNNS.dylib
0x00007fff210dd000 	/System/Library/Frameworks/Accelerate.framework/Versions/A/Frameworks/vecLib.framework/Versions/A/libSparse.dylib
0x00007fff2925c000 	/System/Library/Frameworks/MetalPerformanceShaders.framework/Versions/A/Frameworks/MPSCore.framework/Versions/A/MPSCore
0x00007fff2a497000 	/System/Library/Frameworks/MetalPerformanceShaders.framework/Versions/A/Frameworks/MPSImage.framework/Versions/A/MPSImage
0x00007fff2a062000 	/System/Library/Frameworks/MetalPerformanceShaders.framework/Versions/A/Frameworks/MPSNeuralNetwork.framework/Versions/A/MPSNeuralNetwork
0x00007fff2a422000 	/System/Library/Frameworks/MetalPerformanceShaders.framework/Versions/A/Frameworks/MPSMatrix.framework/Versions/A/MPSMatrix
0x00007fff2a28a000 	/System/Library/Frameworks/MetalPerformanceShaders.framework/Versions/A/Frameworks/MPSRayIntersector.framework/Versions/A/MPSRayIntersector
0x00007fff2a459000 	/System/Library/Frameworks/MetalPerformanceShaders.framework/Versions/A/Frameworks/MPSNDArray.framework/Versions/A/MPSNDArray
0x00007fff20d57000 	/System/Library/PrivateFrameworks/MetalTools.framework/Versions/A/MetalTools
0x00007fff292c1000 	/System/Library/PrivateFrameworks/AggregateDictionary.framework/Versions/A/AggregateDictionary
0x00007fff266e8000 	/System/Library/PrivateFrameworks/CoreAnalytics.framework/Versions/A/CoreAnalytics
0x00007fff2aa34000 	/System/Library/PrivateFrameworks/AppleSauce.framework/Versions/A/AppleSauce
0x00007fff285ce000 	/System/Library/PrivateFrameworks/IOAccelerator.framework/Versions/A/IOAccelerator
0x00007fff6cb63000 	/System/Library/Frameworks/OpenGL.framework/Versions/A/Libraries/libCoreFSCache.dylib
0x00007fff2179c000 	/System/Library/PrivateFrameworks/LanguageModeling.framework/Versions/A/LanguageModeling
0x00007fff29c03000 	/System/Library/PrivateFrameworks/CoreEmoji.framework/Versions/A/CoreEmoji
0x00007fff2936a000 	/System/Library/PrivateFrameworks/LinguisticData.framework/Versions/A/LinguisticData
0x00007fff2108f000 	/System/Library/PrivateFrameworks/Lexicon.framework/Versions/A/Lexicon
0x00007fff2a946000 	/usr/lib/libcmph.dylib
0x00007fff273fd000 	/System/Library/Frameworks/OpenDirectory.framework/Versions/A/Frameworks/CFOpenDirectory.framework/Versions/A/CFOpenDirectory
0x00007fff273ed000 	/System/Library/Frameworks/OpenDirectory.framework/Versions/A/OpenDirectory
0x00007fff2aeb4000 	/System/Library/PrivateFrameworks/APFS.framework/Versions/A/APFS
0x00007fff29f28000 	/System/Library/Frameworks/SecurityFoundation.framework/Versions/A/SecurityFoundation
0x00007fff2afbd000 	/usr/lib/libutil.dylib
0x00007fff22daa000 	/System/Library/PrivateFrameworks/CoreServicesStore.framework/Versions/A/CoreServicesStore
0x00007fff29fbf000 	/System/Library/Frameworks/ServiceManagement.framework/Versions/A/ServiceManagement
0x00007fff2afc1000 	/usr/lib/libxslt.1.dylib
0x00007fff29fb5000 	/System/Library/PrivateFrameworks/BackgroundTaskManagement.framework/Versions/A/BackgroundTaskManagement
0x00007fff2bfb6000 	/System/Library/Frameworks/ImageIO.framework/Versions/A/Resources/libRadiance.dylib
0x00007fff2bfc0000 	/System/Library/Frameworks/ImageIO.framework/Versions/A/Resources/libJPEG.dylib
0x00007fff2bf0b000 	/System/Library/Frameworks/ImageIO.framework/Versions/A/Resources/libPng.dylib
0x00007fff2bf32000 	/System/Library/Frameworks/ImageIO.framework/Versions/A/Resources/libTIFF.dylib
0x00007fff2c015000 	/System/Library/Frameworks/ImageIO.framework/Versions/A/Resources/libGIF.dylib
0x00007fff2bc6e000 	/System/Library/Frameworks/ImageIO.framework/Versions/A/Resources/libJP2.dylib
0x00007fff2b358000 	/usr/lib/libexpat.1.dylib
0x00007fff2bc23000 	/System/Library/PrivateFrameworks/AppleJPEG.framework/Versions/A/AppleJPEG
0x00007fff28804000 	/System/Library/PrivateFrameworks/FontServices.framework/libFontParser.dylib
0x00007fff26492000 	/System/Library/PrivateFrameworks/RunningBoardServices.framework/Versions/A/RunningBoardServices
0x00007fff2bd4d000 	/System/Library/PrivateFrameworks/WatchdogClient.framework/Versions/A/WatchdogClient
0x00007fff21889000 	/System/Library/Frameworks/CoreDisplay.framework/Versions/A/CoreDisplay
0x00007fff2871a000 	/System/Library/Frameworks/CoreMedia.framework/Versions/A/CoreMedia
0x00007fff2757a000 	/System/Library/Frameworks/CoreVideo.framework/Versions/A/CoreVideo
0x00007fff2bd85000 	/System/Library/Frameworks/VideoToolbox.framework/Versions/A/VideoToolbox
0x00007fff26410000 	/System/Library/PrivateFrameworks/BaseBoard.framework/Versions/A/BaseBoard
0x00007fff2b49d000 	/System/Library/PrivateFrameworks/PersistentConnection.framework/Versions/A/PersistentConnection
0x00007fff261a3000 	/System/Library/PrivateFrameworks/ProtocolBuffer.framework/Versions/A/ProtocolBuffer
0x00007fff263f7000 	/System/Library/PrivateFrameworks/CommonUtilities.framework/Versions/A/CommonUtilities
0x00007fff2bbb8000 	/System/Library/PrivateFrameworks/Bom.framework/Versions/A/Bom
0x00007fff2bfaf000 	/System/Library/PrivateFrameworks/GPUWrangler.framework/Versions/A/GPUWrangler
0x00007fff2bf92000 	/System/Library/PrivateFrameworks/IOPresentment.framework/Versions/A/IOPresentment
0x00007fff2bfba000 	/System/Library/PrivateFrameworks/DSExternalDisplay.framework/Versions/A/DSExternalDisplay
0x00007fff2c01a000 	/System/Library/PrivateFrameworks/CMCaptureCore.framework/Versions/A/CMCaptureCore
0x00007fff2b93d000 	/System/Library/PrivateFrameworks/AppServerSupport.framework/Versions/A/AppServerSupport
0x00007fff2d9ee000 	/System/Library/PrivateFrameworks/perfdata.framework/Versions/A/perfdata
0x00007fff29f17000 	/System/Library/PrivateFrameworks/AssertionServices.framework/Versions/A/AssertionServices
0x00007fff219c0000 	/System/Library/PrivateFrameworks/AudioToolboxCore.framework/Versions/A/AudioToolboxCore
0x00007fff286fd000 	/System/Library/PrivateFrameworks/caulk.framework/Versions/A/caulk
0x00007fff3d699000 	/System/Library/PrivateFrameworks/SystemPolicy.framework/Versions/A/SystemPolicy
0x00007fff2b14d000 	/usr/lib/libIOReport.dylib
0x00007fff2d210000 	/usr/lib/libSMC.dylib
0x00007fff2bed8000 	/usr/lib/libAudioToolboxUtility.dylib
0x00007fff3e003000 	/usr/lib/libmis.dylib
0x00007fff6cbbf000 	/System/Library/Frameworks/OpenGL.framework/Versions/A/Libraries/libGLU.dylib
0x00007fff6cb82000 	/System/Library/Frameworks/OpenGL.framework/Versions/A/Libraries/libGFXShared.dylib
0x00007fff6cd91000 	/System/Library/Frameworks/OpenGL.framework/Versions/A/Libraries/libGL.dylib
0x00007fff6cb8b000 	/System/Library/Frameworks/OpenGL.framework/Versions/A/Libraries/libGLImage.dylib
0x00007fff6cb7f000 	/System/Library/Frameworks/OpenGL.framework/Versions/A/Libraries/libCVMSPluginSupport.dylib
0x00007fff6cb6a000 	/System/Library/Frameworks/OpenGL.framework/Versions/A/Libraries/libCoreVMClient.dylib
0x00007fff6e1d2000 	/System/Library/Frameworks/OpenCL.framework/Versions/A/OpenCL
0x00007fff2b4c7000 	/System/Library/PrivateFrameworks/GraphVisualizer.framework/Versions/A/GraphVisualizer
0x00007fff2b4d6000 	/System/Library/PrivateFrameworks/FaceCore.framework/Versions/A/FaceCore
0x00007fff2b8f2000 	/System/Library/PrivateFrameworks/OTSVG.framework/Versions/A/OTSVG
0x00007fff27171000 	/System/Library/Frameworks/ApplicationServices.framework/Versions/A/Frameworks/ATS.framework/Versions/A/Resources/libFontRegistry.dylib
0x00007fff2b944000 	/System/Library/PrivateFrameworks/FontServices.framework/libhvf.dylib
0x00007fff2b304000 	/System/Library/PrivateFrameworks/AppleVA.framework/Versions/A/AppleVA
0x00007fff2d059000 	/System/Library/Frameworks/ApplicationServices.framework/Versions/A/Frameworks/ATS.framework/Versions/A/ATS
0x00007fff2d36b000 	/System/Library/Frameworks/ApplicationServices.framework/Versions/A/Frameworks/ColorSyncLegacy.framework/Versions/A/ColorSyncLegacy
0x00007fff2597d000 	/System/Library/Frameworks/ApplicationServices.framework/Versions/A/Frameworks/HIServices.framework/Versions/A/HIServices
0x00007fff2d350000 	/System/Library/Frameworks/ApplicationServices.framework/Versions/A/Frameworks/LangAnalysis.framework/Versions/A/LangAnalysis
0x00007fff2c024000 	/System/Library/Frameworks/ApplicationServices.framework/Versions/A/Frameworks/PrintCore.framework/Versions/A/PrintCore
0x00007fff2d373000 	/System/Library/Frameworks/ApplicationServices.framework/Versions/A/Frameworks/QD.framework/Versions/A/QD
0x00007fff2d049000 	/System/Library/Frameworks/ApplicationServices.framework/Versions/A/Frameworks/SpeechSynthesis.framework/Versions/A/SpeechSynthesis
0x00007fff2bfe5000 	/System/Library/Frameworks/ApplicationServices.framework/Versions/A/Frameworks/ATSUI.framework/Versions/A/ATSUI
0x00007fff2d2f0000 	/usr/lib/libcups.2.dylib
0x00007fff2d360000 	/System/Library/PrivateFrameworks/NetAuth.framework/Versions/A/NetAuth
0x00007fff2da0a000 	/System/Library/Frameworks/Kerberos.framework/Versions/A/Kerberos
0x00007fff2da1a000 	/System/Library/Frameworks/GSS.framework/Versions/A/GSS
0x00007fff2d0c5000 	/usr/lib/libresolv.9.dylib
0x00007fff2b959000 	/System/Library/PrivateFrameworks/Heimdal.framework/Versions/A/Heimdal
0x00007fff3379e000 	/System/Library/Frameworks/Kerberos.framework/Versions/A/Libraries/libHeimdalProxy.dylib
0x00007fff26563000 	/System/Library/Frameworks/Network.framework/Versions/A/Network
0x00007fff2b372000 	/usr/lib/libheimdal-asn1.dylib
0x00007fff2da6a000 	/System/Library/PrivateFrameworks/CommonAuth.framework/Versions/A/CommonAuth
0x00007fff275c7000 	/System/Library/PrivateFrameworks/login.framework/Versions/A/Frameworks/loginsupport.framework/Versions/A/loginsupport
0x00007fff2cfce000 	/System/Library/PrivateFrameworks/AudioSession.framework/Versions/A/AudioSession
0x00007fff2d036000 	/usr/lib/libAudioStatistics.dylib
0x00007fff2b3ff000 	/System/Library/PrivateFrameworks/MediaExperience.framework/Versions/A/MediaExperience
0x00007fff2ce6b000 	/System/Library/PrivateFrameworks/AudioSession.framework/libSessionUtility.dylib
0x00007fff2d9fb000 	/usr/lib/libperfcheck.dylib
0x00007fff2d37f000 	/System/Library/PrivateFrameworks/AudioResourceArbitration.framework/Versions/A/AudioResourceArbitration
0x00007fff2b37c000 	/System/Library/PrivateFrameworks/IconFoundation.framework/Versions/A/IconFoundation
0x00007fff2fea8000 	/System/Library/PrivateFrameworks/SpeechRecognitionCore.framework/Versions/A/SpeechRecognitionCore
0x000000010b800000 	/Users/LecouturierLucie/Library/Java/JavaVirtualMachines/openjdk-16.0.2/Contents/Home/lib/server/libjvm.dylib
0x0000000109797000 	/Users/LecouturierLucie/Library/Java/JavaVirtualMachines/openjdk-16.0.2/Contents/Home/lib/libjimage.dylib
0x00000001097a5000 	/Users/LecouturierLucie/Library/Java/JavaVirtualMachines/openjdk-16.0.2/Contents/Home/lib/libinstrument.dylib
0x00000001097b5000 	/Users/LecouturierLucie/Library/Java/JavaVirtualMachines/openjdk-16.0.2/Contents/Home/lib/libjava.dylib
0x0000000114d23000 	/Users/LecouturierLucie/Library/Java/JavaVirtualMachines/openjdk-16.0.2/Contents/Home/lib/libzip.dylib
0x0000000114d31000 	/Users/LecouturierLucie/Library/Java/JavaVirtualMachines/openjdk-16.0.2/Contents/Home/lib/libnio.dylib
0x0000000114d45000 	/Users/LecouturierLucie/Library/Java/JavaVirtualMachines/openjdk-16.0.2/Contents/Home/lib/libnet.dylib
0x0000000114d5f000 	/Users/LecouturierLucie/Library/Java/JavaVirtualMachines/openjdk-16.0.2/Contents/Home/lib/libverify.dylib
0x0000000114d71000 	/Users/LecouturierLucie/Library/Java/JavaVirtualMachines/openjdk-16.0.2/Contents/Home/lib/libextnet.dylib
0x0000000114d78000 	/Users/LecouturierLucie/Library/Java/JavaVirtualMachines/openjdk-16.0.2/Contents/Home/lib/libawt.dylib
0x0000000114e2e000 	/Users/LecouturierLucie/Library/Java/JavaVirtualMachines/openjdk-16.0.2/Contents/Home/lib/libmlib_image.dylib
0x00007fff6f9ff000 	/System/Library/Frameworks/JavaNativeFoundation.framework/Versions/A/JavaNativeFoundation
0x00007fff6fa0b000 	/System/Library/Frameworks/JavaRuntimeSupport.framework/Versions/A/JavaRuntimeSupport
0x00007fff3d411000 	/System/Library/Frameworks/Carbon.framework/Versions/A/Carbon
0x00007fff31e72000 	/System/Library/PrivateFrameworks/CoreSymbolication.framework/Versions/A/CoreSymbolication
0x00007fff3670b000 	/System/Library/Frameworks/Carbon.framework/Versions/A/Frameworks/CommonPanels.framework/Versions/A/CommonPanels
0x00007fff33258000 	/System/Library/Frameworks/Carbon.framework/Versions/A/Frameworks/Help.framework/Versions/A/Help
0x00007fff3670f000 	/System/Library/Frameworks/Carbon.framework/Versions/A/Frameworks/ImageCapture.framework/Versions/A/ImageCapture
0x00007fff366e7000 	/System/Library/Frameworks/Carbon.framework/Versions/A/Frameworks/OpenScripting.framework/Versions/A/OpenScripting
0x00007fff36707000 	/System/Library/Frameworks/Carbon.framework/Versions/A/Frameworks/Ink.framework/Versions/A/Ink
0x00007fff3d40d000 	/System/Library/Frameworks/Carbon.framework/Versions/A/Frameworks/Print.framework/Versions/A/Print
0x00007fff36703000 	/System/Library/Frameworks/Carbon.framework/Versions/A/Frameworks/SecurityHI.framework/Versions/A/SecurityHI
0x00007fff31e35000 	/System/Library/PrivateFrameworks/DebugSymbols.framework/Versions/A/DebugSymbols
0x0000000114ec8000 	/Users/LecouturierLucie/Library/Java/JavaVirtualMachines/openjdk-16.0.2/Contents/Home/lib/libawt_lwawt.dylib
0x0000000114f78000 	/Users/LecouturierLucie/Library/Java/JavaVirtualMachines/openjdk-16.0.2/Contents/Home/lib/libosxapp.dylib
0x00007fff3c7d1000 	/System/Library/Frameworks/ExceptionHandling.framework/Versions/A/ExceptionHandling
0x0000000114f9d000 	/Users/LecouturierLucie/Library/Java/JavaVirtualMachines/openjdk-16.0.2/Contents/Home/lib/libfontmanager.dylib
0x0000000115800000 	/Users/LecouturierLucie/Library/Java/JavaVirtualMachines/openjdk-16.0.2/Contents/Home/lib/libharfbuzz.dylib
0x0000000115988000 	/Users/LecouturierLucie/Library/Java/JavaVirtualMachines/openjdk-16.0.2/Contents/Home/lib/libfreetype.dylib
0x00007fff22d6b000 	/System/Library/PrivateFrameworks/CoreServicesInternal.framework/Versions/A/CoreServicesInternal
0x00007fff3138e000 	/System/Library/Frameworks/FileProvider.framework/Versions/A/FileProvider
0x00007fff2637a000 	/System/Library/Frameworks/Accounts.framework/Versions/A/Accounts
0x00007fff314af000 	/System/Library/PrivateFrameworks/GenerationalStorage.framework/Versions/A/GenerationalStorage
0x00007fff30dad000 	/System/Library/PrivateFrameworks/SymptomDiagnosticReporter.framework/Versions/A/SymptomDiagnosticReporter
0x00007fff2e6b3000 	/System/Library/PrivateFrameworks/AppContainer.framework/Versions/A/AppContainer
0x00007fff23eb7000 	/System/Library/PrivateFrameworks/DesktopServicesPriv.framework/Versions/A/DesktopServicesPriv
0x00007fff22ea0000 	/usr/lib/libsandbox.1.dylib
0x00007fff275f3000 	/System/Library/PrivateFrameworks/UserManagement.framework/Versions/A/UserManagement
0x00007fff29ef4000 	/System/Library/PrivateFrameworks/MobileKeyBag.framework/Versions/A/MobileKeyBag
0x00007fff34808000 	/System/Library/PrivateFrameworks/ChunkingLibrary.framework/Versions/A/ChunkingLibrary
0x00007fff2e6c8000 	/System/Library/PrivateFrameworks/SecCodeWrapper.framework/Versions/A/SecCodeWrapper
0x00007fff2b155000 	/System/Library/PrivateFrameworks/CrashReporterSupport.framework/Versions/A/CrashReporterSupport
0x00007fff4858c000 	/System/Library/PrivateFrameworks/OSAnalytics.framework/Versions/A/OSAnalytics
0x00007fff78397000 	/usr/lib/libRosetta.dylib
0x00007fff331e9000 	/System/Library/PrivateFrameworks/RemoteServiceDiscovery.framework/Versions/A/RemoteServiceDiscovery
0x00007fff52564000 	/System/Library/PrivateFrameworks/Symbolication.framework/Versions/A/Symbolication
0x00007fff331f9000 	/System/Library/PrivateFrameworks/RemoteXPC.framework/Versions/A/RemoteXPC
0x00007fff39704000 	/System/Library/PrivateFrameworks/OSAServicesClient.framework/Versions/A/OSAServicesClient
0x00007fff3dfe2000 	/System/Library/PrivateFrameworks/MallocStackLogging.framework/Versions/A/MallocStackLogging
0x00007fff2e44a000 	/System/Library/PrivateFrameworks/Sharing.framework/Versions/A/Sharing
0x00007fff32dc6000 	/System/Library/PrivateFrameworks/Apple80211.framework/Versions/A/Apple80211
0x00007fff2a579000 	/System/Library/PrivateFrameworks/AuthKit.framework/Versions/A/AuthKit
0x00007fff29cf4000 	/System/Library/PrivateFrameworks/CoreUtils.framework/Versions/A/CoreUtils
0x00007fff29c21000 	/System/Library/Frameworks/CoreWLAN.framework/Versions/A/CoreWLAN
0x00007fff2e592000 	/System/Library/Frameworks/IOBluetooth.framework/Versions/A/IOBluetooth
0x00007fff32e2a000 	/System/Library/PrivateFrameworks/CoreWiFi.framework/Versions/A/CoreWiFi
0x00007fff2daf2000 	/System/Library/PrivateFrameworks/CorePhoneNumbers.framework/Versions/A/CorePhoneNumbers
0x00007fff30eb5000 	/System/Library/PrivateFrameworks/DiskManagement.framework/Versions/A/DiskManagement
0x00007fff30dcb000 	/System/Library/PrivateFrameworks/AppleIDAuthSupport.framework/Versions/A/AppleIDAuthSupport
0x00007fff2dacf000 	/System/Library/PrivateFrameworks/KeychainCircle.framework/Versions/A/KeychainCircle
0x00007fff30e81000 	/System/Library/PrivateFrameworks/MediaKit.framework/Versions/A/MediaKit
0x00007fff30dd8000 	/System/Library/Frameworks/DiscRecording.framework/Versions/A/DiscRecording
0x00007fff2b278000 	/usr/lib/libCoreStorage.dylib
0x00007fff33264000 	/usr/lib/libcsfde.dylib
0x00007fff2e6cc000 	/System/Library/PrivateFrameworks/ProtectedCloudStorage.framework/Versions/A/ProtectedCloudStorage
0x00007fff3325c000 	/System/Library/PrivateFrameworks/EFILogin.framework/Versions/A/EFILogin
0x00007fff33851000 	/System/Library/Frameworks/AudioUnit.framework/Versions/A/AudioUnit
0x00007fff30d4a000 	/System/Library/Frameworks/CoreBluetooth.framework/Versions/A/CoreBluetooth
0x00007fff2b270000 	/usr/lib/libMatch.1.dylib
0x00007fff4421d000 	/System/Library/CoreServices/RawCamera.bundle/Contents/MacOS/RawCamera
0x00007fff2da7b000 	/System/Library/PrivateFrameworks/MobileAsset.framework/Versions/A/MobileAsset
0x00007fff33876000 	/System/Library/PrivateFrameworks/StreamingZip.framework/Versions/A/StreamingZip
0x00007fff2c21d000 	/System/Library/Frameworks/MediaToolbox.framework/Versions/A/MediaToolbox
0x00007fff31360000 	/System/Library/PrivateFrameworks/CoreAVCHD.framework/Versions/A/CoreAVCHD
0x00007fff30514000 	/System/Library/Frameworks/MediaAccessibility.framework/Versions/A/MediaAccessibility
0x00007fff3135c000 	/System/Library/PrivateFrameworks/Mangrove.framework/Versions/A/Mangrove
0x00007fff30520000 	/System/Library/PrivateFrameworks/AlgosScoreFramework.framework/Versions/A/AlgosScoreFramework
0x00007fff31d25000 	/System/Library/PrivateFrameworks/AppleVPA.framework/Versions/A/AppleVPA
0x00007fff30fa1000 	/System/Library/PrivateFrameworks/CoreAUC.framework/Versions/A/CoreAUC
0x00007fff41c0f000 	/System/Library/Frameworks/Accelerate.framework/Versions/A/Frameworks/vImage.framework/Versions/A/Libraries/libCGInterfaces.dylib
0x0000000116bf2000 	/usr/lib/libobjc-trampolines.dylib
0x00007fff272f5000 	/System/Library/PrivateFrameworks/ViewBridge.framework/Versions/A/ViewBridge
0x00000001310a4000 	/Users/LecouturierLucie/Desktop/codingdojo_studentplugin-master/resources/lib/liblwjgl.jnilib
0x000000013111f000 	/Users/LecouturierLucie/Library/Java/JavaVirtualMachines/openjdk-16.0.2/Contents/Home/lib/libjawt.dylib
0x00007fff6cd9c000 	/System/Library/Frameworks/OpenGL.framework/Versions/A/Resources/GLEngine.bundle/GLEngine
0x00007fff6cbfc000 	/System/Library/Frameworks/OpenGL.framework/Versions/A/Libraries/libGLProgrammability.dylib
0x00007fff5ff2c000 	/System/Library/Extensions/AppleIntelKBLGraphicsGLDriver.bundle/Contents/MacOS/AppleIntelKBLGraphicsGLDriver
0x00007fff46f1e000 	/System/Library/PrivateFrameworks/GPUSupport.framework/Versions/A/Libraries/libGPUSupportMercury.dylib
0x00007fff6cf18000 	/System/Library/Frameworks/OpenGL.framework/Versions/A/Resources/GLRendererFloat.bundle/GLRendererFloat
0x00007fff2ba1a000 	/System/Library/PrivateFrameworks/login.framework/Versions/A/login


VM Arguments:
jvm_args: -Djava.library.path=lib -javaagent:/Applications/IntelliJ IDEA CE.app/Contents/lib/idea_rt.jar=51075:/Applications/IntelliJ IDEA CE.app/Contents/bin -Dfile.encoding=UTF-8 
java_command: fr.rphstudio.codingdojo.launcher.MainLauncher -window
java_class_path (initial): ./codingdojo.jar:students/Student54-2.1-p.jar:students/Teachers-2.1-p.jar
Launcher Type: SUN_STANDARD

[Global flags]
     intx CICompilerCount                          = 3                                         {product} {ergonomic}
     uint ConcGCThreads                            = 1                                         {product} {ergonomic}
     uint G1ConcRefinementThreads                  = 4                                         {product} {ergonomic}
   size_t G1HeapRegionSize                         = 1048576                                   {product} {ergonomic}
    uintx GCDrainStackTargetSize                   = 64                                        {product} {ergonomic}
   size_t InitialHeapSize                          = 134217728                                 {product} {ergonomic}
   size_t MarkStackSize                            = 4194304                                   {product} {ergonomic}
   size_t MaxHeapSize                              = 2147483648                                {product} {ergonomic}
   size_t MaxNewSize                               = 1287651328                                {product} {ergonomic}
   size_t MinHeapDeltaBytes                        = 1048576                                   {product} {ergonomic}
   size_t MinHeapSize                              = 8388608                                   {product} {ergonomic}
    uintx NonNMethodCodeHeapSize                   = 5832780                                {pd product} {ergonomic}
    uintx NonProfiledCodeHeapSize                  = 122912730                              {pd product} {ergonomic}
    uintx ProfiledCodeHeapSize                     = 122912730                              {pd product} {ergonomic}
    uintx ReservedCodeCacheSize                    = 251658240                              {pd product} {ergonomic}
     bool SegmentedCodeCache                       = true                                      {product} {ergonomic}
   size_t SoftMaxHeapSize                          = 2147483648                             {manageable} {ergonomic}
     bool UseCompressedClassPointers               = true                           {product lp64_product} {ergonomic}
     bool UseCompressedOops                        = true                           {product lp64_product} {ergonomic}
     bool UseG1GC                                  = true                                      {product} {ergonomic}
     bool UseNUMA                                  = false                                     {product} {ergonomic}
     bool UseNUMAInterleaving                      = false                                     {product} {ergonomic}

Logging:
Log output configuration:
 #0: stdout all=warning uptime,level,tags
 #1: stderr all=off uptime,level,tags

Environment Variables:
PATH=/usr/local/bin:/usr/bin:/bin:/usr/sbin:/sbin:/usr/local/share/dotnet:~/.dotnet/tools:/Library/Apple/usr/bin:/Library/Frameworks/Mono.framework/Versions/Current/Commands
SHELL=/bin/zsh
LC_CTYPE=fr_FR.UTF-8

Signal Handlers:
SIGSEGV: [libjvm.dylib+0xa7da90], sa_mask[0]=11100110000111110111111111111111, sa_flags=SA_ONSTACK|SA_RESTART|SA_SIGINFO
SIGBUS: [libjvm.dylib+0xa7da90], sa_mask[0]=11100110000111110111111111111111, sa_flags=SA_RESTART|SA_SIGINFO
SIGFPE: [libjvm.dylib+0xa7da90], sa_mask[0]=11100110000111110111111111111111, sa_flags=SA_RESTART|SA_SIGINFO
SIGPIPE: [libjvm.dylib+0x947480], sa_mask[0]=11100110000111110111111111111111, sa_flags=SA_RESTART|SA_SIGINFO
SIGXFSZ: [libjvm.dylib+0x947480], sa_mask[0]=11100110000111110111111111111111, sa_flags=SA_RESTART|SA_SIGINFO
SIGILL: [libjvm.dylib+0xa7da90], sa_mask[0]=11100110000111110111111111111111, sa_flags=SA_RESTART|SA_SIGINFO
SIGUSR2: [libjvm.dylib+0x947f30], sa_mask[0]=00100000000000000000000000000000, sa_flags=SA_RESTART|SA_SIGINFO
SIGHUP: [libjvm.dylib+0x9464f0], sa_mask[0]=11100110000111110111111111111111, sa_flags=SA_RESTART|SA_SIGINFO
SIGINT: [libjvm.dylib+0x9464f0], sa_mask[0]=11100110000111110111111111111111, sa_flags=SA_RESTART|SA_SIGINFO
SIGTERM: [libjvm.dylib+0x9464f0], sa_mask[0]=11100110000111110111111111111111, sa_flags=SA_RESTART|SA_SIGINFO
SIGQUIT: [libjvm.dylib+0x9464f0], sa_mask[0]=11100110000111110111111111111111, sa_flags=SA_RESTART|SA_SIGINFO
SIGTRAP: [libjvm.dylib+0xa7da90], sa_mask[0]=11100110000111110111111111111111, sa_flags=SA_RESTART|SA_SIGINFO


---------------  S Y S T E M  ---------------

OS:uname: Darwin 20.3.0 Darwin Kernel Version 20.3.0: Thu Jan 21 00:07:06 PST 2021; root:xnu-7195.81.3~1/RELEASE_X86_64 x86_64
OS uptime: 0 days 11:02 hours
rlimit (soft/hard): STACK 8192k/65532k , CORE 0k/infinity , NPROC 1392/2088 , NOFILE 10240/infinity , AS infinity/infinity , CPU infinity/infinity , DATA infinity/infinity , FSIZE infinity/infinity , MEMLOCK infinity/infinity , RSS infinity/infinity
load average: 2.99 2.42 2.36

CPU: total 4 (initial active 4) (2 cores per cpu, 2 threads per core) family 6 model 142 stepping 9 microcode 0xde, cx8, cmov, fxsr, ht, mmx, 3dnowpref, sse, sse2, sse3, ssse3, sse4.1, sse4.2, popcnt, lzcnt, tsc, tscinvbit, avx, avx2, aes, erms, clmul, bmi1, bmi2, rtm, adx, fma, vzeroupper, clflush, clflushopt

Memory: 4k page, physical 8388608k(495792k free), swap 1048576k(514816k free)

vm_info: OpenJDK 64-Bit Server VM (16.0.2+7-67) for bsd-amd64 JRE (16.0.2+7-67), built on Jun  8 2021 22:20:26 by "mach5one" with clang 4.2.1 Compatible Apple LLVM 11.0.0 (clang-1100.0.33.17)

END.
