#
# A fatal error has been detected by the Java Runtime Environment:
#
#  SIGSEGV (0xb) at pc=0x00007fff202fd9bf, pid=2665, tid=6147
#
# JRE version: OpenJDK Runtime Environment (16.0.2+7) (build 16.0.2+7-67)
# Java VM: OpenJDK 64-Bit Server VM (16.0.2+7-67, mixed mode, sharing, tiered, compressed oops, compressed class ptrs, g1 gc, bsd-amd64)
# Problematic frame:
# C  [libobjc.A.dylib+0x79bf]  objc_release+0x1f
#
# No core dump will be written. Core dumps have been disabled. To enable core dumping, try "ulimit -c unlimited" before starting Java again
#
# If you would like to submit a bug report, please visit:
#   https://bugreport.java.com/bugreport/crash.jsp
# The crash happened outside the Java Virtual Machine in native code.
# See problematic frame for where to report the bug.
#

---------------  S U M M A R Y ------------

Command Line: -Djava.library.path=lib -javaagent:/Applications/IntelliJ IDEA CE.app/Contents/lib/idea_rt.jar=51500:/Applications/IntelliJ IDEA CE.app/Contents/bin -Dfile.encoding=UTF-8 fr.rphstudio.codingdojo.launcher.MainLauncher -window

Host: MacBookPro14,1 x86_64 2300 MHz, 4 cores, 8G, Darwin 20.3.0, macOS 10.16 (20D91)
Time: Thu Sep 16 14:33:36 2021 CEST elapsed time: 0.710968 seconds (0d 0h 0m 0s)

---------------  T H R E A D  ---------------

Current thread (0x00007fc48c808a00):  JavaThread "main" [_thread_in_native, id=6147, stack(0x00007000012ac000,0x00007000013ac000)]

Stack: [0x00007000012ac000,0x00007000013ac000],  sp=0x00007000013ab348,  free space=1020k
Native frames: (J=compiled Java code, A=aot compiled Java code, j=interpreted, Vv=VM code, C=native code)
C  [libobjc.A.dylib+0x79bf]  objc_release+0x1f
C  [libobjc.A.dylib+0x833e]  objc_autoreleasePoolPop+0xa1
C  [CoreFoundation+0x421f0]  _CFAutoreleasePoolPop+0x16
C  [Foundation+0x1edfd]  -[NSAutoreleasePool release]+0x81
j  org.lwjgl.opengl.MacOSXContextImplementation.setView(Ljava/nio/ByteBuffer;Ljava/nio/ByteBuffer;)V+0
j  org.lwjgl.opengl.MacOSXContextImplementation.makeCurrent(Lorg/lwjgl/opengl/PeerInfo;Ljava/nio/ByteBuffer;)V+7
j  org.lwjgl.opengl.ContextGL.makeCurrent()V+46
j  org.lwjgl.opengl.DrawableGL.makeCurrent()V+14
j  org.lwjgl.opengl.Display.makeCurrent()V+3
j  org.lwjgl.opengl.Display.makeCurrentAndSetSwapInterval()V+0
j  org.lwjgl.opengl.Display.create(Lorg/lwjgl/opengl/PixelFormat;Lorg/lwjgl/opengl/Drawable;Lorg/lwjgl/opengl/ContextAttribs;)V+108
j  org.lwjgl.opengl.Display.create(Lorg/lwjgl/opengl/PixelFormat;)V+12
j  org.newdawn.slick.AppGameContainer.tryCreateDisplay(Lorg/lwjgl/opengl/PixelFormat;)V+7
j  org.newdawn.slick.AppGameContainer.access$000(Lorg/newdawn/slick/AppGameContainer;Lorg/lwjgl/opengl/PixelFormat;)V+2
j  org.newdawn.slick.AppGameContainer$2.run()Ljava/lang/Object;+36
j  java.security.AccessController.executePrivileged(Ljava/security/PrivilegedAction;Ljava/security/AccessControlContext;Ljava/lang/Class;)Ljava/lang/Object;+29 java.base@16.0.2
j  java.security.AccessController.doPrivileged(Ljava/security/PrivilegedAction;)Ljava/lang/Object;+5 java.base@16.0.2
j  org.newdawn.slick.AppGameContainer.setup()V+112
j  org.newdawn.slick.AppGameContainer.start()V+1
j  fr.rphstudio.codingdojo.launcher.MainLauncher.main([Ljava/lang/String;)V+133
v  ~StubRoutines::call_stub
V  [libjvm.dylib+0x508a22]  JavaCalls::call_helper(JavaValue*, methodHandle const&, JavaCallArguments*, Thread*)+0x2d2
V  [libjvm.dylib+0x56e288]  jni_invoke_static(JNIEnv_*, JavaValue*, _jobject*, JNICallType, _jmethodID*, JNI_ArgumentPusher*, Thread*)+0x148
V  [libjvm.dylib+0x571a2d]  jni_CallStaticVoidMethod+0x19d
C  [libjli.dylib+0x4e9f]  JavaMain+0xbff
C  [libjli.dylib+0x7519]  ThreadJavaMain+0x9
C  [libsystem_pthread.dylib+0x6950]  _pthread_start+0xe0
C  [libsystem_pthread.dylib+0x247b]  thread_start+0xf

Java frames: (J=compiled Java code, j=interpreted, Vv=VM code)
j  org.lwjgl.opengl.MacOSXContextImplementation.setView(Ljava/nio/ByteBuffer;Ljava/nio/ByteBuffer;)V+0
j  org.lwjgl.opengl.MacOSXContextImplementation.makeCurrent(Lorg/lwjgl/opengl/PeerInfo;Ljava/nio/ByteBuffer;)V+7
j  org.lwjgl.opengl.ContextGL.makeCurrent()V+46
j  org.lwjgl.opengl.DrawableGL.makeCurrent()V+14
j  org.lwjgl.opengl.Display.makeCurrent()V+3
j  org.lwjgl.opengl.Display.makeCurrentAndSetSwapInterval()V+0
j  org.lwjgl.opengl.Display.create(Lorg/lwjgl/opengl/PixelFormat;Lorg/lwjgl/opengl/Drawable;Lorg/lwjgl/opengl/ContextAttribs;)V+108
j  org.lwjgl.opengl.Display.create(Lorg/lwjgl/opengl/PixelFormat;)V+12
j  org.newdawn.slick.AppGameContainer.tryCreateDisplay(Lorg/lwjgl/opengl/PixelFormat;)V+7
j  org.newdawn.slick.AppGameContainer.access$000(Lorg/newdawn/slick/AppGameContainer;Lorg/lwjgl/opengl/PixelFormat;)V+2
j  org.newdawn.slick.AppGameContainer$2.run()Ljava/lang/Object;+36
j  java.security.AccessController.executePrivileged(Ljava/security/PrivilegedAction;Ljava/security/AccessControlContext;Ljava/lang/Class;)Ljava/lang/Object;+29 java.base@16.0.2
j  java.security.AccessController.doPrivileged(Ljava/security/PrivilegedAction;)Ljava/lang/Object;+5 java.base@16.0.2
j  org.newdawn.slick.AppGameContainer.setup()V+112
j  org.newdawn.slick.AppGameContainer.start()V+1
j  fr.rphstudio.codingdojo.launcher.MainLauncher.main([Ljava/lang/String;)V+133
v  ~StubRoutines::call_stub

siginfo: si_signo: 11 (SIGSEGV), si_code: 1 (SEGV_MAPERR), si_addr: 0x0000000000000020

Register to memory mapping:

RAX=0x8000000000000000 is an unknown value
RBX=0x0000000000000001 is an unknown value
RCX=0x0 is NULL
RDX=0x0000000000000005 is an unknown value
RSP=0x00007000013ab348 is pointing into the stack for thread: 0x00007fc48c808a00
RBP=0x00007000013ab380 is pointing into the stack for thread: 0x00007fc48c808a00
RSI=0x00007fc48a5d0830 points into unknown readable memory: 0x013d80012c298b9f | 9f 8b 29 2c 01 80 3d 01
RDI=0x00007fc48a5d9470 points into unknown readable memory: 0x011dffff884ebe91 | 91 be 4e 88 ff ff 1d 01
R8 =0x00000000000130a8 is an unknown value
R9 =0x00007fc48b2b1ac8 points into unknown readable memory: 0x0000000000000000 | 00 00 00 00 00 00 00 00
R10=0x000000012c298b98: OBJC_CLASS_$_MacOSXOpenGLView+0 in /Users/LecouturierLucie/Desktop/codingdojo_studentplugin-master/resources/lib/liblwjgl.jnilib at 0x000000012c25d000
R11=0x00007fff22d42617: -[NSResponder release]+0 in /System/Library/Frameworks/AppKit.framework/Versions/C/AppKit at 0x00007fff22d37000
R12=0x00007fc48a5d9470 points into unknown readable memory: 0x011dffff884ebe91 | 91 be 4e 88 ff ff 1d 01
R13=0xa3a3a3a3a3a3a3a3 is an unknown value
R14=0x00007fc48b0850a8 points into unknown readable memory: 0x0000000000000000 | 00 00 00 00 00 00 00 00
R15=0x00007fc48b085000 points into unknown readable memory: 0x4f545541a1a1a1a1 | a1 a1 a1 a1 41 55 54 4f


Registers:
RAX=0x8000000000000000, RBX=0x0000000000000001, RCX=0x0000000000000000, RDX=0x0000000000000005
RSP=0x00007000013ab348, RBP=0x00007000013ab380, RSI=0x00007fc48a5d0830, RDI=0x00007fc48a5d9470
R8 =0x00000000000130a8, R9 =0x00007fc48b2b1ac8, R10=0x000000012c298b98, R11=0x00007fff22d42617
R12=0x00007fc48a5d9470, R13=0xa3a3a3a3a3a3a3a3, R14=0x00007fc48b0850a8, R15=0x00007fc48b085000
RIP=0x00007fff202fd9bf, EFLAGS=0x0000000000010246, ERR=0x0000000000000004
  TRAPNO=0x000000000000000e

Top of Stack: (sp=0x00007000013ab348)
0x00007000013ab348:   00007fff2031b39d 0000000000000000
0x00007000013ab358:   00007fc48b085000 0000000000000000
0x00007000013ab368:   000000010b086a28 00007fff7c3d8e8f
0x00007000013ab378:   00007fc48c808a00 00007000013ab3a0
0x00007000013ab388:   00007fff202fe33e 0000000000000000
0x00007000013ab398:   00007fc48b0850a8 00007000013ab3c0
0x00007000013ab3a8:   00007fff205181f0 0000000000000000
0x00007000013ab3b8:   00007fc48a584b70 00007000013ab400
0x00007000013ab3c8:   00007fff212a1dfd 00007000013ab400
0x00007000013ab3d8:   000000012c272804 000000010b086a30
0x00007000013ab3e8:   007a172a677f00ec 000000010b086a30
0x00007000013ab3f8:   00007000013ab490 00007000013ab468
0x00007000013ab408:   0000000113999c7b 0000000787a2afc8
0x00007000013ab418:   0000000113999996 00007000013ab420
0x00007000013ab428:   000000010b086a28 00007000013ab490
0x00007000013ab438:   000000010b086f98 0000000000000000
0x00007000013ab448:   0000000787a9ba50 000000010b086a30
0x00007000013ab458:   0000000000000000 00007000013ab488
0x00007000013ab468:   00007000013ab4e0 0000000113995449
0x00007000013ab478:   0000000787a9ba50 0000000113997398
0x00007000013ab488:   0000000787aa5400 0000000787a2afc8
0x00007000013ab498:   00007000013ab498 000000010b08692f
0x00007000013ab4a8:   00007000013ab510 000000010b086f98
0x00007000013ab4b8:   0000000000000000 0000000787a9ba50
0x00007000013ab4c8:   000000010b0869a0 00007000013ab488
0x00007000013ab4d8:   00007000013ab500 00007000013ab570
0x00007000013ab4e8:   00000001139958c1 0000000000000000
0x00007000013ab4f8:   0000000787a2afc8 0000000787aa5400
0x00007000013ab508:   0000000787a2af08 0000000787a9bb78
0x00007000013ab518:   0000000000000001 0000000787a9bb88
0x00007000013ab528:   00007000013ab518 000000010b08426e
0x00007000013ab538:   00007000013ab580 000000010b085120 

Instructions: (pc=0x00007fff202fd9bf)
0x00007fff202fd8bf:   f6 01 00 4c 89 f7 e8 26 f6 01 00 48 c7 05 c3 b9
0x00007fff202fd8cf:   7b 68 00 00 00 00 4d 85 e4 74 23 49 8b 3c 24 49
0x00007fff202fd8df:   8b 5c 24 08 48 85 ff 74 05 e8 0c fc ff ff 4c 89
0x00007fff202fd8ef:   e7 e8 fb f5 01 00 49 89 dc 48 85 db 75 dd 48 8b
0x00007fff202fd8ff:   05 34 dd e6 5f 48 8b 00 48 3b 45 d8 75 32 48 83
0x00007fff202fd90f:   c4 30 5b 41 5c 41 5e 41 5f 5d c3 31 c0 eb 02 b0
0x00007fff202fd91f:   01 80 3d 87 ba 7b 68 00 0f 84 4a fd ff ff 0f b6
0x00007fff202fd92f:   d0 4c 89 ff 31 f6 e8 a9 ea 01 00 e9 38 fd ff ff
0x00007fff202fd93f:   e8 e0 f4 01 00 48 8d 3d 52 93 02 00 89 c6 31 c0
0x00007fff202fd94f:   e8 1d e1 01 00 4c 89 ff e8 2c e5 01 00 48 89 c3
0x00007fff202fd95f:   65 8b 04 25 18 00 00 00 31 c9 f0 0f b1 0d 6b b9
0x00007fff202fd96f:   7b 68 74 0c 48 8d 3d 62 b9 7b 68 e8 25 f6 01 00
0x00007fff202fd97f:   48 89 df e8 55 f4 01 00 0f 0b 90 90 90 90 90 e9
0x00007fff202fd98f:   6b 41 00 00 90 90 90 90 90 90 90 90 90 90 90 90
0x00007fff202fd99f:   90 48 85 ff 74 76 89 f8 83 e0 01 48 85 c0 75 6c
0x00007fff202fd9af:   48 8b 07 48 b9 f8 ff ff ff ff 7f 00 00 48 21 c1
0x00007fff202fd9bf:   48 8b 51 20 f6 c2 04 74 54 a8 01 74 6f 48 b9 00
0x00007fff202fd9cf:   00 00 00 00 00 80 00 48 ba 00 00 00 00 00 00 00
0x00007fff202fd9df:   01 48 39 c8 72 36 48 89 c6 48 29 d6 72 17 f0 48
0x00007fff202fd9ef:   0f b1 37 74 22 a8 01 75 e8 31 f6 ba 01 00 00 00
0x00007fff202fd9ff:   e9 12 ce 01 00 48 85 c8 75 3a 48 8b 35 a0 a7 7b
0x00007fff202fda0f:   68 ff 25 5a dc e6 5f 48 39 ce 72 ee c3 f6 c2 02
0x00007fff202fda1f:   74 0d 66 83 79 1c 00 79 06 f6 41 28 02 75 1f 48
0x00007fff202fda2f:   8b 35 a3 a6 7b 68 ff 25 35 dc e6 5f f6 41 1c 01
0x00007fff202fda3f:   74 b7 eb d8 be 01 00 00 00 e9 a5 5c 00 00 48 8b
0x00007fff202fda4f:   05 24 3d 77 68 ff e0 90 90 90 90 90 90 90 90 90
0x00007fff202fda5f:   90 90 90 90 90 90 e9 04 00 00 00 90 90 90 90 55
0x00007fff202fda6f:   48 89 e5 53 50 48 89 fb f6 c3 01 75 21 48 b8 07
0x00007fff202fda7f:   00 00 00 00 00 a0 00 48 23 03 48 83 f8 01 75 15
0x00007fff202fda8f:   48 89 df 48 83 c4 08 5b 5d e9 53 f4 01 00 48 83
0x00007fff202fda9f:   c4 08 5b 5d c3 48 89 df e8 39 00 00 00 eb e1 90
0x00007fff202fdaaf:   90 90 90 90 90 90 90 90 90 48 85 ff 74 1c 55 48 


Stack slot to memory mapping:
stack at sp + 0 slots: 0x00007fff2031b39d: _ZN19AutoreleasePoolPage12releaseUntilEPP11objc_object+0xa7 in /usr/lib/libobjc.A.dylib at 0x00007fff202f6000
stack at sp + 1 slots: 0x0 is NULL
stack at sp + 2 slots: 0x00007fc48b085000 points into unknown readable memory: 0x4f545541a1a1a1a1 | a1 a1 a1 a1 41 55 54 4f
stack at sp + 3 slots: 0x0 is NULL
stack at sp + 4 slots: 0x000000010b086a28 is pointing into metadata
stack at sp + 5 slots: 0x00007fff7c3d8e8f: GCC_except_table772+0x5c0ae5cb in /usr/lib/libobjc.A.dylib at 0x00007fff202f6000
stack at sp + 6 slots: 0x00007fc48c808a00 is a thread
stack at sp + 7 slots: 0x00007000013ab3a0 is pointing into the stack for thread: 0x00007fc48c808a00


---------------  P R O C E S S  ---------------

Threads class SMR info:
_java_thread_list=0x00007fc48a654970, length=17, elements={
0x00007fc48c808a00, 0x00007fc48b808c00, 0x00007fc48b083a00, 0x00007fc48a809200,
0x00007fc48a80be00, 0x00007fc48a80c400, 0x00007fc48a80ca00, 0x00007fc48a80d000,
0x00007fc48a80d600, 0x00007fc48c83a800, 0x00007fc48b08d600, 0x00007fc48a80e400,
0x00007fc48b80da00, 0x00007fc48b8ca800, 0x00007fc48b1bd000, 0x00007fc48b8ce200,
0x00007fc48a8b4400
}

Java Threads: ( => current thread )
=>0x00007fc48c808a00 JavaThread "main" [_thread_in_native, id=6147, stack(0x00007000012ac000,0x00007000013ac000)]
  0x00007fc48b808c00 JavaThread "Reference Handler" daemon [_thread_blocked, id=14851, stack(0x00007000019c1000,0x0000700001ac1000)]
  0x00007fc48b083a00 JavaThread "Finalizer" daemon [_thread_blocked, id=15363, stack(0x0000700001ac4000,0x0000700001bc4000)]
  0x00007fc48a809200 JavaThread "Signal Dispatcher" daemon [_thread_blocked, id=22787, stack(0x0000700001ccd000,0x0000700001dcd000)]
  0x00007fc48a80be00 JavaThread "Service Thread" daemon [_thread_blocked, id=23043, stack(0x0000700001dd0000,0x0000700001ed0000)]
  0x00007fc48a80c400 JavaThread "Monitor Deflation Thread" daemon [_thread_blocked, id=42499, stack(0x0000700001ed3000,0x0000700001fd3000)]
  0x00007fc48a80ca00 JavaThread "C2 CompilerThread0" daemon [_thread_blocked, id=23555, stack(0x0000700001fd6000,0x00007000020d6000)]
  0x00007fc48a80d000 JavaThread "C1 CompilerThread0" daemon [_thread_blocked, id=24067, stack(0x00007000020d9000,0x00007000021d9000)]
  0x00007fc48a80d600 JavaThread "Sweeper thread" daemon [_thread_blocked, id=42243, stack(0x00007000021dc000,0x00007000022dc000)]
  0x00007fc48c83a800 JavaThread "Common-Cleaner" daemon [_thread_blocked, id=24579, stack(0x00007000022df000,0x00007000023df000)]
  0x00007fc48b08d600 JavaThread "Monitor Ctrl-Break" daemon [_thread_in_native, id=24835, stack(0x00007000023e2000,0x00007000024e2000)]
  0x00007fc48a80e400 JavaThread "Notification Thread" daemon [_thread_blocked, id=25347, stack(0x00007000024e5000,0x00007000025e5000)]
  0x00007fc48b80da00 JavaThread "AppKit Thread" daemon [_thread_in_native, id=775, stack(0x00007ffeeaadf000,0x00007ffeeb2df000)]
  0x00007fc48b8ca800 JavaThread "AWT-Shutdown" [_thread_blocked, id=31771, stack(0x00007000026eb000,0x00007000027eb000)]
  0x00007fc48b1bd000 JavaThread "C2 CompilerThread1" daemon [_thread_blocked, id=53259, stack(0x00007000029fa000,0x0000700002afa000)]
  0x00007fc48b8ce200 JavaThread "Java2D Disposer" daemon [_thread_blocked, id=53763, stack(0x0000700002afd000,0x0000700002bfd000)]
  0x00007fc48a8b4400 JavaThread "Java2D Queue Flusher" daemon [_thread_blocked, id=54275, stack(0x0000700002c00000,0x0000700002d00000)]

Other Threads:
  0x00007fc48a532ee0 VMThread "VM Thread" [stack: 0x00007000018be000,0x00007000019be000] [id=14595]
  0x00007fc48a428ba0 WatcherThread [stack: 0x00007000025e8000,0x00007000026e8000] [id=25603]
  0x00007fc48a714810 GCTaskThread "GC Thread#0" [stack: 0x00007000013af000,0x00007000014af000] [id=20227]
  0x00007fc48a715740 ConcurrentGCThread "G1 Main Marker" [stack: 0x00007000014b2000,0x00007000015b2000] [id=19715]
  0x00007fc48a508820 ConcurrentGCThread "G1 Conc#0" [stack: 0x00007000015b5000,0x00007000016b5000] [id=19203]
  0x00007fc48a523d40 ConcurrentGCThread "G1 Refine#0" [stack: 0x00007000016b8000,0x00007000017b8000] [id=13315]
  0x00007fc48a524c00 ConcurrentGCThread "G1 Service" [stack: 0x00007000017bb000,0x00007000018bb000] [id=13571]

Threads with active compile tasks:

VM state: not at safepoint (normal execution)

VM Mutex/Monitor currently owned by a thread: None

Heap address: 0x0000000780000000, size: 2048 MB, Compressed Oops mode: Zero based, Oop shift amount: 3

CDS archive(s) mapped at: [0x0000000800000000-0x0000000800bb9000-0x0000000800bb9000), size 12292096, SharedBaseAddress: 0x0000000800000000, ArchiveRelocationMode: 0.
Compressed class space mapped at: 0x0000000800c00000-0x0000000840c00000, reserved size: 1073741824
Narrow klass base: 0x0000000800000000, Narrow klass shift: 3, Narrow klass range: 0x100000000

GC Precious Log:
 CPUs: 4 total, 4 available
 Memory: 8192M
 Large Page Support: Disabled
 NUMA Support: Disabled
 Compressed Oops: Enabled (Zero based)
 Heap Region Size: 1M
 Heap Min Capacity: 8M
 Heap Initial Capacity: 128M
 Heap Max Capacity: 2G
 Pre-touch: Disabled
 Parallel Workers: 4
 Concurrent Workers: 1
 Concurrent Refinement Workers: 4
 Periodic GC: Disabled

Heap:
 garbage-first heap   total 133120K, used 6088K [0x0000000780000000, 0x0000000800000000)
  region size 1024K, 6 young (6144K), 0 survivors (0K)
 Metaspace       used 5532K, committed 5696K, reserved 1056768K
  class space    used 539K, committed 640K, reserved 1048576K

Heap Regions: E=young(eden), S=young(survivor), O=old, HS=humongous(starts), HC=humongous(continues), CS=collection set, F=free, OA=open archive, CA=closed archive, TAMS=top-at-mark-start (previous, next)
|   0|0x0000000780000000, 0x0000000780000000, 0x0000000780100000|  0%| F|  |TAMS 0x0000000780000000, 0x0000000780000000| Untracked 
|   1|0x0000000780100000, 0x0000000780100000, 0x0000000780200000|  0%| F|  |TAMS 0x0000000780100000, 0x0000000780100000| Untracked 
|   2|0x0000000780200000, 0x0000000780200000, 0x0000000780300000|  0%| F|  |TAMS 0x0000000780200000, 0x0000000780200000| Untracked 
|   3|0x0000000780300000, 0x0000000780300000, 0x0000000780400000|  0%| F|  |TAMS 0x0000000780300000, 0x0000000780300000| Untracked 
|   4|0x0000000780400000, 0x0000000780400000, 0x0000000780500000|  0%| F|  |TAMS 0x0000000780400000, 0x0000000780400000| Untracked 
|   5|0x0000000780500000, 0x0000000780500000, 0x0000000780600000|  0%| F|  |TAMS 0x0000000780500000, 0x0000000780500000| Untracked 
|   6|0x0000000780600000, 0x0000000780600000, 0x0000000780700000|  0%| F|  |TAMS 0x0000000780600000, 0x0000000780600000| Untracked 
|   7|0x0000000780700000, 0x0000000780700000, 0x0000000780800000|  0%| F|  |TAMS 0x0000000780700000, 0x0000000780700000| Untracked 
|   8|0x0000000780800000, 0x0000000780800000, 0x0000000780900000|  0%| F|  |TAMS 0x0000000780800000, 0x0000000780800000| Untracked 
|   9|0x0000000780900000, 0x0000000780900000, 0x0000000780a00000|  0%| F|  |TAMS 0x0000000780900000, 0x0000000780900000| Untracked 
|  10|0x0000000780a00000, 0x0000000780a00000, 0x0000000780b00000|  0%| F|  |TAMS 0x0000000780a00000, 0x0000000780a00000| Untracked 
|  11|0x0000000780b00000, 0x0000000780b00000, 0x0000000780c00000|  0%| F|  |TAMS 0x0000000780b00000, 0x0000000780b00000| Untracked 
|  12|0x0000000780c00000, 0x0000000780c00000, 0x0000000780d00000|  0%| F|  |TAMS 0x0000000780c00000, 0x0000000780c00000| Untracked 
|  13|0x0000000780d00000, 0x0000000780d00000, 0x0000000780e00000|  0%| F|  |TAMS 0x0000000780d00000, 0x0000000780d00000| Untracked 
|  14|0x0000000780e00000, 0x0000000780e00000, 0x0000000780f00000|  0%| F|  |TAMS 0x0000000780e00000, 0x0000000780e00000| Untracked 
|  15|0x0000000780f00000, 0x0000000780f00000, 0x0000000781000000|  0%| F|  |TAMS 0x0000000780f00000, 0x0000000780f00000| Untracked 
|  16|0x0000000781000000, 0x0000000781000000, 0x0000000781100000|  0%| F|  |TAMS 0x0000000781000000, 0x0000000781000000| Untracked 
|  17|0x0000000781100000, 0x0000000781100000, 0x0000000781200000|  0%| F|  |TAMS 0x0000000781100000, 0x0000000781100000| Untracked 
|  18|0x0000000781200000, 0x0000000781200000, 0x0000000781300000|  0%| F|  |TAMS 0x0000000781200000, 0x0000000781200000| Untracked 
|  19|0x0000000781300000, 0x0000000781300000, 0x0000000781400000|  0%| F|  |TAMS 0x0000000781300000, 0x0000000781300000| Untracked 
|  20|0x0000000781400000, 0x0000000781400000, 0x0000000781500000|  0%| F|  |TAMS 0x0000000781400000, 0x0000000781400000| Untracked 
|  21|0x0000000781500000, 0x0000000781500000, 0x0000000781600000|  0%| F|  |TAMS 0x0000000781500000, 0x0000000781500000| Untracked 
|  22|0x0000000781600000, 0x0000000781600000, 0x0000000781700000|  0%| F|  |TAMS 0x0000000781600000, 0x0000000781600000| Untracked 
|  23|0x0000000781700000, 0x0000000781700000, 0x0000000781800000|  0%| F|  |TAMS 0x0000000781700000, 0x0000000781700000| Untracked 
|  24|0x0000000781800000, 0x0000000781800000, 0x0000000781900000|  0%| F|  |TAMS 0x0000000781800000, 0x0000000781800000| Untracked 
|  25|0x0000000781900000, 0x0000000781900000, 0x0000000781a00000|  0%| F|  |TAMS 0x0000000781900000, 0x0000000781900000| Untracked 
|  26|0x0000000781a00000, 0x0000000781a00000, 0x0000000781b00000|  0%| F|  |TAMS 0x0000000781a00000, 0x0000000781a00000| Untracked 
|  27|0x0000000781b00000, 0x0000000781b00000, 0x0000000781c00000|  0%| F|  |TAMS 0x0000000781b00000, 0x0000000781b00000| Untracked 
|  28|0x0000000781c00000, 0x0000000781c00000, 0x0000000781d00000|  0%| F|  |TAMS 0x0000000781c00000, 0x0000000781c00000| Untracked 
|  29|0x0000000781d00000, 0x0000000781d00000, 0x0000000781e00000|  0%| F|  |TAMS 0x0000000781d00000, 0x0000000781d00000| Untracked 
|  30|0x0000000781e00000, 0x0000000781e00000, 0x0000000781f00000|  0%| F|  |TAMS 0x0000000781e00000, 0x0000000781e00000| Untracked 
|  31|0x0000000781f00000, 0x0000000781f00000, 0x0000000782000000|  0%| F|  |TAMS 0x0000000781f00000, 0x0000000781f00000| Untracked 
|  32|0x0000000782000000, 0x0000000782000000, 0x0000000782100000|  0%| F|  |TAMS 0x0000000782000000, 0x0000000782000000| Untracked 
|  33|0x0000000782100000, 0x0000000782100000, 0x0000000782200000|  0%| F|  |TAMS 0x0000000782100000, 0x0000000782100000| Untracked 
|  34|0x0000000782200000, 0x0000000782200000, 0x0000000782300000|  0%| F|  |TAMS 0x0000000782200000, 0x0000000782200000| Untracked 
|  35|0x0000000782300000, 0x0000000782300000, 0x0000000782400000|  0%| F|  |TAMS 0x0000000782300000, 0x0000000782300000| Untracked 
|  36|0x0000000782400000, 0x0000000782400000, 0x0000000782500000|  0%| F|  |TAMS 0x0000000782400000, 0x0000000782400000| Untracked 
|  37|0x0000000782500000, 0x0000000782500000, 0x0000000782600000|  0%| F|  |TAMS 0x0000000782500000, 0x0000000782500000| Untracked 
|  38|0x0000000782600000, 0x0000000782600000, 0x0000000782700000|  0%| F|  |TAMS 0x0000000782600000, 0x0000000782600000| Untracked 
|  39|0x0000000782700000, 0x0000000782700000, 0x0000000782800000|  0%| F|  |TAMS 0x0000000782700000, 0x0000000782700000| Untracked 
|  40|0x0000000782800000, 0x0000000782800000, 0x0000000782900000|  0%| F|  |TAMS 0x0000000782800000, 0x0000000782800000| Untracked 
|  41|0x0000000782900000, 0x0000000782900000, 0x0000000782a00000|  0%| F|  |TAMS 0x0000000782900000, 0x0000000782900000| Untracked 
|  42|0x0000000782a00000, 0x0000000782a00000, 0x0000000782b00000|  0%| F|  |TAMS 0x0000000782a00000, 0x0000000782a00000| Untracked 
|  43|0x0000000782b00000, 0x0000000782b00000, 0x0000000782c00000|  0%| F|  |TAMS 0x0000000782b00000, 0x0000000782b00000| Untracked 
|  44|0x0000000782c00000, 0x0000000782c00000, 0x0000000782d00000|  0%| F|  |TAMS 0x0000000782c00000, 0x0000000782c00000| Untracked 
|  45|0x0000000782d00000, 0x0000000782d00000, 0x0000000782e00000|  0%| F|  |TAMS 0x0000000782d00000, 0x0000000782d00000| Untracked 
|  46|0x0000000782e00000, 0x0000000782e00000, 0x0000000782f00000|  0%| F|  |TAMS 0x0000000782e00000, 0x0000000782e00000| Untracked 
|  47|0x0000000782f00000, 0x0000000782f00000, 0x0000000783000000|  0%| F|  |TAMS 0x0000000782f00000, 0x0000000782f00000| Untracked 
|  48|0x0000000783000000, 0x0000000783000000, 0x0000000783100000|  0%| F|  |TAMS 0x0000000783000000, 0x0000000783000000| Untracked 
|  49|0x0000000783100000, 0x0000000783100000, 0x0000000783200000|  0%| F|  |TAMS 0x0000000783100000, 0x0000000783100000| Untracked 
|  50|0x0000000783200000, 0x0000000783200000, 0x0000000783300000|  0%| F|  |TAMS 0x0000000783200000, 0x0000000783200000| Untracked 
|  51|0x0000000783300000, 0x0000000783300000, 0x0000000783400000|  0%| F|  |TAMS 0x0000000783300000, 0x0000000783300000| Untracked 
|  52|0x0000000783400000, 0x0000000783400000, 0x0000000783500000|  0%| F|  |TAMS 0x0000000783400000, 0x0000000783400000| Untracked 
|  53|0x0000000783500000, 0x0000000783500000, 0x0000000783600000|  0%| F|  |TAMS 0x0000000783500000, 0x0000000783500000| Untracked 
|  54|0x0000000783600000, 0x0000000783600000, 0x0000000783700000|  0%| F|  |TAMS 0x0000000783600000, 0x0000000783600000| Untracked 
|  55|0x0000000783700000, 0x0000000783700000, 0x0000000783800000|  0%| F|  |TAMS 0x0000000783700000, 0x0000000783700000| Untracked 
|  56|0x0000000783800000, 0x0000000783800000, 0x0000000783900000|  0%| F|  |TAMS 0x0000000783800000, 0x0000000783800000| Untracked 
|  57|0x0000000783900000, 0x0000000783900000, 0x0000000783a00000|  0%| F|  |TAMS 0x0000000783900000, 0x0000000783900000| Untracked 
|  58|0x0000000783a00000, 0x0000000783a00000, 0x0000000783b00000|  0%| F|  |TAMS 0x0000000783a00000, 0x0000000783a00000| Untracked 
|  59|0x0000000783b00000, 0x0000000783b00000, 0x0000000783c00000|  0%| F|  |TAMS 0x0000000783b00000, 0x0000000783b00000| Untracked 
|  60|0x0000000783c00000, 0x0000000783c00000, 0x0000000783d00000|  0%| F|  |TAMS 0x0000000783c00000, 0x0000000783c00000| Untracked 
|  61|0x0000000783d00000, 0x0000000783d00000, 0x0000000783e00000|  0%| F|  |TAMS 0x0000000783d00000, 0x0000000783d00000| Untracked 
|  62|0x0000000783e00000, 0x0000000783e00000, 0x0000000783f00000|  0%| F|  |TAMS 0x0000000783e00000, 0x0000000783e00000| Untracked 
|  63|0x0000000783f00000, 0x0000000783f00000, 0x0000000784000000|  0%| F|  |TAMS 0x0000000783f00000, 0x0000000783f00000| Untracked 
|  64|0x0000000784000000, 0x0000000784000000, 0x0000000784100000|  0%| F|  |TAMS 0x0000000784000000, 0x0000000784000000| Untracked 
|  65|0x0000000784100000, 0x0000000784100000, 0x0000000784200000|  0%| F|  |TAMS 0x0000000784100000, 0x0000000784100000| Untracked 
|  66|0x0000000784200000, 0x0000000784200000, 0x0000000784300000|  0%| F|  |TAMS 0x0000000784200000, 0x0000000784200000| Untracked 
|  67|0x0000000784300000, 0x0000000784300000, 0x0000000784400000|  0%| F|  |TAMS 0x0000000784300000, 0x0000000784300000| Untracked 
|  68|0x0000000784400000, 0x0000000784400000, 0x0000000784500000|  0%| F|  |TAMS 0x0000000784400000, 0x0000000784400000| Untracked 
|  69|0x0000000784500000, 0x0000000784500000, 0x0000000784600000|  0%| F|  |TAMS 0x0000000784500000, 0x0000000784500000| Untracked 
|  70|0x0000000784600000, 0x0000000784600000, 0x0000000784700000|  0%| F|  |TAMS 0x0000000784600000, 0x0000000784600000| Untracked 
|  71|0x0000000784700000, 0x0000000784700000, 0x0000000784800000|  0%| F|  |TAMS 0x0000000784700000, 0x0000000784700000| Untracked 
|  72|0x0000000784800000, 0x0000000784800000, 0x0000000784900000|  0%| F|  |TAMS 0x0000000784800000, 0x0000000784800000| Untracked 
|  73|0x0000000784900000, 0x0000000784900000, 0x0000000784a00000|  0%| F|  |TAMS 0x0000000784900000, 0x0000000784900000| Untracked 
|  74|0x0000000784a00000, 0x0000000784a00000, 0x0000000784b00000|  0%| F|  |TAMS 0x0000000784a00000, 0x0000000784a00000| Untracked 
|  75|0x0000000784b00000, 0x0000000784b00000, 0x0000000784c00000|  0%| F|  |TAMS 0x0000000784b00000, 0x0000000784b00000| Untracked 
|  76|0x0000000784c00000, 0x0000000784c00000, 0x0000000784d00000|  0%| F|  |TAMS 0x0000000784c00000, 0x0000000784c00000| Untracked 
|  77|0x0000000784d00000, 0x0000000784d00000, 0x0000000784e00000|  0%| F|  |TAMS 0x0000000784d00000, 0x0000000784d00000| Untracked 
|  78|0x0000000784e00000, 0x0000000784e00000, 0x0000000784f00000|  0%| F|  |TAMS 0x0000000784e00000, 0x0000000784e00000| Untracked 
|  79|0x0000000784f00000, 0x0000000784f00000, 0x0000000785000000|  0%| F|  |TAMS 0x0000000784f00000, 0x0000000784f00000| Untracked 
|  80|0x0000000785000000, 0x0000000785000000, 0x0000000785100000|  0%| F|  |TAMS 0x0000000785000000, 0x0000000785000000| Untracked 
|  81|0x0000000785100000, 0x0000000785100000, 0x0000000785200000|  0%| F|  |TAMS 0x0000000785100000, 0x0000000785100000| Untracked 
|  82|0x0000000785200000, 0x0000000785200000, 0x0000000785300000|  0%| F|  |TAMS 0x0000000785200000, 0x0000000785200000| Untracked 
|  83|0x0000000785300000, 0x0000000785300000, 0x0000000785400000|  0%| F|  |TAMS 0x0000000785300000, 0x0000000785300000| Untracked 
|  84|0x0000000785400000, 0x0000000785400000, 0x0000000785500000|  0%| F|  |TAMS 0x0000000785400000, 0x0000000785400000| Untracked 
|  85|0x0000000785500000, 0x0000000785500000, 0x0000000785600000|  0%| F|  |TAMS 0x0000000785500000, 0x0000000785500000| Untracked 
|  86|0x0000000785600000, 0x0000000785600000, 0x0000000785700000|  0%| F|  |TAMS 0x0000000785600000, 0x0000000785600000| Untracked 
|  87|0x0000000785700000, 0x0000000785700000, 0x0000000785800000|  0%| F|  |TAMS 0x0000000785700000, 0x0000000785700000| Untracked 
|  88|0x0000000785800000, 0x0000000785800000, 0x0000000785900000|  0%| F|  |TAMS 0x0000000785800000, 0x0000000785800000| Untracked 
|  89|0x0000000785900000, 0x0000000785900000, 0x0000000785a00000|  0%| F|  |TAMS 0x0000000785900000, 0x0000000785900000| Untracked 
|  90|0x0000000785a00000, 0x0000000785a00000, 0x0000000785b00000|  0%| F|  |TAMS 0x0000000785a00000, 0x0000000785a00000| Untracked 
|  91|0x0000000785b00000, 0x0000000785b00000, 0x0000000785c00000|  0%| F|  |TAMS 0x0000000785b00000, 0x0000000785b00000| Untracked 
|  92|0x0000000785c00000, 0x0000000785c00000, 0x0000000785d00000|  0%| F|  |TAMS 0x0000000785c00000, 0x0000000785c00000| Untracked 
|  93|0x0000000785d00000, 0x0000000785d00000, 0x0000000785e00000|  0%| F|  |TAMS 0x0000000785d00000, 0x0000000785d00000| Untracked 
|  94|0x0000000785e00000, 0x0000000785e00000, 0x0000000785f00000|  0%| F|  |TAMS 0x0000000785e00000, 0x0000000785e00000| Untracked 
|  95|0x0000000785f00000, 0x0000000785f00000, 0x0000000786000000|  0%| F|  |TAMS 0x0000000785f00000, 0x0000000785f00000| Untracked 
|  96|0x0000000786000000, 0x0000000786000000, 0x0000000786100000|  0%| F|  |TAMS 0x0000000786000000, 0x0000000786000000| Untracked 
|  97|0x0000000786100000, 0x0000000786100000, 0x0000000786200000|  0%| F|  |TAMS 0x0000000786100000, 0x0000000786100000| Untracked 
|  98|0x0000000786200000, 0x0000000786200000, 0x0000000786300000|  0%| F|  |TAMS 0x0000000786200000, 0x0000000786200000| Untracked 
|  99|0x0000000786300000, 0x0000000786300000, 0x0000000786400000|  0%| F|  |TAMS 0x0000000786300000, 0x0000000786300000| Untracked 
| 100|0x0000000786400000, 0x0000000786400000, 0x0000000786500000|  0%| F|  |TAMS 0x0000000786400000, 0x0000000786400000| Untracked 
| 101|0x0000000786500000, 0x0000000786500000, 0x0000000786600000|  0%| F|  |TAMS 0x0000000786500000, 0x0000000786500000| Untracked 
| 102|0x0000000786600000, 0x0000000786600000, 0x0000000786700000|  0%| F|  |TAMS 0x0000000786600000, 0x0000000786600000| Untracked 
| 103|0x0000000786700000, 0x0000000786700000, 0x0000000786800000|  0%| F|  |TAMS 0x0000000786700000, 0x0000000786700000| Untracked 
| 104|0x0000000786800000, 0x0000000786800000, 0x0000000786900000|  0%| F|  |TAMS 0x0000000786800000, 0x0000000786800000| Untracked 
| 105|0x0000000786900000, 0x0000000786900000, 0x0000000786a00000|  0%| F|  |TAMS 0x0000000786900000, 0x0000000786900000| Untracked 
| 106|0x0000000786a00000, 0x0000000786a00000, 0x0000000786b00000|  0%| F|  |TAMS 0x0000000786a00000, 0x0000000786a00000| Untracked 
| 107|0x0000000786b00000, 0x0000000786b00000, 0x0000000786c00000|  0%| F|  |TAMS 0x0000000786b00000, 0x0000000786b00000| Untracked 
| 108|0x0000000786c00000, 0x0000000786c00000, 0x0000000786d00000|  0%| F|  |TAMS 0x0000000786c00000, 0x0000000786c00000| Untracked 
| 109|0x0000000786d00000, 0x0000000786d00000, 0x0000000786e00000|  0%| F|  |TAMS 0x0000000786d00000, 0x0000000786d00000| Untracked 
| 110|0x0000000786e00000, 0x0000000786e00000, 0x0000000786f00000|  0%| F|  |TAMS 0x0000000786e00000, 0x0000000786e00000| Untracked 
| 111|0x0000000786f00000, 0x0000000786f00000, 0x0000000787000000|  0%| F|  |TAMS 0x0000000786f00000, 0x0000000786f00000| Untracked 
| 112|0x0000000787000000, 0x0000000787000000, 0x0000000787100000|  0%| F|  |TAMS 0x0000000787000000, 0x0000000787000000| Untracked 
| 113|0x0000000787100000, 0x0000000787100000, 0x0000000787200000|  0%| F|  |TAMS 0x0000000787100000, 0x0000000787100000| Untracked 
| 114|0x0000000787200000, 0x0000000787200000, 0x0000000787300000|  0%| F|  |TAMS 0x0000000787200000, 0x0000000787200000| Untracked 
| 115|0x0000000787300000, 0x0000000787300000, 0x0000000787400000|  0%| F|  |TAMS 0x0000000787300000, 0x0000000787300000| Untracked 
| 116|0x0000000787400000, 0x0000000787400000, 0x0000000787500000|  0%| F|  |TAMS 0x0000000787400000, 0x0000000787400000| Untracked 
| 117|0x0000000787500000, 0x0000000787500000, 0x0000000787600000|  0%| F|  |TAMS 0x0000000787500000, 0x0000000787500000| Untracked 
| 118|0x0000000787600000, 0x0000000787600000, 0x0000000787700000|  0%| F|  |TAMS 0x0000000787600000, 0x0000000787600000| Untracked 
| 119|0x0000000787700000, 0x0000000787700000, 0x0000000787800000|  0%| F|  |TAMS 0x0000000787700000, 0x0000000787700000| Untracked 
| 120|0x0000000787800000, 0x0000000787800000, 0x0000000787900000|  0%| F|  |TAMS 0x0000000787800000, 0x0000000787800000| Untracked 
| 121|0x0000000787900000, 0x0000000787900000, 0x0000000787a00000|  0%| F|  |TAMS 0x0000000787900000, 0x0000000787900000| Untracked 
| 122|0x0000000787a00000, 0x0000000787ac8360, 0x0000000787b00000| 78%| E|  |TAMS 0x0000000787a00000, 0x0000000787a00000| Complete 
| 123|0x0000000787b00000, 0x0000000787c00000, 0x0000000787c00000|100%| E|CS|TAMS 0x0000000787b00000, 0x0000000787b00000| Complete 
| 124|0x0000000787c00000, 0x0000000787d00000, 0x0000000787d00000|100%| E|CS|TAMS 0x0000000787c00000, 0x0000000787c00000| Complete 
| 125|0x0000000787d00000, 0x0000000787e00000, 0x0000000787e00000|100%| E|CS|TAMS 0x0000000787d00000, 0x0000000787d00000| Complete 
| 126|0x0000000787e00000, 0x0000000787f00000, 0x0000000787f00000|100%| E|CS|TAMS 0x0000000787e00000, 0x0000000787e00000| Complete 
| 127|0x0000000787f00000, 0x0000000788000000, 0x0000000788000000|100%| E|CS|TAMS 0x0000000787f00000, 0x0000000787f00000| Complete 
|1022|0x00000007bfe00000, 0x00000007bfe75000, 0x00000007bff00000| 45%|OA|  |TAMS 0x00000007bfe00000, 0x00000007bfe00000| Untracked 
|1023|0x00000007bff00000, 0x00000007bff7d000, 0x00000007c0000000| 48%|CA|  |TAMS 0x00000007bff00000, 0x00000007bff00000| Untracked 

Card table byte_map: [0x000000010808b000,0x000000010848b000] _byte_map_base: 0x000000010448b000

Marking Bits (Prev, Next): (CMBitMap*) 0x00007fc48b812210, (CMBitMap*) 0x00007fc48b812250
 Prev Bits: [0x000000010888b000, 0x000000010a88b000)
 Next Bits: [0x000000012298c000, 0x000000012498c000)

Polling page: 0x000000010495f000

Metaspace:

Usage:
  Non-class:      4.88 MB used.
      Class:    539.27 KB used.
       Both:      5.40 MB used.

Virtual space:
  Non-class space:        8.00 MB reserved,       4.94 MB ( 62%) committed,  1 nodes.
      Class space:        1.00 GB reserved,     640.00 KB ( <1%) committed,  1 nodes.
              Both:        1.01 GB reserved,       5.56 MB ( <1%) committed. 

Chunk freelists:
   Non-Class:  2.45 MB
       Class:  3.23 MB
        Both:  5.69 MB

MaxMetaspaceSize: 17179869184.00 GB
CompressedClassSpaceSize: 1.00 GB
 - commit_granule_bytes: 65536.
 - commit_granule_words: 8192.
 - virtual_space_node_default_size: 1048576.
 - enlarge_chunks_in_place: 1.
 - new_chunks_are_fully_committed: 0.
 - uncommit_free_chunks: 1.
 - use_allocation_guard: 0.
 - handle_deallocations: 1.


Internal statistics:

num_allocs_failed_limit: 0.
num_arena_births: 66.
num_arena_deaths: 0.
num_vsnodes_births: 2.
num_vsnodes_deaths: 0.
num_space_committed: 89.
num_space_uncommitted: 0.
num_chunks_returned_to_freelist: 0.
num_chunks_taken_from_freelist: 117.
num_chunk_merges: 0.
num_chunk_splits: 68.
num_chunks_enlarged: 37.
num_purges: 0.

CodeHeap 'non-profiled nmethods': size=120032Kb used=185Kb max_used=185Kb free=119846Kb
 bounds [0x000000011b454000, 0x000000011b6c4000, 0x000000012298c000]
CodeHeap 'profiled nmethods': size=120028Kb used=861Kb max_used=861Kb free=119166Kb
 bounds [0x0000000113f1d000, 0x000000011418d000, 0x000000011b454000]
CodeHeap 'non-nmethods': size=5700Kb used=1238Kb max_used=1248Kb free=4461Kb
 bounds [0x000000011398c000, 0x0000000113bfc000, 0x0000000113f1d000]
 total_blobs=1143 nmethods=592 adapters=465
 compilation: enabled
              stopped_count=0, restarted_count=0
 full_count=0

Compilation events (20 events):
Event: 0.637 Thread 0x00007fc48a80d000  582       3       java.lang.reflect.Modifier::isStatic (13 bytes)
Event: 0.637 Thread 0x00007fc48a80d000 nmethod 582 0x0000000113ff0d90 code [0x0000000113ff0f20, 0x0000000113ff1070]
Event: 0.637 Thread 0x00007fc48a80d000  583       3       java.lang.reflect.Modifier::isFinal (13 bytes)
Event: 0.637 Thread 0x00007fc48a80d000 nmethod 583 0x0000000113ff1110 code [0x0000000113ff12a0, 0x0000000113ff13f0]
Event: 0.637 Thread 0x00007fc48a80d000  584       1       java.lang.reflect.Field::getType (5 bytes)
Event: 0.637 Thread 0x00007fc48a80d000 nmethod 584 0x000000011b481b10 code [0x000000011b481ca0, 0x000000011b481d70]
Event: 0.637 Thread 0x00007fc48a80d000  585       3       java.lang.String::endsWith (15 bytes)
Event: 0.646 Thread 0x00007fc48a80d000 nmethod 585 0x0000000113ff1490 code [0x0000000113ff1660, 0x0000000113ff19a0]
Event: 0.646 Thread 0x00007fc48a80d000  586       3       java.lang.Integer::valueOf (32 bytes)
Event: 0.646 Thread 0x00007fc48a80d000 nmethod 586 0x0000000113ff1b90 code [0x0000000113ff1d60, 0x0000000113ff2090]
Event: 0.646 Thread 0x00007fc48a80d000  587       3       java.lang.String::substring (10 bytes)
Event: 0.646 Thread 0x00007fc48a80d000 nmethod 587 0x0000000113ff2210 code [0x0000000113ff23c0, 0x0000000113ff25e0]
Event: 0.646 Thread 0x00007fc48a80d000  589       3       java.util.jar.JarFile::getJarEntry (9 bytes)
Event: 0.647 Thread 0x00007fc48a80d000 nmethod 589 0x0000000113ff2710 code [0x0000000113ff2900, 0x0000000113ff2df0]
Event: 0.647 Thread 0x00007fc48a80d000  590       3       java.util.jar.JarFile::getEntry (35 bytes)
Event: 0.647 Thread 0x00007fc48a80d000 nmethod 590 0x0000000113ff2f90 code [0x0000000113ff3180, 0x0000000113ff3610]
Event: 0.647 Thread 0x00007fc48a80d000  588       1       java.lang.reflect.Field::getRoot (5 bytes)
Event: 0.647 Thread 0x00007fc48a80d000 nmethod 588 0x000000011b481e10 code [0x000000011b481fa0, 0x000000011b482070]
Event: 0.659 Thread 0x00007fc48a80d000  591   !   3       jdk.internal.loader.URLClassPath$JarLoader::getResource (65 bytes)
Event: 0.661 Thread 0x00007fc48a80d000 nmethod 591 0x0000000113ff3790 code [0x0000000113ff3a00, 0x0000000113ff4380]

GC Heap History (0 events):
No events

Deoptimization events (4 events):
Event: 0.477 Thread 0x00007fc48c808a00 Uncommon trap: trap_request=0xffffff45 fr.pc=0x000000011b45f8d0 relative=0x0000000000000850
Event: 0.477 Thread 0x00007fc48c808a00 Uncommon trap: reason=unstable_if action=reinterpret pc=0x000000011b45f8d0 method=java.util.HashMap.putVal(ILjava/lang/Object;Ljava/lang/Object;ZZ)Ljava/lang/Object; @ 181 c2
Event: 0.477 Thread 0x00007fc48c808a00 DEOPT PACKING pc=0x000000011b45f8d0 sp=0x00007000013aabe0
Event: 0.478 Thread 0x00007fc48c808a00 DEOPT UNPACKING pc=0x00000001139d9424 sp=0x00007000013aab70 mode 2

Classes unloaded (0 events):
No events

Classes redefined (0 events):
No events

Internal exceptions (9 events):
Event: 0.130 Thread 0x00007fc48b08d600 Exception <a 'java/lang/NoSuchMethodError'{0x0000000787eceaf0}: 'java.lang.Object java.lang.invoke.DirectMethodHandle$Holder.invokeStatic(java.lang.Object)'> (0x0000000787eceaf0) 
thrown [./open/src/hotspot/share/interpreter/linkResolver.cpp, line 790]
Event: 0.130 Thread 0x00007fc48b08d600 Exception <a 'java/lang/NoSuchMethodError'{0x0000000787ed22d8}: 'java.lang.Object java.lang.invoke.DirectMethodHandle$Holder.invokeStaticInit(java.lang.Object)'> (0x0000000787ed22d8) 
thrown [./open/src/hotspot/share/interpreter/linkResolver.cpp, line 790]
Event: 0.149 Thread 0x00007fc48b08d600 Exception <a 'java/lang/NoSuchMethodError'{0x0000000787ee0a78}: 'void java.lang.invoke.DirectMethodHandle$Holder.invokeStatic(java.lang.Object, java.lang.Object)'> (0x0000000787ee0a78) 
thrown [./open/src/hotspot/share/interpreter/linkResolver.cpp, line 790]
Event: 0.181 Thread 0x00007fc48c808a00 Exception <a 'java/lang/ClassNotFoundException'{0x0000000787da0ca0}: sun/awt/resources/spi/awtProvider> (0x0000000787da0ca0) 
thrown [./open/src/hotspot/share/classfile/systemDictionary.cpp, line 256]
Event: 0.202 Thread 0x00007fc48c808a00 Exception <a 'java/io/FileNotFoundException'{0x0000000787df3878}> (0x0000000787df3878) 
thrown [./open/src/hotspot/share/prims/jni.cpp, line 579]
Event: 0.207 Thread 0x00007fc48c808a00 Exception <a 'java/io/FileNotFoundException'{0x0000000787c22590}> (0x0000000787c22590) 
thrown [./open/src/hotspot/share/prims/jni.cpp, line 579]
Event: 0.211 Thread 0x00007fc48c808a00 Exception <a 'java/lang/ClassNotFoundException'{0x0000000787c263a8}: sun/awt/resources/spi/awtosxProvider> (0x0000000787c263a8) 
thrown [./open/src/hotspot/share/classfile/systemDictionary.cpp, line 256]
Event: 0.217 Thread 0x00007fc48c808a00 Exception <a 'java/lang/NoSuchMethodError'{0x0000000787c2c7c8}: 'void java.lang.invoke.DirectMethodHandle$Holder.invokeSpecial(java.lang.Object, java.lang.Object, java.lang.Object)'> (0x0000000787c2c7c8) 
thrown [./open/src/hotspot/share/interpreter/linkResolver.cpp, line 790]
Event: 0.432 Thread 0x00007fc48c808a00 Exception <a 'java/io/FileNotFoundException'{0x0000000787cb0908}> (0x0000000787cb0908) 
thrown [./open/src/hotspot/share/prims/jni.cpp, line 579]

Events (20 events):
Event: 0.620 loading class sun/misc/Unsafe
Event: 0.621 loading class sun/misc/Unsafe done
Event: 0.621 loading class jdk/internal/module/IllegalAccessLogger
Event: 0.621 loading class jdk/internal/module/IllegalAccessLogger done
Event: 0.621 loading class jdk/internal/reflect/UnsafeFieldAccessorFactory
Event: 0.621 loading class jdk/internal/reflect/UnsafeFieldAccessorFactory done
Event: 0.621 loading class jdk/internal/reflect/UnsafeQualifiedStaticObjectFieldAccessorImpl
Event: 0.621 loading class jdk/internal/reflect/UnsafeQualifiedStaticFieldAccessorImpl
Event: 0.621 loading class jdk/internal/reflect/UnsafeQualifiedStaticFieldAccessorImpl done
Event: 0.621 loading class jdk/internal/reflect/UnsafeQualifiedStaticObjectFieldAccessorImpl done
Event: 0.622 loading class jdk/internal/access/foreign/MemorySegmentProxy
Event: 0.624 loading class jdk/internal/access/foreign/MemorySegmentProxy done
Event: 0.627 loading class java/nio/StringCharBuffer
Event: 0.627 loading class java/nio/StringCharBuffer done
Event: 0.634 loading class java/awt/IllegalComponentStateException
Event: 0.634 loading class java/awt/IllegalComponentStateException done
Event: 0.636 loading class jdk/internal/reflect/UnsafeQualifiedStaticIntegerFieldAccessorImpl
Event: 0.636 loading class jdk/internal/reflect/UnsafeQualifiedStaticIntegerFieldAccessorImpl done
Event: 0.651 loading class java/lang/NumberFormatException
Event: 0.651 loading class java/lang/NumberFormatException done


Dynamic libraries:
0x00007fff2a599000 	/usr/lib/libz.1.dylib
0x000000010492b000 	/Users/LecouturierLucie/Library/Java/JavaVirtualMachines/openjdk-16.0.2/Contents/Home/lib/libjli.dylib
0x00007fff350eb000 	/System/Library/Frameworks/Cocoa.framework/Versions/A/Cocoa
0x00007fff22310000 	/System/Library/Frameworks/Security.framework/Versions/A/Security
0x00007fff332e8000 	/System/Library/Frameworks/ApplicationServices.framework/Versions/A/ApplicationServices
0x00007fff2a661000 	/usr/lib/libSystem.B.dylib
0x00007fff2a65b000 	/usr/lib/system/libcache.dylib
0x00007fff2a617000 	/usr/lib/system/libcommonCrypto.dylib
0x00007fff2a641000 	/usr/lib/system/libcompiler_rt.dylib
0x00007fff2a636000 	/usr/lib/system/libcopyfile.dylib
0x00007fff201e4000 	/usr/lib/system/libcorecrypto.dylib
0x00007fff202b1000 	/usr/lib/system/libdispatch.dylib
0x00007fff20465000 	/usr/lib/system/libdyld.dylib
0x00007fff2a652000 	/usr/lib/system/libkeymgr.dylib
0x00007fff2da9a000 	/usr/lib/system/liblaunch.dylib
0x00007fff2a5f5000 	/usr/lib/system/libmacho.dylib
0x00007fff29e0f000 	/usr/lib/system/libquarantine.dylib
0x00007fff2a64f000 	/usr/lib/system/libremovefile.dylib
0x00007fff24ca7000 	/usr/lib/system/libsystem_asl.dylib
0x00007fff20194000 	/usr/lib/system/libsystem_blocks.dylib
0x00007fff20332000 	/usr/lib/system/libsystem_c.dylib
0x00007fff2a649000 	/usr/lib/system/libsystem_collections.dylib
0x00007fff29103000 	/usr/lib/system/libsystem_configuration.dylib
0x00007fff283f6000 	/usr/lib/system/libsystem_containermanager.dylib
0x00007fff2a391000 	/usr/lib/system/libsystem_coreservices.dylib
0x00007fff228c4000 	/usr/lib/system/libsystem_darwin.dylib
0x00007fff2a653000 	/usr/lib/system/libsystem_dnssd.dylib
0x00007fff2032f000 	/usr/lib/system/libsystem_featureflags.dylib
0x00007fff204aa000 	/usr/lib/system/libsystem_info.dylib
0x00007fff2a5ac000 	/usr/lib/system/libsystem_m.dylib
0x00007fff20284000 	/usr/lib/system/libsystem_malloc.dylib
0x00007fff24c3b000 	/usr/lib/system/libsystem_networkextension.dylib
0x00007fff22cdf000 	/usr/lib/system/libsystem_notify.dylib
0x00007fff2ff4e000 	/usr/lib/system/libsystem_product_info_filter.dylib
0x00007fff29107000 	/usr/lib/system/libsystem_sandbox.dylib
0x00007fff2a64c000 	/usr/lib/system/libsystem_secinit.dylib
0x00007fff2042a000 	/usr/lib/system/libsystem_kernel.dylib
0x00007fff204a0000 	/usr/lib/system/libsystem_platform.dylib
0x00007fff20459000 	/usr/lib/system/libsystem_pthread.dylib
0x00007fff263a6000 	/usr/lib/system/libsystem_symptoms.dylib
0x00007fff201cc000 	/usr/lib/system/libsystem_trace.dylib
0x00007fff2a623000 	/usr/lib/system/libunwind.dylib
0x00007fff20196000 	/usr/lib/system/libxpc.dylib
0x00007fff20411000 	/usr/lib/libc++abi.dylib
0x00007fff202f6000 	/usr/lib/libobjc.A.dylib
0x00007fff2a62e000 	/usr/lib/liboah.dylib
0x00007fff203bb000 	/usr/lib/libc++.1.dylib
0x00007fff204d6000 	/System/Library/Frameworks/CoreFoundation.framework/Versions/A/CoreFoundation
0x00007fff21283000 	/System/Library/Frameworks/Foundation.framework/Versions/C/Foundation
0x00007fff22d37000 	/System/Library/Frameworks/AppKit.framework/Versions/C/AppKit
0x00007fff25bcf000 	/System/Library/Frameworks/CoreData.framework/Versions/A/CoreData
0x00007fff23a9a000 	/System/Library/PrivateFrameworks/UIFoundation.framework/Versions/A/UIFoundation
0x00007fff2fcc7000 	/System/Library/PrivateFrameworks/RemoteViewServices.framework/Versions/A/RemoteViewServices
0x00007fff28ac0000 	/System/Library/PrivateFrameworks/XCTTargetBootstrap.framework/Versions/A/XCTTargetBootstrap
0x00007fff2b7a1000 	/usr/lib/libspindump.dylib
0x00007fff23cef000 	/System/Library/Frameworks/UniformTypeIdentifiers.framework/Versions/A/UniformTypeIdentifiers
0x00007fff27296000 	/usr/lib/libapp_launch_measurement.dylib
0x00007fff27299000 	/System/Library/PrivateFrameworks/CoreAutoLayout.framework/Versions/A/CoreAutoLayout
0x00007fff28422000 	/System/Library/Frameworks/Metal.framework/Versions/A/Metal
0x00007fff29112000 	/usr/lib/liblangid.dylib
0x00007fff28ac4000 	/System/Library/PrivateFrameworks/CoreSVG.framework/Versions/A/CoreSVG
0x00007fff24cd6000 	/System/Library/PrivateFrameworks/SkyLight.framework/Versions/A/SkyLight
0x00007fff2503d000 	/System/Library/Frameworks/CoreGraphics.framework/Versions/A/CoreGraphics
0x00007fff3031e000 	/System/Library/Frameworks/Accelerate.framework/Versions/A/Accelerate
0x00007fff2b1dc000 	/System/Library/PrivateFrameworks/IconServices.framework/Versions/A/IconServices
0x00007fff28407000 	/System/Library/Frameworks/IOSurface.framework/Versions/A/IOSurface
0x00007fff26558000 	/usr/lib/libDiagnosticMessagesClient.dylib
0x00007fff28aac000 	/System/Library/PrivateFrameworks/DFRFoundation.framework/Versions/A/DFRFoundation
0x00007fff22662000 	/usr/lib/libicucore.A.dylib
0x00007fff2cce8000 	/System/Library/Frameworks/AudioToolbox.framework/Versions/A/AudioToolbox
0x00007fff2bf8d000 	/System/Library/PrivateFrameworks/DataDetectorsCore.framework/Versions/A/DataDetectorsCore
0x00007fff287ac000 	/System/Library/Frameworks/Carbon.framework/Versions/A/Frameworks/HIToolbox.framework/Versions/A/HIToolbox
0x00007fff26cf1000 	/System/Library/Frameworks/QuartzCore.framework/Versions/A/QuartzCore
0x00007fff2fd03000 	/System/Library/Frameworks/Carbon.framework/Versions/A/Frameworks/SpeechRecognition.framework/Versions/A/SpeechRecognition
0x00007fff26ffe000 	/System/Library/PrivateFrameworks/CoreUI.framework/Versions/A/CoreUI
0x00007fff21c6b000 	/System/Library/Frameworks/CoreAudio.framework/Versions/A/CoreAudio
0x00007fff26643000 	/System/Library/Frameworks/DiskArbitration.framework/Versions/A/DiskArbitration
0x00007fff2bb9c000 	/System/Library/PrivateFrameworks/MultitouchSupport.framework/Versions/A/MultitouchSupport
0x00007fff2bf84000 	/System/Library/PrivateFrameworks/InternationalSupport.framework/Versions/A/InternationalSupport
0x00007fff24c4a000 	/usr/lib/libenergytrace.dylib
0x00007fff22c30000 	/System/Library/Frameworks/IOKit.framework/Versions/A/IOKit
0x00007fff30050000 	/System/Library/Frameworks/CoreServices.framework/Versions/A/CoreServices
0x00007fff2722c000 	/System/Library/PrivateFrameworks/PerformanceAnalysis.framework/Versions/A/PerformanceAnalysis
0x00007fff6c9ba000 	/System/Library/Frameworks/OpenGL.framework/Versions/A/OpenGL
0x00007fff2c009000 	/System/Library/PrivateFrameworks/UserActivity.framework/Versions/A/UserActivity
0x00007fff256d1000 	/System/Library/Frameworks/ColorSync.framework/Versions/A/ColorSync
0x00007fff28d29000 	/System/Library/Frameworks/CoreImage.framework/Versions/A/CoreImage
0x00007fff21a82000 	/System/Library/Frameworks/CoreText.framework/Versions/A/CoreText
0x00007fff28aee000 	/System/Library/Frameworks/ImageIO.framework/Versions/A/ImageIO
0x00007fff2a667000 	/System/Library/PrivateFrameworks/SoftLinking.framework/Versions/A/SoftLinking
0x00007fff272e2000 	/usr/lib/libxml2.2.dylib
0x00007fff2a8d9000 	/usr/lib/libcompression.dylib
0x00007fff24c4b000 	/usr/lib/libMobileGestalt.dylib
0x00007fff2beb7000 	/System/Library/PrivateFrameworks/TextureIO.framework/Versions/A/TextureIO
0x00007fff2aeff000 	/usr/lib/libate.dylib
0x00007fff2ace4000 	/usr/lib/liblzma.5.dylib
0x00007fff20f97000 	/System/Library/Frameworks/SystemConfiguration.framework/Versions/A/SystemConfiguration
0x00007fff2a663000 	/usr/lib/libfakelink.dylib
0x00007fff2479d000 	/System/Library/Frameworks/CFNetwork.framework/Versions/A/CFNetwork
0x00007fff2a7a3000 	/usr/lib/libarchive.2.dylib
0x00007fff21015000 	/usr/lib/libCRFSuite.dylib
0x00007fff29e36000 	/usr/lib/libbsm.0.dylib
0x00007fff24159000 	/usr/lib/libnetwork.dylib
0x00007fff2a668000 	/usr/lib/libpcap.A.dylib
0x00007fff2639f000 	/usr/lib/libdns_services.dylib
0x00007fff2acfd000 	/usr/lib/libcoretls_cfhelpers.dylib
0x00007fff2a8a7000 	/usr/lib/libapple_nghttp2.dylib
0x00007fff2a5fb000 	/usr/lib/system/libkxld.dylib
0x00007fff26005000 	/usr/lib/libsqlite3.dylib
0x00007fff2a373000 	/System/Library/PrivateFrameworks/AppleFSCompression.framework/Versions/A/AppleFSCompression
0x00007fff29e1e000 	/usr/lib/libcoretls.dylib
0x00007fff2a8d4000 	/usr/lib/libpam.2.dylib
0x00007fff2adfa000 	/usr/lib/libxar.1.dylib
0x00007fff2910e000 	/System/Library/PrivateFrameworks/AppleSystemInfo.framework/Versions/A/AppleSystemInfo
0x00007fff29a61000 	/System/Library/PrivateFrameworks/IOMobileFramebuffer.framework/Versions/A/IOMobileFramebuffer
0x00007fff2a383000 	/usr/lib/libbz2.1.0.dylib
0x00007fff2a6a0000 	/usr/lib/libiconv.2.dylib
0x00007fff2a5f4000 	/usr/lib/libcharset.1.dylib
0x00007fff27268000 	/System/Library/Frameworks/CoreServices.framework/Versions/A/Frameworks/FSEvents.framework/Versions/A/FSEvents
0x00007fff228ce000 	/System/Library/Frameworks/CoreServices.framework/Versions/A/Frameworks/CarbonCore.framework/Versions/A/CarbonCore
0x00007fff265a8000 	/System/Library/Frameworks/CoreServices.framework/Versions/A/Frameworks/Metadata.framework/Versions/A/Metadata
0x00007fff2a396000 	/System/Library/Frameworks/CoreServices.framework/Versions/A/Frameworks/OSServices.framework/Versions/A/OSServices
0x00007fff2a815000 	/System/Library/Frameworks/CoreServices.framework/Versions/A/Frameworks/SearchKit.framework/Versions/A/SearchKit
0x00007fff26329000 	/System/Library/Frameworks/CoreServices.framework/Versions/A/Frameworks/AE.framework/Versions/A/AE
0x00007fff20972000 	/System/Library/Frameworks/CoreServices.framework/Versions/A/Frameworks/LaunchServices.framework/Versions/A/LaunchServices
0x00007fff2ac95000 	/System/Library/Frameworks/CoreServices.framework/Versions/A/Frameworks/DictionaryServices.framework/Versions/A/DictionaryServices
0x00007fff27271000 	/System/Library/Frameworks/CoreServices.framework/Versions/A/Frameworks/SharedFileList.framework/Versions/A/SharedFileList
0x00007fff29e12000 	/usr/lib/libCheckFix.dylib
0x00007fff24cbe000 	/System/Library/PrivateFrameworks/TCC.framework/Versions/A/TCC
0x00007fff29114000 	/System/Library/PrivateFrameworks/CoreNLP.framework/Versions/A/CoreNLP
0x00007fff2655b000 	/System/Library/PrivateFrameworks/MetadataUtilities.framework/Versions/A/MetadataUtilities
0x00007fff2104b000 	/usr/lib/libmecabra.dylib
0x00007fff2a125000 	/System/Library/Frameworks/MLCompute.framework/Versions/A/MLCompute
0x00007fff29e47000 	/usr/lib/libmecab.dylib
0x00007fff29e91000 	/usr/lib/libgermantok.dylib
0x00007fff2a87d000 	/usr/lib/libThaiTokenizer.dylib
0x00007fff2ae35000 	/usr/lib/libChineseTokenizer.dylib
0x00007fff2a8d2000 	/System/Library/Frameworks/MetalPerformanceShaders.framework/Versions/A/MetalPerformanceShaders
0x00007fff2664a000 	/System/Library/Frameworks/Accelerate.framework/Versions/A/Frameworks/vImage.framework/Versions/A/vImage
0x00007fff30029000 	/System/Library/Frameworks/Accelerate.framework/Versions/A/Frameworks/vecLib.framework/Versions/A/vecLib
0x00007fff2ae40000 	/System/Library/Frameworks/Accelerate.framework/Versions/A/Frameworks/vecLib.framework/Versions/A/libvMisc.dylib
0x00007fff2987a000 	/System/Library/Frameworks/Accelerate.framework/Versions/A/Frameworks/vecLib.framework/Versions/A/libvDSP.dylib
0x00007fff20c76000 	/System/Library/Frameworks/Accelerate.framework/Versions/A/Frameworks/vecLib.framework/Versions/A/libBLAS.dylib
0x00007fff2a8f8000 	/System/Library/Frameworks/Accelerate.framework/Versions/A/Frameworks/vecLib.framework/Versions/A/libLAPACK.dylib
0x00007fff29e97000 	/System/Library/Frameworks/Accelerate.framework/Versions/A/Frameworks/vecLib.framework/Versions/A/libLinearAlgebra.dylib
0x00007fff2a8bf000 	/System/Library/Frameworks/Accelerate.framework/Versions/A/Frameworks/vecLib.framework/Versions/A/libSparseBLAS.dylib
0x00007fff2a8f2000 	/System/Library/Frameworks/Accelerate.framework/Versions/A/Frameworks/vecLib.framework/Versions/A/libQuadrature.dylib
0x00007fff291bc000 	/System/Library/Frameworks/Accelerate.framework/Versions/A/Frameworks/vecLib.framework/Versions/A/libBNNS.dylib
0x00007fff20f28000 	/System/Library/Frameworks/Accelerate.framework/Versions/A/Frameworks/vecLib.framework/Versions/A/libSparse.dylib
0x00007fff290a7000 	/System/Library/Frameworks/MetalPerformanceShaders.framework/Versions/A/Frameworks/MPSCore.framework/Versions/A/MPSCore
0x00007fff2a2e2000 	/System/Library/Frameworks/MetalPerformanceShaders.framework/Versions/A/Frameworks/MPSImage.framework/Versions/A/MPSImage
0x00007fff29ead000 	/System/Library/Frameworks/MetalPerformanceShaders.framework/Versions/A/Frameworks/MPSNeuralNetwork.framework/Versions/A/MPSNeuralNetwork
0x00007fff2a26d000 	/System/Library/Frameworks/MetalPerformanceShaders.framework/Versions/A/Frameworks/MPSMatrix.framework/Versions/A/MPSMatrix
0x00007fff2a0d5000 	/System/Library/Frameworks/MetalPerformanceShaders.framework/Versions/A/Frameworks/MPSRayIntersector.framework/Versions/A/MPSRayIntersector
0x00007fff2a2a4000 	/System/Library/Frameworks/MetalPerformanceShaders.framework/Versions/A/Frameworks/MPSNDArray.framework/Versions/A/MPSNDArray
0x00007fff20ba2000 	/System/Library/PrivateFrameworks/MetalTools.framework/Versions/A/MetalTools
0x00007fff2910c000 	/System/Library/PrivateFrameworks/AggregateDictionary.framework/Versions/A/AggregateDictionary
0x00007fff26533000 	/System/Library/PrivateFrameworks/CoreAnalytics.framework/Versions/A/CoreAnalytics
0x00007fff2a87f000 	/System/Library/PrivateFrameworks/AppleSauce.framework/Versions/A/AppleSauce
0x00007fff28419000 	/System/Library/PrivateFrameworks/IOAccelerator.framework/Versions/A/IOAccelerator
0x00007fff6c9ae000 	/System/Library/Frameworks/OpenGL.framework/Versions/A/Libraries/libCoreFSCache.dylib
0x00007fff215e7000 	/System/Library/PrivateFrameworks/LanguageModeling.framework/Versions/A/LanguageModeling
0x00007fff29a4e000 	/System/Library/PrivateFrameworks/CoreEmoji.framework/Versions/A/CoreEmoji
0x00007fff291b5000 	/System/Library/PrivateFrameworks/LinguisticData.framework/Versions/A/LinguisticData
0x00007fff20eda000 	/System/Library/PrivateFrameworks/Lexicon.framework/Versions/A/Lexicon
0x00007fff2a791000 	/usr/lib/libcmph.dylib
0x00007fff27248000 	/System/Library/Frameworks/OpenDirectory.framework/Versions/A/Frameworks/CFOpenDirectory.framework/Versions/A/CFOpenDirectory
0x00007fff27238000 	/System/Library/Frameworks/OpenDirectory.framework/Versions/A/OpenDirectory
0x00007fff2acff000 	/System/Library/PrivateFrameworks/APFS.framework/Versions/A/APFS
0x00007fff29d73000 	/System/Library/Frameworks/SecurityFoundation.framework/Versions/A/SecurityFoundation
0x00007fff2ae08000 	/usr/lib/libutil.dylib
0x00007fff22bf5000 	/System/Library/PrivateFrameworks/CoreServicesStore.framework/Versions/A/CoreServicesStore
0x00007fff29e0a000 	/System/Library/Frameworks/ServiceManagement.framework/Versions/A/ServiceManagement
0x00007fff2ae0c000 	/usr/lib/libxslt.1.dylib
0x00007fff29e00000 	/System/Library/PrivateFrameworks/BackgroundTaskManagement.framework/Versions/A/BackgroundTaskManagement
0x00007fff2be01000 	/System/Library/Frameworks/ImageIO.framework/Versions/A/Resources/libRadiance.dylib
0x00007fff2be0b000 	/System/Library/Frameworks/ImageIO.framework/Versions/A/Resources/libJPEG.dylib
0x00007fff2bd56000 	/System/Library/Frameworks/ImageIO.framework/Versions/A/Resources/libPng.dylib
0x00007fff2bd7d000 	/System/Library/Frameworks/ImageIO.framework/Versions/A/Resources/libTIFF.dylib
0x00007fff2be60000 	/System/Library/Frameworks/ImageIO.framework/Versions/A/Resources/libGIF.dylib
0x00007fff2bab9000 	/System/Library/Frameworks/ImageIO.framework/Versions/A/Resources/libJP2.dylib
0x00007fff2b1a3000 	/usr/lib/libexpat.1.dylib
0x00007fff2ba6e000 	/System/Library/PrivateFrameworks/AppleJPEG.framework/Versions/A/AppleJPEG
0x00007fff2864f000 	/System/Library/PrivateFrameworks/FontServices.framework/libFontParser.dylib
0x00007fff262dd000 	/System/Library/PrivateFrameworks/RunningBoardServices.framework/Versions/A/RunningBoardServices
0x00007fff2bb98000 	/System/Library/PrivateFrameworks/WatchdogClient.framework/Versions/A/WatchdogClient
0x00007fff216d4000 	/System/Library/Frameworks/CoreDisplay.framework/Versions/A/CoreDisplay
0x00007fff28565000 	/System/Library/Frameworks/CoreMedia.framework/Versions/A/CoreMedia
0x00007fff273c5000 	/System/Library/Frameworks/CoreVideo.framework/Versions/A/CoreVideo
0x00007fff2bbd0000 	/System/Library/Frameworks/VideoToolbox.framework/Versions/A/VideoToolbox
0x00007fff2625b000 	/System/Library/PrivateFrameworks/BaseBoard.framework/Versions/A/BaseBoard
0x00007fff2b2e8000 	/System/Library/PrivateFrameworks/PersistentConnection.framework/Versions/A/PersistentConnection
0x00007fff25fee000 	/System/Library/PrivateFrameworks/ProtocolBuffer.framework/Versions/A/ProtocolBuffer
0x00007fff26242000 	/System/Library/PrivateFrameworks/CommonUtilities.framework/Versions/A/CommonUtilities
0x00007fff2ba03000 	/System/Library/PrivateFrameworks/Bom.framework/Versions/A/Bom
0x00007fff2bdfa000 	/System/Library/PrivateFrameworks/GPUWrangler.framework/Versions/A/GPUWrangler
0x00007fff2bddd000 	/System/Library/PrivateFrameworks/IOPresentment.framework/Versions/A/IOPresentment
0x00007fff2be05000 	/System/Library/PrivateFrameworks/DSExternalDisplay.framework/Versions/A/DSExternalDisplay
0x00007fff2be65000 	/System/Library/PrivateFrameworks/CMCaptureCore.framework/Versions/A/CMCaptureCore
0x00007fff2b788000 	/System/Library/PrivateFrameworks/AppServerSupport.framework/Versions/A/AppServerSupport
0x00007fff2d839000 	/System/Library/PrivateFrameworks/perfdata.framework/Versions/A/perfdata
0x00007fff29d62000 	/System/Library/PrivateFrameworks/AssertionServices.framework/Versions/A/AssertionServices
0x00007fff2180b000 	/System/Library/PrivateFrameworks/AudioToolboxCore.framework/Versions/A/AudioToolboxCore
0x00007fff28548000 	/System/Library/PrivateFrameworks/caulk.framework/Versions/A/caulk
0x00007fff3d4e4000 	/System/Library/PrivateFrameworks/SystemPolicy.framework/Versions/A/SystemPolicy
0x00007fff2af98000 	/usr/lib/libIOReport.dylib
0x00007fff2d05b000 	/usr/lib/libSMC.dylib
0x00007fff2bd23000 	/usr/lib/libAudioToolboxUtility.dylib
0x00007fff3de4e000 	/usr/lib/libmis.dylib
0x00007fff6ca0a000 	/System/Library/Frameworks/OpenGL.framework/Versions/A/Libraries/libGLU.dylib
0x00007fff6c9cd000 	/System/Library/Frameworks/OpenGL.framework/Versions/A/Libraries/libGFXShared.dylib
0x00007fff6cbdc000 	/System/Library/Frameworks/OpenGL.framework/Versions/A/Libraries/libGL.dylib
0x00007fff6c9d6000 	/System/Library/Frameworks/OpenGL.framework/Versions/A/Libraries/libGLImage.dylib
0x00007fff6c9ca000 	/System/Library/Frameworks/OpenGL.framework/Versions/A/Libraries/libCVMSPluginSupport.dylib
0x00007fff6c9b5000 	/System/Library/Frameworks/OpenGL.framework/Versions/A/Libraries/libCoreVMClient.dylib
0x00007fff6e01d000 	/System/Library/Frameworks/OpenCL.framework/Versions/A/OpenCL
0x00007fff2b312000 	/System/Library/PrivateFrameworks/GraphVisualizer.framework/Versions/A/GraphVisualizer
0x00007fff2b321000 	/System/Library/PrivateFrameworks/FaceCore.framework/Versions/A/FaceCore
0x00007fff2b73d000 	/System/Library/PrivateFrameworks/OTSVG.framework/Versions/A/OTSVG
0x00007fff26fbc000 	/System/Library/Frameworks/ApplicationServices.framework/Versions/A/Frameworks/ATS.framework/Versions/A/Resources/libFontRegistry.dylib
0x00007fff2b78f000 	/System/Library/PrivateFrameworks/FontServices.framework/libhvf.dylib
0x00007fff2b14f000 	/System/Library/PrivateFrameworks/AppleVA.framework/Versions/A/AppleVA
0x00007fff2cea4000 	/System/Library/Frameworks/ApplicationServices.framework/Versions/A/Frameworks/ATS.framework/Versions/A/ATS
0x00007fff2d1b6000 	/System/Library/Frameworks/ApplicationServices.framework/Versions/A/Frameworks/ColorSyncLegacy.framework/Versions/A/ColorSyncLegacy
0x00007fff257c8000 	/System/Library/Frameworks/ApplicationServices.framework/Versions/A/Frameworks/HIServices.framework/Versions/A/HIServices
0x00007fff2d19b000 	/System/Library/Frameworks/ApplicationServices.framework/Versions/A/Frameworks/LangAnalysis.framework/Versions/A/LangAnalysis
0x00007fff2be6f000 	/System/Library/Frameworks/ApplicationServices.framework/Versions/A/Frameworks/PrintCore.framework/Versions/A/PrintCore
0x00007fff2d1be000 	/System/Library/Frameworks/ApplicationServices.framework/Versions/A/Frameworks/QD.framework/Versions/A/QD
0x00007fff2ce94000 	/System/Library/Frameworks/ApplicationServices.framework/Versions/A/Frameworks/SpeechSynthesis.framework/Versions/A/SpeechSynthesis
0x00007fff2be30000 	/System/Library/Frameworks/ApplicationServices.framework/Versions/A/Frameworks/ATSUI.framework/Versions/A/ATSUI
0x00007fff2d13b000 	/usr/lib/libcups.2.dylib
0x00007fff2d1ab000 	/System/Library/PrivateFrameworks/NetAuth.framework/Versions/A/NetAuth
0x00007fff2d855000 	/System/Library/Frameworks/Kerberos.framework/Versions/A/Kerberos
0x00007fff2d865000 	/System/Library/Frameworks/GSS.framework/Versions/A/GSS
0x00007fff2cf10000 	/usr/lib/libresolv.9.dylib
0x00007fff2b7a4000 	/System/Library/PrivateFrameworks/Heimdal.framework/Versions/A/Heimdal
0x00007fff335e9000 	/System/Library/Frameworks/Kerberos.framework/Versions/A/Libraries/libHeimdalProxy.dylib
0x00007fff263ae000 	/System/Library/Frameworks/Network.framework/Versions/A/Network
0x00007fff2b1bd000 	/usr/lib/libheimdal-asn1.dylib
0x00007fff2d8b5000 	/System/Library/PrivateFrameworks/CommonAuth.framework/Versions/A/CommonAuth
0x00007fff27412000 	/System/Library/PrivateFrameworks/login.framework/Versions/A/Frameworks/loginsupport.framework/Versions/A/loginsupport
0x00007fff2ce19000 	/System/Library/PrivateFrameworks/AudioSession.framework/Versions/A/AudioSession
0x00007fff2ce81000 	/usr/lib/libAudioStatistics.dylib
0x00007fff2b24a000 	/System/Library/PrivateFrameworks/MediaExperience.framework/Versions/A/MediaExperience
0x00007fff2ccb6000 	/System/Library/PrivateFrameworks/AudioSession.framework/libSessionUtility.dylib
0x00007fff2d846000 	/usr/lib/libperfcheck.dylib
0x00007fff2d1ca000 	/System/Library/PrivateFrameworks/AudioResourceArbitration.framework/Versions/A/AudioResourceArbitration
0x00007fff2b1c7000 	/System/Library/PrivateFrameworks/IconFoundation.framework/Versions/A/IconFoundation
0x00007fff2fcf3000 	/System/Library/PrivateFrameworks/SpeechRecognitionCore.framework/Versions/A/SpeechRecognitionCore
0x0000000107000000 	/Users/LecouturierLucie/Library/Java/JavaVirtualMachines/openjdk-16.0.2/Contents/Home/lib/server/libjvm.dylib
0x0000000104953000 	/Users/LecouturierLucie/Library/Java/JavaVirtualMachines/openjdk-16.0.2/Contents/Home/lib/libjimage.dylib
0x0000000104961000 	/Users/LecouturierLucie/Library/Java/JavaVirtualMachines/openjdk-16.0.2/Contents/Home/lib/libinstrument.dylib
0x0000000104971000 	/Users/LecouturierLucie/Library/Java/JavaVirtualMachines/openjdk-16.0.2/Contents/Home/lib/libjava.dylib
0x0000000104fd7000 	/Users/LecouturierLucie/Library/Java/JavaVirtualMachines/openjdk-16.0.2/Contents/Home/lib/libzip.dylib
0x0000000104fe5000 	/Users/LecouturierLucie/Library/Java/JavaVirtualMachines/openjdk-16.0.2/Contents/Home/lib/libnio.dylib
0x000000010a8d0000 	/Users/LecouturierLucie/Library/Java/JavaVirtualMachines/openjdk-16.0.2/Contents/Home/lib/libnet.dylib
0x000000010a8ea000 	/Users/LecouturierLucie/Library/Java/JavaVirtualMachines/openjdk-16.0.2/Contents/Home/lib/libverify.dylib
0x0000000104ff9000 	/Users/LecouturierLucie/Library/Java/JavaVirtualMachines/openjdk-16.0.2/Contents/Home/lib/libextnet.dylib
0x000000010a8fc000 	/Users/LecouturierLucie/Library/Java/JavaVirtualMachines/openjdk-16.0.2/Contents/Home/lib/libawt.dylib
0x000000010a9b2000 	/Users/LecouturierLucie/Library/Java/JavaVirtualMachines/openjdk-16.0.2/Contents/Home/lib/libmlib_image.dylib
0x00007fff6f84a000 	/System/Library/Frameworks/JavaNativeFoundation.framework/Versions/A/JavaNativeFoundation
0x00007fff6f856000 	/System/Library/Frameworks/JavaRuntimeSupport.framework/Versions/A/JavaRuntimeSupport
0x00007fff3d25c000 	/System/Library/Frameworks/Carbon.framework/Versions/A/Carbon
0x00007fff31cbd000 	/System/Library/PrivateFrameworks/CoreSymbolication.framework/Versions/A/CoreSymbolication
0x00007fff36556000 	/System/Library/Frameworks/Carbon.framework/Versions/A/Frameworks/CommonPanels.framework/Versions/A/CommonPanels
0x00007fff330a3000 	/System/Library/Frameworks/Carbon.framework/Versions/A/Frameworks/Help.framework/Versions/A/Help
0x00007fff3655a000 	/System/Library/Frameworks/Carbon.framework/Versions/A/Frameworks/ImageCapture.framework/Versions/A/ImageCapture
0x00007fff36532000 	/System/Library/Frameworks/Carbon.framework/Versions/A/Frameworks/OpenScripting.framework/Versions/A/OpenScripting
0x00007fff36552000 	/System/Library/Frameworks/Carbon.framework/Versions/A/Frameworks/Ink.framework/Versions/A/Ink
0x00007fff3d258000 	/System/Library/Frameworks/Carbon.framework/Versions/A/Frameworks/Print.framework/Versions/A/Print
0x00007fff3654e000 	/System/Library/Frameworks/Carbon.framework/Versions/A/Frameworks/SecurityHI.framework/Versions/A/SecurityHI
0x00007fff31c80000 	/System/Library/PrivateFrameworks/DebugSymbols.framework/Versions/A/DebugSymbols
0x000000010aa4c000 	/Users/LecouturierLucie/Library/Java/JavaVirtualMachines/openjdk-16.0.2/Contents/Home/lib/libawt_lwawt.dylib
0x000000010aafc000 	/Users/LecouturierLucie/Library/Java/JavaVirtualMachines/openjdk-16.0.2/Contents/Home/lib/libosxapp.dylib
0x00007fff3c61c000 	/System/Library/Frameworks/ExceptionHandling.framework/Versions/A/ExceptionHandling
0x000000010ab21000 	/Users/LecouturierLucie/Library/Java/JavaVirtualMachines/openjdk-16.0.2/Contents/Home/lib/libfontmanager.dylib
0x000000010b400000 	/Users/LecouturierLucie/Library/Java/JavaVirtualMachines/openjdk-16.0.2/Contents/Home/lib/libharfbuzz.dylib
0x000000010ab33000 	/Users/LecouturierLucie/Library/Java/JavaVirtualMachines/openjdk-16.0.2/Contents/Home/lib/libfreetype.dylib
0x00007fff22bb6000 	/System/Library/PrivateFrameworks/CoreServicesInternal.framework/Versions/A/CoreServicesInternal
0x00007fff311d9000 	/System/Library/Frameworks/FileProvider.framework/Versions/A/FileProvider
0x00007fff261c5000 	/System/Library/Frameworks/Accounts.framework/Versions/A/Accounts
0x00007fff312fa000 	/System/Library/PrivateFrameworks/GenerationalStorage.framework/Versions/A/GenerationalStorage
0x00007fff30bf8000 	/System/Library/PrivateFrameworks/SymptomDiagnosticReporter.framework/Versions/A/SymptomDiagnosticReporter
0x00007fff2e4fe000 	/System/Library/PrivateFrameworks/AppContainer.framework/Versions/A/AppContainer
0x00007fff23d02000 	/System/Library/PrivateFrameworks/DesktopServicesPriv.framework/Versions/A/DesktopServicesPriv
0x00007fff22ceb000 	/usr/lib/libsandbox.1.dylib
0x00007fff2743e000 	/System/Library/PrivateFrameworks/UserManagement.framework/Versions/A/UserManagement
0x00007fff29d3f000 	/System/Library/PrivateFrameworks/MobileKeyBag.framework/Versions/A/MobileKeyBag
0x00007fff34653000 	/System/Library/PrivateFrameworks/ChunkingLibrary.framework/Versions/A/ChunkingLibrary
0x00007fff2e513000 	/System/Library/PrivateFrameworks/SecCodeWrapper.framework/Versions/A/SecCodeWrapper
0x00007fff2afa0000 	/System/Library/PrivateFrameworks/CrashReporterSupport.framework/Versions/A/CrashReporterSupport
0x00007fff483d7000 	/System/Library/PrivateFrameworks/OSAnalytics.framework/Versions/A/OSAnalytics
0x00007fff781e2000 	/usr/lib/libRosetta.dylib
0x00007fff33034000 	/System/Library/PrivateFrameworks/RemoteServiceDiscovery.framework/Versions/A/RemoteServiceDiscovery
0x00007fff523af000 	/System/Library/PrivateFrameworks/Symbolication.framework/Versions/A/Symbolication
0x00007fff33044000 	/System/Library/PrivateFrameworks/RemoteXPC.framework/Versions/A/RemoteXPC
0x00007fff3954f000 	/System/Library/PrivateFrameworks/OSAServicesClient.framework/Versions/A/OSAServicesClient
0x00007fff3de2d000 	/System/Library/PrivateFrameworks/MallocStackLogging.framework/Versions/A/MallocStackLogging
0x00007fff2e295000 	/System/Library/PrivateFrameworks/Sharing.framework/Versions/A/Sharing
0x00007fff32c11000 	/System/Library/PrivateFrameworks/Apple80211.framework/Versions/A/Apple80211
0x00007fff2a3c4000 	/System/Library/PrivateFrameworks/AuthKit.framework/Versions/A/AuthKit
0x00007fff29b3f000 	/System/Library/PrivateFrameworks/CoreUtils.framework/Versions/A/CoreUtils
0x00007fff29a6c000 	/System/Library/Frameworks/CoreWLAN.framework/Versions/A/CoreWLAN
0x00007fff2e3dd000 	/System/Library/Frameworks/IOBluetooth.framework/Versions/A/IOBluetooth
0x00007fff32c75000 	/System/Library/PrivateFrameworks/CoreWiFi.framework/Versions/A/CoreWiFi
0x00007fff2d93d000 	/System/Library/PrivateFrameworks/CorePhoneNumbers.framework/Versions/A/CorePhoneNumbers
0x00007fff30d00000 	/System/Library/PrivateFrameworks/DiskManagement.framework/Versions/A/DiskManagement
0x00007fff30c16000 	/System/Library/PrivateFrameworks/AppleIDAuthSupport.framework/Versions/A/AppleIDAuthSupport
0x00007fff2d91a000 	/System/Library/PrivateFrameworks/KeychainCircle.framework/Versions/A/KeychainCircle
0x00007fff30ccc000 	/System/Library/PrivateFrameworks/MediaKit.framework/Versions/A/MediaKit
0x00007fff30c23000 	/System/Library/Frameworks/DiscRecording.framework/Versions/A/DiscRecording
0x00007fff2b0c3000 	/usr/lib/libCoreStorage.dylib
0x00007fff330af000 	/usr/lib/libcsfde.dylib
0x00007fff2e517000 	/System/Library/PrivateFrameworks/ProtectedCloudStorage.framework/Versions/A/ProtectedCloudStorage
0x00007fff330a7000 	/System/Library/PrivateFrameworks/EFILogin.framework/Versions/A/EFILogin
0x00007fff3369c000 	/System/Library/Frameworks/AudioUnit.framework/Versions/A/AudioUnit
0x00007fff30b95000 	/System/Library/Frameworks/CoreBluetooth.framework/Versions/A/CoreBluetooth
0x00007fff2b0bb000 	/usr/lib/libMatch.1.dylib
0x00007fff44068000 	/System/Library/CoreServices/RawCamera.bundle/Contents/MacOS/RawCamera
0x00007fff2d8c6000 	/System/Library/PrivateFrameworks/MobileAsset.framework/Versions/A/MobileAsset
0x00007fff336c1000 	/System/Library/PrivateFrameworks/StreamingZip.framework/Versions/A/StreamingZip
0x00007fff2c068000 	/System/Library/Frameworks/MediaToolbox.framework/Versions/A/MediaToolbox
0x00007fff311ab000 	/System/Library/PrivateFrameworks/CoreAVCHD.framework/Versions/A/CoreAVCHD
0x00007fff3035f000 	/System/Library/Frameworks/MediaAccessibility.framework/Versions/A/MediaAccessibility
0x00007fff311a7000 	/System/Library/PrivateFrameworks/Mangrove.framework/Versions/A/Mangrove
0x00007fff3036b000 	/System/Library/PrivateFrameworks/AlgosScoreFramework.framework/Versions/A/AlgosScoreFramework
0x00007fff31b70000 	/System/Library/PrivateFrameworks/AppleVPA.framework/Versions/A/AppleVPA
0x00007fff30dec000 	/System/Library/PrivateFrameworks/CoreAUC.framework/Versions/A/CoreAUC
0x00007fff41a5a000 	/System/Library/Frameworks/Accelerate.framework/Versions/A/Frameworks/vImage.framework/Versions/A/Libraries/libCGInterfaces.dylib
0x0000000129ce0000 	/usr/lib/libobjc-trampolines.dylib
0x00007fff27140000 	/System/Library/PrivateFrameworks/ViewBridge.framework/Versions/A/ViewBridge
0x000000012c25d000 	/Users/LecouturierLucie/Desktop/codingdojo_studentplugin-master/resources/lib/liblwjgl.jnilib
0x000000012aad7000 	/Users/LecouturierLucie/Library/Java/JavaVirtualMachines/openjdk-16.0.2/Contents/Home/lib/libjawt.dylib
0x00007fff6cbe7000 	/System/Library/Frameworks/OpenGL.framework/Versions/A/Resources/GLEngine.bundle/GLEngine
0x00007fff6ca47000 	/System/Library/Frameworks/OpenGL.framework/Versions/A/Libraries/libGLProgrammability.dylib
0x00007fff5fd77000 	/System/Library/Extensions/AppleIntelKBLGraphicsGLDriver.bundle/Contents/MacOS/AppleIntelKBLGraphicsGLDriver
0x00007fff46d69000 	/System/Library/PrivateFrameworks/GPUSupport.framework/Versions/A/Libraries/libGPUSupportMercury.dylib
0x00007fff6cd63000 	/System/Library/Frameworks/OpenGL.framework/Versions/A/Resources/GLRendererFloat.bundle/GLRendererFloat
0x00007fff2b865000 	/System/Library/PrivateFrameworks/login.framework/Versions/A/login


VM Arguments:
jvm_args: -Djava.library.path=lib -javaagent:/Applications/IntelliJ IDEA CE.app/Contents/lib/idea_rt.jar=51500:/Applications/IntelliJ IDEA CE.app/Contents/bin -Dfile.encoding=UTF-8 
java_command: fr.rphstudio.codingdojo.launcher.MainLauncher -window
java_class_path (initial): ./codingdojo.jar:students/Student54-2.1-p.jar:students/Teachers-2.1-p.jar:students/Student1-2.1-p.jar
Launcher Type: SUN_STANDARD

[Global flags]
     intx CICompilerCount                          = 3                                         {product} {ergonomic}
     uint ConcGCThreads                            = 1                                         {product} {ergonomic}
     uint G1ConcRefinementThreads                  = 4                                         {product} {ergonomic}
   size_t G1HeapRegionSize                         = 1048576                                   {product} {ergonomic}
    uintx GCDrainStackTargetSize                   = 64                                        {product} {ergonomic}
   size_t InitialHeapSize                          = 134217728                                 {product} {ergonomic}
   size_t MarkStackSize                            = 4194304                                   {product} {ergonomic}
   size_t MaxHeapSize                              = 2147483648                                {product} {ergonomic}
   size_t MaxNewSize                               = 1287651328                                {product} {ergonomic}
   size_t MinHeapDeltaBytes                        = 1048576                                   {product} {ergonomic}
   size_t MinHeapSize                              = 8388608                                   {product} {ergonomic}
    uintx NonNMethodCodeHeapSize                   = 5832780                                {pd product} {ergonomic}
    uintx NonProfiledCodeHeapSize                  = 122912730                              {pd product} {ergonomic}
    uintx ProfiledCodeHeapSize                     = 122912730                              {pd product} {ergonomic}
    uintx ReservedCodeCacheSize                    = 251658240                              {pd product} {ergonomic}
     bool SegmentedCodeCache                       = true                                      {product} {ergonomic}
   size_t SoftMaxHeapSize                          = 2147483648                             {manageable} {ergonomic}
     bool UseCompressedClassPointers               = true                           {product lp64_product} {ergonomic}
     bool UseCompressedOops                        = true                           {product lp64_product} {ergonomic}
     bool UseG1GC                                  = true                                      {product} {ergonomic}
     bool UseNUMA                                  = false                                     {product} {ergonomic}
     bool UseNUMAInterleaving                      = false                                     {product} {ergonomic}

Logging:
Log output configuration:
 #0: stdout all=warning uptime,level,tags
 #1: stderr all=off uptime,level,tags

Environment Variables:
PATH=/usr/local/bin:/usr/bin:/bin:/usr/sbin:/sbin:/usr/local/share/dotnet:~/.dotnet/tools:/Library/Apple/usr/bin:/Library/Frameworks/Mono.framework/Versions/Current/Commands
SHELL=/bin/zsh
LC_CTYPE=fr_FR.UTF-8

Signal Handlers:
SIGSEGV: [libjvm.dylib+0xa7da90], sa_mask[0]=11100110000111110111111111111111, sa_flags=SA_ONSTACK|SA_RESTART|SA_SIGINFO
SIGBUS: [libjvm.dylib+0xa7da90], sa_mask[0]=11100110000111110111111111111111, sa_flags=SA_RESTART|SA_SIGINFO
SIGFPE: [libjvm.dylib+0xa7da90], sa_mask[0]=11100110000111110111111111111111, sa_flags=SA_RESTART|SA_SIGINFO
SIGPIPE: [libjvm.dylib+0x947480], sa_mask[0]=11100110000111110111111111111111, sa_flags=SA_RESTART|SA_SIGINFO
SIGXFSZ: [libjvm.dylib+0x947480], sa_mask[0]=11100110000111110111111111111111, sa_flags=SA_RESTART|SA_SIGINFO
SIGILL: [libjvm.dylib+0xa7da90], sa_mask[0]=11100110000111110111111111111111, sa_flags=SA_RESTART|SA_SIGINFO
SIGUSR2: [libjvm.dylib+0x947f30], sa_mask[0]=00100000000000000000000000000000, sa_flags=SA_RESTART|SA_SIGINFO
SIGHUP: [libjvm.dylib+0x9464f0], sa_mask[0]=11100110000111110111111111111111, sa_flags=SA_RESTART|SA_SIGINFO
SIGINT: [libjvm.dylib+0x9464f0], sa_mask[0]=11100110000111110111111111111111, sa_flags=SA_RESTART|SA_SIGINFO
SIGTERM: [libjvm.dylib+0x9464f0], sa_mask[0]=11100110000111110111111111111111, sa_flags=SA_RESTART|SA_SIGINFO
SIGQUIT: [libjvm.dylib+0x9464f0], sa_mask[0]=11100110000111110111111111111111, sa_flags=SA_RESTART|SA_SIGINFO
SIGTRAP: [libjvm.dylib+0xa7da90], sa_mask[0]=11100110000111110111111111111111, sa_flags=SA_RESTART|SA_SIGINFO


---------------  S Y S T E M  ---------------

OS:uname: Darwin 20.3.0 Darwin Kernel Version 20.3.0: Thu Jan 21 00:07:06 PST 2021; root:xnu-7195.81.3~1/RELEASE_X86_64 x86_64
OS uptime: 0 days 5:39 hours
rlimit (soft/hard): STACK 8192k/65532k , CORE 0k/infinity , NPROC 1392/2088 , NOFILE 10240/infinity , AS infinity/infinity , CPU infinity/infinity , DATA infinity/infinity , FSIZE infinity/infinity , MEMLOCK infinity/infinity , RSS infinity/infinity
load average: 3.55 2.17 2.07

CPU: total 4 (initial active 4) (2 cores per cpu, 2 threads per core) family 6 model 142 stepping 9 microcode 0xde, cx8, cmov, fxsr, ht, mmx, 3dnowpref, sse, sse2, sse3, ssse3, sse4.1, sse4.2, popcnt, lzcnt, tsc, tscinvbit, avx, avx2, aes, erms, clmul, bmi1, bmi2, rtm, adx, fma, vzeroupper, clflush, clflushopt

Memory: 4k page, physical 8388608k(1124008k free), swap 0k(0k free)

vm_info: OpenJDK 64-Bit Server VM (16.0.2+7-67) for bsd-amd64 JRE (16.0.2+7-67), built on Jun  8 2021 22:20:26 by "mach5one" with clang 4.2.1 Compatible Apple LLVM 11.0.0 (clang-1100.0.33.17)

END.
